<?xml version="1.0" encoding="UTF-8" standalone="no"?>
<!DOCTYPE log SYSTEM "logger.dtd">
<log>
<record>
  <date>2019-07-17T19:09:50</date>
  <millis>1563361790097</millis>
  <sequence>0</sequence>
  <level>START</level>
  <class>com.kms.katalon.core.logging.XmlKeywordLogger</class>
  <method>startSuite</method>
  <thread>1</thread>
  <message>Start Test Suite : Test Suites/hr</message>
  <nestedLevel>0</nestedLevel>
  <property name="name">hr</property>
  <property name="description"></property>
  <property name="id">Test Suites/hr</property>
</record>
<record>
  <date>2019-07-17T19:09:50</date>
  <millis>1563361790123</millis>
  <sequence>1</sequence>
  <level>RUN_DATA</level>
  <class>com.kms.katalon.core.logging.XmlKeywordLogger</class>
  <method>logMessage</method>
  <thread>1</thread>
  <message>hostName = BW - 172.16.3.58</message>
  <nestedLevel>0</nestedLevel>
  <property name="hostName">BW - 172.16.3.58</property>
</record>
<record>
  <date>2019-07-17T19:09:50</date>
  <millis>1563361790124</millis>
  <sequence>2</sequence>
  <level>RUN_DATA</level>
  <class>com.kms.katalon.core.logging.XmlKeywordLogger</class>
  <method>logMessage</method>
  <thread>1</thread>
  <message>os = Windows 10 64bit</message>
  <nestedLevel>0</nestedLevel>
  <property name="os">Windows 10 64bit</property>
</record>
<record>
  <date>2019-07-17T19:09:50</date>
  <millis>1563361790125</millis>
  <sequence>3</sequence>
  <level>RUN_DATA</level>
  <class>com.kms.katalon.core.logging.XmlKeywordLogger</class>
  <method>logMessage</method>
  <thread>1</thread>
  <message>hostAddress = 172.16.3.58</message>
  <nestedLevel>0</nestedLevel>
  <property name="hostAddress">172.16.3.58</property>
</record>
<record>
  <date>2019-07-17T19:09:50</date>
  <millis>1563361790127</millis>
  <sequence>4</sequence>
  <level>RUN_DATA</level>
  <class>com.kms.katalon.core.logging.XmlKeywordLogger</class>
  <method>logMessage</method>
  <thread>1</thread>
  <message>katalonVersion = 6.2.1.2</message>
  <nestedLevel>0</nestedLevel>
  <property name="katalonVersion">6.2.1.2</property>
</record>
<record>
  <date>2019-07-17T19:09:50</date>
  <millis>1563361790486</millis>
  <sequence>5</sequence>
  <level>START</level>
  <class>com.kms.katalon.core.logging.XmlKeywordLogger</class>
  <method>startTest</method>
  <thread>1</thread>
  <message>Start Test Case : Test Cases/hr</message>
  <nestedLevel>1</nestedLevel>
  <property name="name">Test Cases/hr</property>
  <property name="description"></property>
  <property name="id">Test Cases/hr</property>
  <property name="source">E:\\TestTools\\KatalonDATA\\TestAPI\\Test Cases\\hr.tc</property>
  <property name="tag"></property>
  <property name="isOptional">false</property>
</record>
<record>
  <date>2019-07-17T19:09:50</date>
  <millis>1563361790540</millis>
  <sequence>7</sequence>
  <level>INFO</level>
  <class>com.kms.katalon.core.logging.XmlKeywordLogger</class>
  <method>logMessage</method>
  <thread>1</thread>
  <message>uid = 42</message>
  <nestedLevel>1</nestedLevel>
</record>
<record>
  <date>2019-07-17T19:09:51</date>
  <millis>1563361791331</millis>
  <sequence>8</sequence>
  <level>START</level>
  <class>com.kms.katalon.core.logging.XmlKeywordLogger</class>
  <method>startKeyword</method>
  <thread>1</thread>
  <message>Start action : RE = sendRequest(findTestObject(\&amp;quot;HR/get-cookie\&amp;quot;, [\&amp;quot;uid\&amp;quot;:uid]))</message>
  <nestedLevel>1</nestedLevel>
  <property name="startLine">21</property>
  <property name="stepIndex">1</property>
</record>
<record>
  <date>2019-07-17T19:09:52</date>
  <millis>1563361792456</millis>
  <sequence>11</sequence>
  <level>INFO</level>
  <class>com.kms.katalon.core.logging.XmlKeywordLogger</class>
  <method>logMessage</method>
  <thread>1</thread>
  <message>HAR: E:\\TestTools\\KatalonDATA\\TestAPI\\Reports\\hr\\20190717_190947\\requests\\main\\0.har</message>
  <nestedLevel>1</nestedLevel>
  <property name="harId">58eeb01e-e50a-4a97-8b00-9070cd70edb5</property>
</record>
<record>
  <date>2019-07-17T19:09:52</date>
  <millis>1563361792619</millis>
  <sequence>12</sequence>
  <level>PASSED</level>
  <class>com.kms.katalon.core.logging.XmlKeywordLogger</class>
  <method>logMessage</method>
  <thread>1</thread>
  <message>Send request successfully</message>
  <nestedLevel>1</nestedLevel>
</record>
<record>
  <date>2019-07-17T19:09:52</date>
  <millis>1563361792620</millis>
  <sequence>13</sequence>
  <level>END</level>
  <class>com.kms.katalon.core.logging.XmlKeywordLogger</class>
  <method>endKeyword</method>
  <thread>1</thread>
  <message>End action : RE = sendRequest(findTestObject(\&amp;quot;HR/get-cookie\&amp;quot;, [\&amp;quot;uid\&amp;quot;:uid]))</message>
  <nestedLevel>1</nestedLevel>
</record>
<record>
  <date>2019-07-17T19:09:52</date>
  <millis>1563361792621</millis>
  <sequence>14</sequence>
  <level>START</level>
  <class>com.kms.katalon.core.logging.XmlKeywordLogger</class>
  <method>startKeyword</method>
  <thread>1</thread>
  <message>Start action : verifyElementPropertyValue(RE, \&amp;quot;d\&amp;quot;, \&amp;quot;SUCCESS\&amp;quot;)</message>
  <nestedLevel>1</nestedLevel>
  <property name="startLine">23</property>
  <property name="stepIndex">2</property>
</record>
<record>
  <date>2019-07-17T19:09:52</date>
  <millis>1563361792715</millis>
  <sequence>16</sequence>
  <level>PASSED</level>
  <class>com.kms.katalon.core.logging.XmlKeywordLogger</class>
  <method>logMessage</method>
  <thread>1</thread>
  <message>Verify element property value successfully</message>
  <nestedLevel>1</nestedLevel>
</record>
<record>
  <date>2019-07-17T19:09:52</date>
  <millis>1563361792717</millis>
  <sequence>17</sequence>
  <level>END</level>
  <class>com.kms.katalon.core.logging.XmlKeywordLogger</class>
  <method>endKeyword</method>
  <thread>1</thread>
  <message>End action : verifyElementPropertyValue(RE, \&amp;quot;d\&amp;quot;, \&amp;quot;SUCCESS\&amp;quot;)</message>
  <nestedLevel>1</nestedLevel>
</record>
<record>
  <date>2019-07-17T19:09:52</date>
  <millis>1563361792721</millis>
  <sequence>18</sequence>
  <level>START</level>
  <class>com.kms.katalon.core.logging.XmlKeywordLogger</class>
  <method>startKeyword</method>
  <thread>1</thread>
  <message>Start action : getCookie(RE)</message>
  <nestedLevel>1</nestedLevel>
  <property name="startLine">25</property>
  <property name="stepIndex">3</property>
</record>
<record>
  <date>2019-07-17T19:09:52</date>
  <millis>1563361792725</millis>
  <sequence>19</sequence>
  <level>END</level>
  <class>com.kms.katalon.core.logging.XmlKeywordLogger</class>
  <method>endKeyword</method>
  <thread>1</thread>
  <message>End action : getCookie(RE)</message>
  <nestedLevel>1</nestedLevel>
</record>
<record>
  <date>2019-07-17T19:09:52</date>
  <millis>1563361792726</millis>
  <sequence>20</sequence>
  <level>START</level>
  <class>com.kms.katalon.core.logging.XmlKeywordLogger</class>
  <method>startKeyword</method>
  <thread>1</thread>
  <message>Start action : rep = headerFields</message>
  <nestedLevel>1</nestedLevel>
  <property name="startLine">32</property>
  <property name="stepIndex">1</property>
</record>
<record>
  <date>2019-07-17T19:09:52</date>
  <millis>1563361792736</millis>
  <sequence>21</sequence>
  <level>END</level>
  <class>com.kms.katalon.core.logging.XmlKeywordLogger</class>
  <method>endKeyword</method>
  <thread>1</thread>
  <message>End action : rep = headerFields</message>
  <nestedLevel>1</nestedLevel>
</record>
<record>
  <date>2019-07-17T19:09:52</date>
  <millis>1563361792736</millis>
  <sequence>22</sequence>
  <level>START</level>
  <class>com.kms.katalon.core.logging.XmlKeywordLogger</class>
  <method>startKeyword</method>
  <thread>1</thread>
  <message>Start action : file = new java.io.File(E://TestTools/KatalonDATA/TestAPI/Data Files/scook.csv)</message>
  <nestedLevel>1</nestedLevel>
  <property name="startLine">34</property>
  <property name="stepIndex">2</property>
</record>
<record>
  <date>2019-07-17T19:09:52</date>
  <millis>1563361792746</millis>
  <sequence>23</sequence>
  <level>END</level>
  <class>com.kms.katalon.core.logging.XmlKeywordLogger</class>
  <method>endKeyword</method>
  <thread>1</thread>
  <message>End action : file = new java.io.File(E://TestTools/KatalonDATA/TestAPI/Data Files/scook.csv)</message>
  <nestedLevel>1</nestedLevel>
</record>
<record>
  <date>2019-07-17T19:09:52</date>
  <millis>1563361792747</millis>
  <sequence>24</sequence>
  <level>START</level>
  <class>com.kms.katalon.core.logging.XmlKeywordLogger</class>
  <method>startKeyword</method>
  <thread>1</thread>
  <message>Start action : out = new java.io.BufferedWriter(new java.io.FileWriter(file))</message>
  <nestedLevel>1</nestedLevel>
  <property name="startLine">36</property>
  <property name="stepIndex">3</property>
</record>
<record>
  <date>2019-07-17T19:09:52</date>
  <millis>1563361792767</millis>
  <sequence>25</sequence>
  <level>END</level>
  <class>com.kms.katalon.core.logging.XmlKeywordLogger</class>
  <method>endKeyword</method>
  <thread>1</thread>
  <message>End action : out = new java.io.BufferedWriter(new java.io.FileWriter(file))</message>
  <nestedLevel>1</nestedLevel>
</record>
<record>
  <date>2019-07-17T19:09:52</date>
  <millis>1563361792770</millis>
  <sequence>26</sequence>
  <level>START</level>
  <class>com.kms.katalon.core.logging.XmlKeywordLogger</class>
  <method>startKeyword</method>
  <thread>1</thread>
  <message>Start action : cok = get(\&amp;quot;Set-Cookie\&amp;quot;)[0].split(\&amp;quot;;\&amp;quot;)[0]</message>
  <nestedLevel>1</nestedLevel>
  <property name="startLine">38</property>
  <property name="stepIndex">4</property>
</record>
<record>
  <date>2019-07-17T19:09:52</date>
  <millis>1563361792824</millis>
  <sequence>27</sequence>
  <level>END</level>
  <class>com.kms.katalon.core.logging.XmlKeywordLogger</class>
  <method>endKeyword</method>
  <thread>1</thread>
  <message>End action : cok = get(\&amp;quot;Set-Cookie\&amp;quot;)[0].split(\&amp;quot;;\&amp;quot;)[0]</message>
  <nestedLevel>1</nestedLevel>
</record>
<record>
  <date>2019-07-17T19:09:52</date>
  <millis>1563361792825</millis>
  <sequence>28</sequence>
  <level>START</level>
  <class>com.kms.katalon.core.logging.XmlKeywordLogger</class>
  <method>startKeyword</method>
  <thread>1</thread>
  <message>Start action : println(\&amp;quot;-----------------------------------------------------------\&amp;quot;)</message>
  <nestedLevel>1</nestedLevel>
  <property name="startLine">40</property>
  <property name="stepIndex">5</property>
</record>
<record>
  <date>2019-07-17T19:09:52</date>
  <millis>1563361792831</millis>
  <sequence>29</sequence>
  <level>END</level>
  <class>com.kms.katalon.core.logging.XmlKeywordLogger</class>
  <method>endKeyword</method>
  <thread>1</thread>
  <message>End action : println(\&amp;quot;-----------------------------------------------------------\&amp;quot;)</message>
  <nestedLevel>1</nestedLevel>
</record>
<record>
  <date>2019-07-17T19:09:52</date>
  <millis>1563361792831</millis>
  <sequence>30</sequence>
  <level>START</level>
  <class>com.kms.katalon.core.logging.XmlKeywordLogger</class>
  <method>startKeyword</method>
  <thread>1</thread>
  <message>Start action : println(cok)</message>
  <nestedLevel>1</nestedLevel>
  <property name="startLine">42</property>
  <property name="stepIndex">6</property>
</record>
<record>
  <date>2019-07-17T19:09:52</date>
  <millis>1563361792833</millis>
  <sequence>31</sequence>
  <level>END</level>
  <class>com.kms.katalon.core.logging.XmlKeywordLogger</class>
  <method>endKeyword</method>
  <thread>1</thread>
  <message>End action : println(cok)</message>
  <nestedLevel>1</nestedLevel>
</record>
<record>
  <date>2019-07-17T19:09:52</date>
  <millis>1563361792833</millis>
  <sequence>32</sequence>
  <level>START</level>
  <class>com.kms.katalon.core.logging.XmlKeywordLogger</class>
  <method>startKeyword</method>
  <thread>1</thread>
  <message>Start action : println(\&amp;quot;-----------------------------------------------------------\&amp;quot;)</message>
  <nestedLevel>1</nestedLevel>
  <property name="startLine">44</property>
  <property name="stepIndex">7</property>
</record>
<record>
  <date>2019-07-17T19:09:52</date>
  <millis>1563361792837</millis>
  <sequence>33</sequence>
  <level>END</level>
  <class>com.kms.katalon.core.logging.XmlKeywordLogger</class>
  <method>endKeyword</method>
  <thread>1</thread>
  <message>End action : println(\&amp;quot;-----------------------------------------------------------\&amp;quot;)</message>
  <nestedLevel>1</nestedLevel>
</record>
<record>
  <date>2019-07-17T19:09:52</date>
  <millis>1563361792837</millis>
  <sequence>34</sequence>
  <level>START</level>
  <class>com.kms.katalon.core.logging.XmlKeywordLogger</class>
  <method>startKeyword</method>
  <thread>1</thread>
  <message>Start action : out.write(cok)</message>
  <nestedLevel>1</nestedLevel>
  <property name="startLine">46</property>
  <property name="stepIndex">8</property>
</record>
<record>
  <date>2019-07-17T19:09:52</date>
  <millis>1563361792844</millis>
  <sequence>35</sequence>
  <level>END</level>
  <class>com.kms.katalon.core.logging.XmlKeywordLogger</class>
  <method>endKeyword</method>
  <thread>1</thread>
  <message>End action : out.write(cok)</message>
  <nestedLevel>1</nestedLevel>
</record>
<record>
  <date>2019-07-17T19:09:52</date>
  <millis>1563361792846</millis>
  <sequence>36</sequence>
  <level>START</level>
  <class>com.kms.katalon.core.logging.XmlKeywordLogger</class>
  <method>startKeyword</method>
  <thread>1</thread>
  <message>Start action : out.flush()</message>
  <nestedLevel>1</nestedLevel>
  <property name="startLine">48</property>
  <property name="stepIndex">9</property>
</record>
<record>
  <date>2019-07-17T19:09:52</date>
  <millis>1563361792855</millis>
  <sequence>37</sequence>
  <level>END</level>
  <class>com.kms.katalon.core.logging.XmlKeywordLogger</class>
  <method>endKeyword</method>
  <thread>1</thread>
  <message>End action : out.flush()</message>
  <nestedLevel>1</nestedLevel>
</record>
<record>
  <date>2019-07-17T19:09:52</date>
  <millis>1563361792855</millis>
  <sequence>38</sequence>
  <level>START</level>
  <class>com.kms.katalon.core.logging.XmlKeywordLogger</class>
  <method>startKeyword</method>
  <thread>1</thread>
  <message>Start action : out.close()</message>
  <nestedLevel>1</nestedLevel>
  <property name="startLine">50</property>
  <property name="stepIndex">10</property>
</record>
<record>
  <date>2019-07-17T19:09:52</date>
  <millis>1563361792865</millis>
  <sequence>39</sequence>
  <level>END</level>
  <class>com.kms.katalon.core.logging.XmlKeywordLogger</class>
  <method>endKeyword</method>
  <thread>1</thread>
  <message>End action : out.close()</message>
  <nestedLevel>1</nestedLevel>
</record>
<record>
  <date>2019-07-17T19:09:52</date>
  <millis>1563361792866</millis>
  <sequence>40</sequence>
  <level>START</level>
  <class>com.kms.katalon.core.logging.XmlKeywordLogger</class>
  <method>startKeyword</method>
  <thread>1</thread>
  <message>Start action : RS = sendRequest(findTestObject(\&amp;quot;HR/jx\&amp;quot;))</message>
  <nestedLevel>1</nestedLevel>
  <property name="startLine">27</property>
  <property name="stepIndex">4</property>
</record>
<record>
  <date>2019-07-17T19:09:53</date>
  <millis>1563361793470</millis>
  <sequence>59</sequence>
  <level>INFO</level>
  <class>com.kms.katalon.core.logging.XmlKeywordLogger</class>
  <method>logMessage</method>
  <thread>1</thread>
  <message>HAR: E:\\TestTools\\KatalonDATA\\TestAPI\\Reports\\hr\\20190717_190947\\requests\\main\\1.har</message>
  <nestedLevel>1</nestedLevel>
  <property name="harId">0fe5f97c-401f-4c70-9519-dc1fce439e95</property>
</record>
<record>
  <date>2019-07-17T19:09:53</date>
  <millis>1563361793473</millis>
  <sequence>60</sequence>
  <level>PASSED</level>
  <class>com.kms.katalon.core.logging.XmlKeywordLogger</class>
  <method>logMessage</method>
  <thread>1</thread>
  <message>Send request successfully</message>
  <nestedLevel>1</nestedLevel>
</record>
<record>
  <date>2019-07-17T19:09:53</date>
  <millis>1563361793474</millis>
  <sequence>61</sequence>
  <level>END</level>
  <class>com.kms.katalon.core.logging.XmlKeywordLogger</class>
  <method>endKeyword</method>
  <thread>1</thread>
  <message>End action : RS = sendRequest(findTestObject(\&amp;quot;HR/jx\&amp;quot;))</message>
  <nestedLevel>1</nestedLevel>
</record>
<record>
  <date>2019-07-17T19:09:53</date>
  <millis>1563361793475</millis>
  <sequence>62</sequence>
  <level>START</level>
  <class>com.kms.katalon.core.logging.XmlKeywordLogger</class>
  <method>startKeyword</method>
  <thread>1</thread>
  <message>Start action : verifyElementPropertyValue(RS, \&amp;quot;d.userName\&amp;quot;, \&amp;quot;\u66F9\u4E1C\&amp;quot;)</message>
  <nestedLevel>1</nestedLevel>
  <property name="startLine">29</property>
  <property name="stepIndex">5</property>
</record>
<record>
  <date>2019-07-17T19:09:53</date>
  <millis>1563361793495</millis>
  <sequence>64</sequence>
  <level>PASSED</level>
  <class>com.kms.katalon.core.logging.XmlKeywordLogger</class>
  <method>logMessage</method>
  <thread>1</thread>
  <message>Verify element property value successfully</message>
  <nestedLevel>1</nestedLevel>
</record>
<record>
  <date>2019-07-17T19:09:53</date>
  <millis>1563361793496</millis>
  <sequence>65</sequence>
  <level>END</level>
  <class>com.kms.katalon.core.logging.XmlKeywordLogger</class>
  <method>endKeyword</method>
  <thread>1</thread>
  <message>End action : verifyElementPropertyValue(RS, \&amp;quot;d.userName\&amp;quot;, \&amp;quot;\u66F9\u4E1C\&amp;quot;)</message>
  <nestedLevel>1</nestedLevel>
</record>
<record>
  <date>2019-07-17T19:09:53</date>
  <millis>1563361793496</millis>
  <sequence>66</sequence>
  <level>PASSED</level>
  <class>com.kms.katalon.core.logging.XmlKeywordLogger</class>
  <method>logMessage</method>
  <thread>1</thread>
  <message>Test Cases/hr</message>
  <nestedLevel>1</nestedLevel>
</record>
<record>
  <date>2019-07-17T19:09:53</date>
  <millis>1563361793497</millis>
  <sequence>67</sequence>
  <level>END</level>
  <class>com.kms.katalon.core.logging.XmlKeywordLogger</class>
  <method>endTest</method>
  <thread>1</thread>
  <message>End Test Case : Test Cases/hr</message>
  <nestedLevel>0</nestedLevel>
</record>
<record>
  <date>2019-07-17T19:09:53</date>
  <millis>1563361793503</millis>
  <sequence>68</sequence>
  <level>START</level>
  <class>com.kms.katalon.core.logging.XmlKeywordLogger</class>
  <method>startTest</method>
  <thread>1</thread>
  <message>Start Test Case : Test Cases/hr</message>
  <nestedLevel>1</nestedLevel>
  <property name="name">Test Cases/hr</property>
  <property name="description"></property>
  <property name="id">Test Cases/hr</property>
  <property name="source">E:\\TestTools\\KatalonDATA\\TestAPI\\Test Cases\\hr.tc</property>
  <property name="tag"></property>
  <property name="isOptional">false</property>
</record>
<record>
  <date>2019-07-17T19:09:53</date>
  <millis>1563361793515</millis>
  <sequence>70</sequence>
  <level>INFO</level>
  <class>com.kms.katalon.core.logging.XmlKeywordLogger</class>
  <method>logMessage</method>
  <thread>1</thread>
  <message>uid = 3</message>
  <nestedLevel>1</nestedLevel>
</record>
<record>
  <date>2019-07-17T19:09:53</date>
  <millis>1563361793519</millis>
  <sequence>71</sequence>
  <level>START</level>
  <class>com.kms.katalon.core.logging.XmlKeywordLogger</class>
  <method>startKeyword</method>
  <thread>1</thread>
  <message>Start action : RE = sendRequest(findTestObject(\&amp;quot;HR/get-cookie\&amp;quot;, [\&amp;quot;uid\&amp;quot;:uid]))</message>
  <nestedLevel>1</nestedLevel>
  <property name="startLine">21</property>
  <property name="stepIndex">1</property>
</record>
<record>
  <date>2019-07-17T19:09:53</date>
  <millis>1563361793586</millis>
  <sequence>74</sequence>
  <level>INFO</level>
  <class>com.kms.katalon.core.logging.XmlKeywordLogger</class>
  <method>logMessage</method>
  <thread>1</thread>
  <message>HAR: E:\\TestTools\\KatalonDATA\\TestAPI\\Reports\\hr\\20190717_190947\\requests\\main\\2.har</message>
  <nestedLevel>1</nestedLevel>
  <property name="harId">5504c0b2-088c-4c8c-9271-7f78a09e70ff</property>
</record>
<record>
  <date>2019-07-17T19:09:53</date>
  <millis>1563361793589</millis>
  <sequence>75</sequence>
  <level>PASSED</level>
  <class>com.kms.katalon.core.logging.XmlKeywordLogger</class>
  <method>logMessage</method>
  <thread>1</thread>
  <message>Send request successfully</message>
  <nestedLevel>1</nestedLevel>
</record>
<record>
  <date>2019-07-17T19:09:53</date>
  <millis>1563361793590</millis>
  <sequence>76</sequence>
  <level>END</level>
  <class>com.kms.katalon.core.logging.XmlKeywordLogger</class>
  <method>endKeyword</method>
  <thread>1</thread>
  <message>End action : RE = sendRequest(findTestObject(\&amp;quot;HR/get-cookie\&amp;quot;, [\&amp;quot;uid\&amp;quot;:uid]))</message>
  <nestedLevel>1</nestedLevel>
</record>
<record>
  <date>2019-07-17T19:09:53</date>
  <millis>1563361793590</millis>
  <sequence>77</sequence>
  <level>START</level>
  <class>com.kms.katalon.core.logging.XmlKeywordLogger</class>
  <method>startKeyword</method>
  <thread>1</thread>
  <message>Start action : verifyElementPropertyValue(RE, \&amp;quot;d\&amp;quot;, \&amp;quot;SUCCESS\&amp;quot;)</message>
  <nestedLevel>1</nestedLevel>
  <property name="startLine">23</property>
  <property name="stepIndex">2</property>
</record>
<record>
  <date>2019-07-17T19:09:53</date>
  <millis>1563361793613</millis>
  <sequence>79</sequence>
  <level>PASSED</level>
  <class>com.kms.katalon.core.logging.XmlKeywordLogger</class>
  <method>logMessage</method>
  <thread>1</thread>
  <message>Verify element property value successfully</message>
  <nestedLevel>1</nestedLevel>
</record>
<record>
  <date>2019-07-17T19:09:53</date>
  <millis>1563361793614</millis>
  <sequence>80</sequence>
  <level>END</level>
  <class>com.kms.katalon.core.logging.XmlKeywordLogger</class>
  <method>endKeyword</method>
  <thread>1</thread>
  <message>End action : verifyElementPropertyValue(RE, \&amp;quot;d\&amp;quot;, \&amp;quot;SUCCESS\&amp;quot;)</message>
  <nestedLevel>1</nestedLevel>
</record>
<record>
  <date>2019-07-17T19:09:53</date>
  <millis>1563361793614</millis>
  <sequence>81</sequence>
  <level>START</level>
  <class>com.kms.katalon.core.logging.XmlKeywordLogger</class>
  <method>startKeyword</method>
  <thread>1</thread>
  <message>Start action : getCookie(RE)</message>
  <nestedLevel>1</nestedLevel>
  <property name="startLine">25</property>
  <property name="stepIndex">3</property>
</record>
<record>
  <date>2019-07-17T19:09:53</date>
  <millis>1563361793615</millis>
  <sequence>82</sequence>
  <level>END</level>
  <class>com.kms.katalon.core.logging.XmlKeywordLogger</class>
  <method>endKeyword</method>
  <thread>1</thread>
  <message>End action : getCookie(RE)</message>
  <nestedLevel>1</nestedLevel>
</record>
<record>
  <date>2019-07-17T19:09:53</date>
  <millis>1563361793615</millis>
  <sequence>83</sequence>
  <level>START</level>
  <class>com.kms.katalon.core.logging.XmlKeywordLogger</class>
  <method>startKeyword</method>
  <thread>1</thread>
  <message>Start action : rep = headerFields</message>
  <nestedLevel>1</nestedLevel>
  <property name="startLine">32</property>
  <property name="stepIndex">1</property>
</record>
<record>
  <date>2019-07-17T19:09:53</date>
  <millis>1563361793616</millis>
  <sequence>84</sequence>
  <level>END</level>
  <class>com.kms.katalon.core.logging.XmlKeywordLogger</class>
  <method>endKeyword</method>
  <thread>1</thread>
  <message>End action : rep = headerFields</message>
  <nestedLevel>1</nestedLevel>
</record>
<record>
  <date>2019-07-17T19:09:53</date>
  <millis>1563361793616</millis>
  <sequence>85</sequence>
  <level>START</level>
  <class>com.kms.katalon.core.logging.XmlKeywordLogger</class>
  <method>startKeyword</method>
  <thread>1</thread>
  <message>Start action : file = new java.io.File(E://TestTools/KatalonDATA/TestAPI/Data Files/scook.csv)</message>
  <nestedLevel>1</nestedLevel>
  <property name="startLine">34</property>
  <property name="stepIndex">2</property>
</record>
<record>
  <date>2019-07-17T19:09:53</date>
  <millis>1563361793618</millis>
  <sequence>86</sequence>
  <level>END</level>
  <class>com.kms.katalon.core.logging.XmlKeywordLogger</class>
  <method>endKeyword</method>
  <thread>1</thread>
  <message>End action : file = new java.io.File(E://TestTools/KatalonDATA/TestAPI/Data Files/scook.csv)</message>
  <nestedLevel>1</nestedLevel>
</record>
<record>
  <date>2019-07-17T19:09:53</date>
  <millis>1563361793619</millis>
  <sequence>87</sequence>
  <level>START</level>
  <class>com.kms.katalon.core.logging.XmlKeywordLogger</class>
  <method>startKeyword</method>
  <thread>1</thread>
  <message>Start action : out = new java.io.BufferedWriter(new java.io.FileWriter(file))</message>
  <nestedLevel>1</nestedLevel>
  <property name="startLine">36</property>
  <property name="stepIndex">3</property>
</record>
<record>
  <date>2019-07-17T19:09:53</date>
  <millis>1563361793621</millis>
  <sequence>88</sequence>
  <level>END</level>
  <class>com.kms.katalon.core.logging.XmlKeywordLogger</class>
  <method>endKeyword</method>
  <thread>1</thread>
  <message>End action : out = new java.io.BufferedWriter(new java.io.FileWriter(file))</message>
  <nestedLevel>1</nestedLevel>
</record>
<record>
  <date>2019-07-17T19:09:53</date>
  <millis>1563361793621</millis>
  <sequence>89</sequence>
  <level>START</level>
  <class>com.kms.katalon.core.logging.XmlKeywordLogger</class>
  <method>startKeyword</method>
  <thread>1</thread>
  <message>Start action : cok = get(\&amp;quot;Set-Cookie\&amp;quot;)[0].split(\&amp;quot;;\&amp;quot;)[0]</message>
  <nestedLevel>1</nestedLevel>
  <property name="startLine">38</property>
  <property name="stepIndex">4</property>
</record>
<record>
  <date>2019-07-17T19:09:53</date>
  <millis>1563361793623</millis>
  <sequence>90</sequence>
  <level>END</level>
  <class>com.kms.katalon.core.logging.XmlKeywordLogger</class>
  <method>endKeyword</method>
  <thread>1</thread>
  <message>End action : cok = get(\&amp;quot;Set-Cookie\&amp;quot;)[0].split(\&amp;quot;;\&amp;quot;)[0]</message>
  <nestedLevel>1</nestedLevel>
</record>
<record>
  <date>2019-07-17T19:09:53</date>
  <millis>1563361793623</millis>
  <sequence>91</sequence>
  <level>START</level>
  <class>com.kms.katalon.core.logging.XmlKeywordLogger</class>
  <method>startKeyword</method>
  <thread>1</thread>
  <message>Start action : println(\&amp;quot;-----------------------------------------------------------\&amp;quot;)</message>
  <nestedLevel>1</nestedLevel>
  <property name="startLine">40</property>
  <property name="stepIndex">5</property>
</record>
<record>
  <date>2019-07-17T19:09:53</date>
  <millis>1563361793624</millis>
  <sequence>92</sequence>
  <level>END</level>
  <class>com.kms.katalon.core.logging.XmlKeywordLogger</class>
  <method>endKeyword</method>
  <thread>1</thread>
  <message>End action : println(\&amp;quot;-----------------------------------------------------------\&amp;quot;)</message>
  <nestedLevel>1</nestedLevel>
</record>
<record>
  <date>2019-07-17T19:09:53</date>
  <millis>1563361793624</millis>
  <sequence>93</sequence>
  <level>START</level>
  <class>com.kms.katalon.core.logging.XmlKeywordLogger</class>
  <method>startKeyword</method>
  <thread>1</thread>
  <message>Start action : println(cok)</message>
  <nestedLevel>1</nestedLevel>
  <property name="startLine">42</property>
  <property name="stepIndex">6</property>
</record>
<record>
  <date>2019-07-17T19:09:53</date>
  <millis>1563361793625</millis>
  <sequence>94</sequence>
  <level>END</level>
  <class>com.kms.katalon.core.logging.XmlKeywordLogger</class>
  <method>endKeyword</method>
  <thread>1</thread>
  <message>End action : println(cok)</message>
  <nestedLevel>1</nestedLevel>
</record>
<record>
  <date>2019-07-17T19:09:53</date>
  <millis>1563361793626</millis>
  <sequence>95</sequence>
  <level>START</level>
  <class>com.kms.katalon.core.logging.XmlKeywordLogger</class>
  <method>startKeyword</method>
  <thread>1</thread>
  <message>Start action : println(\&amp;quot;-----------------------------------------------------------\&amp;quot;)</message>
  <nestedLevel>1</nestedLevel>
  <property name="startLine">44</property>
  <property name="stepIndex">7</property>
</record>
<record>
  <date>2019-07-17T19:09:53</date>
  <millis>1563361793626</millis>
  <sequence>96</sequence>
  <level>END</level>
  <class>com.kms.katalon.core.logging.XmlKeywordLogger</class>
  <method>endKeyword</method>
  <thread>1</thread>
  <message>End action : println(\&amp;quot;-----------------------------------------------------------\&amp;quot;)</message>
  <nestedLevel>1</nestedLevel>
</record>
<record>
  <date>2019-07-17T19:09:53</date>
  <millis>1563361793627</millis>
  <sequence>97</sequence>
  <level>START</level>
  <class>com.kms.katalon.core.logging.XmlKeywordLogger</class>
  <method>startKeyword</method>
  <thread>1</thread>
  <message>Start action : out.write(cok)</message>
  <nestedLevel>1</nestedLevel>
  <property name="startLine">46</property>
  <property name="stepIndex">8</property>
</record>
<record>
  <date>2019-07-17T19:09:53</date>
  <millis>1563361793628</millis>
  <sequence>98</sequence>
  <level>END</level>
  <class>com.kms.katalon.core.logging.XmlKeywordLogger</class>
  <method>endKeyword</method>
  <thread>1</thread>
  <message>End action : out.write(cok)</message>
  <nestedLevel>1</nestedLevel>
</record>
<record>
  <date>2019-07-17T19:09:53</date>
  <millis>1563361793628</millis>
  <sequence>99</sequence>
  <level>START</level>
  <class>com.kms.katalon.core.logging.XmlKeywordLogger</class>
  <method>startKeyword</method>
  <thread>1</thread>
  <message>Start action : out.flush()</message>
  <nestedLevel>1</nestedLevel>
  <property name="startLine">48</property>
  <property name="stepIndex">9</property>
</record>
<record>
  <date>2019-07-17T19:09:53</date>
  <millis>1563361793629</millis>
  <sequence>100</sequence>
  <level>END</level>
  <class>com.kms.katalon.core.logging.XmlKeywordLogger</class>
  <method>endKeyword</method>
  <thread>1</thread>
  <message>End action : out.flush()</message>
  <nestedLevel>1</nestedLevel>
</record>
<record>
  <date>2019-07-17T19:09:53</date>
  <millis>1563361793629</millis>
  <sequence>101</sequence>
  <level>START</level>
  <class>com.kms.katalon.core.logging.XmlKeywordLogger</class>
  <method>startKeyword</method>
  <thread>1</thread>
  <message>Start action : out.close()</message>
  <nestedLevel>1</nestedLevel>
  <property name="startLine">50</property>
  <property name="stepIndex">10</property>
</record>
<record>
  <date>2019-07-17T19:09:53</date>
  <millis>1563361793630</millis>
  <sequence>102</sequence>
  <level>END</level>
  <class>com.kms.katalon.core.logging.XmlKeywordLogger</class>
  <method>endKeyword</method>
  <thread>1</thread>
  <message>End action : out.close()</message>
  <nestedLevel>1</nestedLevel>
</record>
<record>
  <date>2019-07-17T19:09:53</date>
  <millis>1563361793631</millis>
  <sequence>103</sequence>
  <level>START</level>
  <class>com.kms.katalon.core.logging.XmlKeywordLogger</class>
  <method>startKeyword</method>
  <thread>1</thread>
  <message>Start action : RS = sendRequest(findTestObject(\&amp;quot;HR/jx\&amp;quot;))</message>
  <nestedLevel>1</nestedLevel>
  <property name="startLine">27</property>
  <property name="stepIndex">4</property>
</record>
<record>
  <date>2019-07-17T19:09:53</date>
  <millis>1563361793844</millis>
  <sequence>106</sequence>
  <level>INFO</level>
  <class>com.kms.katalon.core.logging.XmlKeywordLogger</class>
  <method>logMessage</method>
  <thread>1</thread>
  <message>HAR: E:\\TestTools\\KatalonDATA\\TestAPI\\Reports\\hr\\20190717_190947\\requests\\main\\3.har</message>
  <nestedLevel>1</nestedLevel>
  <property name="harId">4b0d49e7-6a97-4165-aad4-c47559e85eee</property>
</record>
<record>
  <date>2019-07-17T19:09:53</date>
  <millis>1563361793847</millis>
  <sequence>107</sequence>
  <level>PASSED</level>
  <class>com.kms.katalon.core.logging.XmlKeywordLogger</class>
  <method>logMessage</method>
  <thread>1</thread>
  <message>Send request successfully</message>
  <nestedLevel>1</nestedLevel>
</record>
<record>
  <date>2019-07-17T19:09:53</date>
  <millis>1563361793847</millis>
  <sequence>108</sequence>
  <level>END</level>
  <class>com.kms.katalon.core.logging.XmlKeywordLogger</class>
  <method>endKeyword</method>
  <thread>1</thread>
  <message>End action : RS = sendRequest(findTestObject(\&amp;quot;HR/jx\&amp;quot;))</message>
  <nestedLevel>1</nestedLevel>
</record>
<record>
  <date>2019-07-17T19:09:53</date>
  <millis>1563361793848</millis>
  <sequence>109</sequence>
  <level>START</level>
  <class>com.kms.katalon.core.logging.XmlKeywordLogger</class>
  <method>startKeyword</method>
  <thread>1</thread>
  <message>Start action : verifyElementPropertyValue(RS, \&amp;quot;d.userName\&amp;quot;, \&amp;quot;\u66F9\u4E1C\&amp;quot;)</message>
  <nestedLevel>1</nestedLevel>
  <property name="startLine">29</property>
  <property name="stepIndex">5</property>
</record>
<record>
  <date>2019-07-17T19:09:53</date>
  <millis>1563361793869</millis>
  <sequence>111</sequence>
  <level>PASSED</level>
  <class>com.kms.katalon.core.logging.XmlKeywordLogger</class>
  <method>logMessage</method>
  <thread>1</thread>
  <message>Verify element property value successfully</message>
  <nestedLevel>1</nestedLevel>
</record>
<record>
  <date>2019-07-17T19:09:53</date>
  <millis>1563361793870</millis>
  <sequence>112</sequence>
  <level>END</level>
  <class>com.kms.katalon.core.logging.XmlKeywordLogger</class>
  <method>endKeyword</method>
  <thread>1</thread>
  <message>End action : verifyElementPropertyValue(RS, \&amp;quot;d.userName\&amp;quot;, \&amp;quot;\u66F9\u4E1C\&amp;quot;)</message>
  <nestedLevel>1</nestedLevel>
</record>
<record>
  <date>2019-07-17T19:09:53</date>
  <millis>1563361793871</millis>
  <sequence>113</sequence>
  <level>PASSED</level>
  <class>com.kms.katalon.core.logging.XmlKeywordLogger</class>
  <method>logMessage</method>
  <thread>1</thread>
  <message>Test Cases/hr</message>
  <nestedLevel>1</nestedLevel>
</record>
<record>
  <date>2019-07-17T19:09:53</date>
  <millis>1563361793871</millis>
  <sequence>114</sequence>
  <level>END</level>
  <class>com.kms.katalon.core.logging.XmlKeywordLogger</class>
  <method>endTest</method>
  <thread>1</thread>
  <message>End Test Case : Test Cases/hr</message>
  <nestedLevel>0</nestedLevel>
</record>
<record>
  <date>2019-07-17T19:09:53</date>
  <millis>1563361793875</millis>
  <sequence>115</sequence>
  <level>START</level>
  <class>com.kms.katalon.core.logging.XmlKeywordLogger</class>
  <method>startTest</method>
  <thread>1</thread>
  <message>Start Test Case : Test Cases/hr</message>
  <nestedLevel>1</nestedLevel>
  <property name="name">Test Cases/hr</property>
  <property name="description"></property>
  <property name="id">Test Cases/hr</property>
  <property name="source">E:\\TestTools\\KatalonDATA\\TestAPI\\Test Cases\\hr.tc</property>
  <property name="tag"></property>
  <property name="isOptional">false</property>
</record>
<record>
  <date>2019-07-17T19:09:53</date>
  <millis>1563361793895</millis>
  <sequence>117</sequence>
  <level>INFO</level>
  <class>com.kms.katalon.core.logging.XmlKeywordLogger</class>
  <method>logMessage</method>
  <thread>1</thread>
  <message>uid = 526</message>
  <nestedLevel>1</nestedLevel>
</record>
<record>
  <date>2019-07-17T19:09:53</date>
  <millis>1563361793897</millis>
  <sequence>118</sequence>
  <level>START</level>
  <class>com.kms.katalon.core.logging.XmlKeywordLogger</class>
  <method>startKeyword</method>
  <thread>1</thread>
  <message>Start action : RE = sendRequest(findTestObject(\&amp;quot;HR/get-cookie\&amp;quot;, [\&amp;quot;uid\&amp;quot;:uid]))</message>
  <nestedLevel>1</nestedLevel>
  <property name="startLine">21</property>
  <property name="stepIndex">1</property>
</record>
<record>
  <date>2019-07-17T19:09:53</date>
  <millis>1563361793942</millis>
  <sequence>121</sequence>
  <level>INFO</level>
  <class>com.kms.katalon.core.logging.XmlKeywordLogger</class>
  <method>logMessage</method>
  <thread>1</thread>
  <message>HAR: E:\\TestTools\\KatalonDATA\\TestAPI\\Reports\\hr\\20190717_190947\\requests\\main\\4.har</message>
  <nestedLevel>1</nestedLevel>
  <property name="harId">446b260e-1b44-464c-a531-9f458b330f8d</property>
</record>
<record>
  <date>2019-07-17T19:09:53</date>
  <millis>1563361793944</millis>
  <sequence>122</sequence>
  <level>PASSED</level>
  <class>com.kms.katalon.core.logging.XmlKeywordLogger</class>
  <method>logMessage</method>
  <thread>1</thread>
  <message>Send request successfully</message>
  <nestedLevel>1</nestedLevel>
</record>
<record>
  <date>2019-07-17T19:09:53</date>
  <millis>1563361793946</millis>
  <sequence>123</sequence>
  <level>END</level>
  <class>com.kms.katalon.core.logging.XmlKeywordLogger</class>
  <method>endKeyword</method>
  <thread>1</thread>
  <message>End action : RE = sendRequest(findTestObject(\&amp;quot;HR/get-cookie\&amp;quot;, [\&amp;quot;uid\&amp;quot;:uid]))</message>
  <nestedLevel>1</nestedLevel>
</record>
<record>
  <date>2019-07-17T19:09:53</date>
  <millis>1563361793946</millis>
  <sequence>124</sequence>
  <level>START</level>
  <class>com.kms.katalon.core.logging.XmlKeywordLogger</class>
  <method>startKeyword</method>
  <thread>1</thread>
  <message>Start action : verifyElementPropertyValue(RE, \&amp;quot;d\&amp;quot;, \&amp;quot;SUCCESS\&amp;quot;)</message>
  <nestedLevel>1</nestedLevel>
  <property name="startLine">23</property>
  <property name="stepIndex">2</property>
</record>
<record>
  <date>2019-07-17T19:09:53</date>
  <millis>1563361793967</millis>
  <sequence>126</sequence>
  <level>PASSED</level>
  <class>com.kms.katalon.core.logging.XmlKeywordLogger</class>
  <method>logMessage</method>
  <thread>1</thread>
  <message>Verify element property value successfully</message>
  <nestedLevel>1</nestedLevel>
</record>
<record>
  <date>2019-07-17T19:09:53</date>
  <millis>1563361793968</millis>
  <sequence>127</sequence>
  <level>END</level>
  <class>com.kms.katalon.core.logging.XmlKeywordLogger</class>
  <method>endKeyword</method>
  <thread>1</thread>
  <message>End action : verifyElementPropertyValue(RE, \&amp;quot;d\&amp;quot;, \&amp;quot;SUCCESS\&amp;quot;)</message>
  <nestedLevel>1</nestedLevel>
</record>
<record>
  <date>2019-07-17T19:09:53</date>
  <millis>1563361793968</millis>
  <sequence>128</sequence>
  <level>START</level>
  <class>com.kms.katalon.core.logging.XmlKeywordLogger</class>
  <method>startKeyword</method>
  <thread>1</thread>
  <message>Start action : getCookie(RE)</message>
  <nestedLevel>1</nestedLevel>
  <property name="startLine">25</property>
  <property name="stepIndex">3</property>
</record>
<record>
  <date>2019-07-17T19:09:53</date>
  <millis>1563361793969</millis>
  <sequence>129</sequence>
  <level>END</level>
  <class>com.kms.katalon.core.logging.XmlKeywordLogger</class>
  <method>endKeyword</method>
  <thread>1</thread>
  <message>End action : getCookie(RE)</message>
  <nestedLevel>1</nestedLevel>
</record>
<record>
  <date>2019-07-17T19:09:53</date>
  <millis>1563361793969</millis>
  <sequence>130</sequence>
  <level>START</level>
  <class>com.kms.katalon.core.logging.XmlKeywordLogger</class>
  <method>startKeyword</method>
  <thread>1</thread>
  <message>Start action : rep = headerFields</message>
  <nestedLevel>1</nestedLevel>
  <property name="startLine">32</property>
  <property name="stepIndex">1</property>
</record>
<record>
  <date>2019-07-17T19:09:53</date>
  <millis>1563361793970</millis>
  <sequence>131</sequence>
  <level>END</level>
  <class>com.kms.katalon.core.logging.XmlKeywordLogger</class>
  <method>endKeyword</method>
  <thread>1</thread>
  <message>End action : rep = headerFields</message>
  <nestedLevel>1</nestedLevel>
</record>
<record>
  <date>2019-07-17T19:09:53</date>
  <millis>1563361793970</millis>
  <sequence>132</sequence>
  <level>START</level>
  <class>com.kms.katalon.core.logging.XmlKeywordLogger</class>
  <method>startKeyword</method>
  <thread>1</thread>
  <message>Start action : file = new java.io.File(E://TestTools/KatalonDATA/TestAPI/Data Files/scook.csv)</message>
  <nestedLevel>1</nestedLevel>
  <property name="startLine">34</property>
  <property name="stepIndex">2</property>
</record>
<record>
  <date>2019-07-17T19:09:53</date>
  <millis>1563361793971</millis>
  <sequence>133</sequence>
  <level>END</level>
  <class>com.kms.katalon.core.logging.XmlKeywordLogger</class>
  <method>endKeyword</method>
  <thread>1</thread>
  <message>End action : file = new java.io.File(E://TestTools/KatalonDATA/TestAPI/Data Files/scook.csv)</message>
  <nestedLevel>1</nestedLevel>
</record>
<record>
  <date>2019-07-17T19:09:53</date>
  <millis>1563361793971</millis>
  <sequence>134</sequence>
  <level>START</level>
  <class>com.kms.katalon.core.logging.XmlKeywordLogger</class>
  <method>startKeyword</method>
  <thread>1</thread>
  <message>Start action : out = new java.io.BufferedWriter(new java.io.FileWriter(file))</message>
  <nestedLevel>1</nestedLevel>
  <property name="startLine">36</property>
  <property name="stepIndex">3</property>
</record>
<record>
  <date>2019-07-17T19:09:53</date>
  <millis>1563361793973</millis>
  <sequence>135</sequence>
  <level>END</level>
  <class>com.kms.katalon.core.logging.XmlKeywordLogger</class>
  <method>endKeyword</method>
  <thread>1</thread>
  <message>End action : out = new java.io.BufferedWriter(new java.io.FileWriter(file))</message>
  <nestedLevel>1</nestedLevel>
</record>
<record>
  <date>2019-07-17T19:09:53</date>
  <millis>1563361793973</millis>
  <sequence>136</sequence>
  <level>START</level>
  <class>com.kms.katalon.core.logging.XmlKeywordLogger</class>
  <method>startKeyword</method>
  <thread>1</thread>
  <message>Start action : cok = get(\&amp;quot;Set-Cookie\&amp;quot;)[0].split(\&amp;quot;;\&amp;quot;)[0]</message>
  <nestedLevel>1</nestedLevel>
  <property name="startLine">38</property>
  <property name="stepIndex">4</property>
</record>
<record>
  <date>2019-07-17T19:09:53</date>
  <millis>1563361793975</millis>
  <sequence>137</sequence>
  <level>END</level>
  <class>com.kms.katalon.core.logging.XmlKeywordLogger</class>
  <method>endKeyword</method>
  <thread>1</thread>
  <message>End action : cok = get(\&amp;quot;Set-Cookie\&amp;quot;)[0].split(\&amp;quot;;\&amp;quot;)[0]</message>
  <nestedLevel>1</nestedLevel>
</record>
<record>
  <date>2019-07-17T19:09:53</date>
  <millis>1563361793975</millis>
  <sequence>138</sequence>
  <level>START</level>
  <class>com.kms.katalon.core.logging.XmlKeywordLogger</class>
  <method>startKeyword</method>
  <thread>1</thread>
  <message>Start action : println(\&amp;quot;-----------------------------------------------------------\&amp;quot;)</message>
  <nestedLevel>1</nestedLevel>
  <property name="startLine">40</property>
  <property name="stepIndex">5</property>
</record>
<record>
  <date>2019-07-17T19:09:53</date>
  <millis>1563361793977</millis>
  <sequence>139</sequence>
  <level>END</level>
  <class>com.kms.katalon.core.logging.XmlKeywordLogger</class>
  <method>endKeyword</method>
  <thread>1</thread>
  <message>End action : println(\&amp;quot;-----------------------------------------------------------\&amp;quot;)</message>
  <nestedLevel>1</nestedLevel>
</record>
<record>
  <date>2019-07-17T19:09:53</date>
  <millis>1563361793977</millis>
  <sequence>140</sequence>
  <level>START</level>
  <class>com.kms.katalon.core.logging.XmlKeywordLogger</class>
  <method>startKeyword</method>
  <thread>1</thread>
  <message>Start action : println(cok)</message>
  <nestedLevel>1</nestedLevel>
  <property name="startLine">42</property>
  <property name="stepIndex">6</property>
</record>
<record>
  <date>2019-07-17T19:09:53</date>
  <millis>1563361793979</millis>
  <sequence>141</sequence>
  <level>END</level>
  <class>com.kms.katalon.core.logging.XmlKeywordLogger</class>
  <method>endKeyword</method>
  <thread>1</thread>
  <message>End action : println(cok)</message>
  <nestedLevel>1</nestedLevel>
</record>
<record>
  <date>2019-07-17T19:09:53</date>
  <millis>1563361793981</millis>
  <sequence>142</sequence>
  <level>START</level>
  <class>com.kms.katalon.core.logging.XmlKeywordLogger</class>
  <method>startKeyword</method>
  <thread>1</thread>
  <message>Start action : println(\&amp;quot;-----------------------------------------------------------\&amp;quot;)</message>
  <nestedLevel>1</nestedLevel>
  <property name="startLine">44</property>
  <property name="stepIndex">7</property>
</record>
<record>
  <date>2019-07-17T19:09:53</date>
  <millis>1563361793983</millis>
  <sequence>143</sequence>
  <level>END</level>
  <class>com.kms.katalon.core.logging.XmlKeywordLogger</class>
  <method>endKeyword</method>
  <thread>1</thread>
  <message>End action : println(\&amp;quot;-----------------------------------------------------------\&amp;quot;)</message>
  <nestedLevel>1</nestedLevel>
</record>
<record>
  <date>2019-07-17T19:09:53</date>
  <millis>1563361793984</millis>
  <sequence>144</sequence>
  <level>START</level>
  <class>com.kms.katalon.core.logging.XmlKeywordLogger</class>
  <method>startKeyword</method>
  <thread>1</thread>
  <message>Start action : out.write(cok)</message>
  <nestedLevel>1</nestedLevel>
  <property name="startLine">46</property>
  <property name="stepIndex">8</property>
</record>
<record>
  <date>2019-07-17T19:09:53</date>
  <millis>1563361793985</millis>
  <sequence>145</sequence>
  <level>END</level>
  <class>com.kms.katalon.core.logging.XmlKeywordLogger</class>
  <method>endKeyword</method>
  <thread>1</thread>
  <message>End action : out.write(cok)</message>
  <nestedLevel>1</nestedLevel>
</record>
<record>
  <date>2019-07-17T19:09:53</date>
  <millis>1563361793985</millis>
  <sequence>146</sequence>
  <level>START</level>
  <class>com.kms.katalon.core.logging.XmlKeywordLogger</class>
  <method>startKeyword</method>
  <thread>1</thread>
  <message>Start action : out.flush()</message>
  <nestedLevel>1</nestedLevel>
  <property name="startLine">48</property>
  <property name="stepIndex">9</property>
</record>
<record>
  <date>2019-07-17T19:09:53</date>
  <millis>1563361793986</millis>
  <sequence>147</sequence>
  <level>END</level>
  <class>com.kms.katalon.core.logging.XmlKeywordLogger</class>
  <method>endKeyword</method>
  <thread>1</thread>
  <message>End action : out.flush()</message>
  <nestedLevel>1</nestedLevel>
</record>
<record>
  <date>2019-07-17T19:09:53</date>
  <millis>1563361793987</millis>
  <sequence>148</sequence>
  <level>START</level>
  <class>com.kms.katalon.core.logging.XmlKeywordLogger</class>
  <method>startKeyword</method>
  <thread>1</thread>
  <message>Start action : out.close()</message>
  <nestedLevel>1</nestedLevel>
  <property name="startLine">50</property>
  <property name="stepIndex">10</property>
</record>
<record>
  <date>2019-07-17T19:09:53</date>
  <millis>1563361793988</millis>
  <sequence>149</sequence>
  <level>END</level>
  <class>com.kms.katalon.core.logging.XmlKeywordLogger</class>
  <method>endKeyword</method>
  <thread>1</thread>
  <message>End action : out.close()</message>
  <nestedLevel>1</nestedLevel>
</record>
<record>
  <date>2019-07-17T19:09:53</date>
  <millis>1563361793988</millis>
  <sequence>150</sequence>
  <level>START</level>
  <class>com.kms.katalon.core.logging.XmlKeywordLogger</class>
  <method>startKeyword</method>
  <thread>1</thread>
  <message>Start action : RS = sendRequest(findTestObject(\&amp;quot;HR/jx\&amp;quot;))</message>
  <nestedLevel>1</nestedLevel>
  <property name="startLine">27</property>
  <property name="stepIndex">4</property>
</record>
<record>
  <date>2019-07-17T19:09:54</date>
  <millis>1563361794252</millis>
  <sequence>153</sequence>
  <level>INFO</level>
  <class>com.kms.katalon.core.logging.XmlKeywordLogger</class>
  <method>logMessage</method>
  <thread>1</thread>
  <message>HAR: E:\\TestTools\\KatalonDATA\\TestAPI\\Reports\\hr\\20190717_190947\\requests\\main\\5.har</message>
  <nestedLevel>1</nestedLevel>
  <property name="harId">9a55053c-a8fc-477d-afa8-a6a0d04b12e4</property>
</record>
<record>
  <date>2019-07-17T19:09:54</date>
  <millis>1563361794256</millis>
  <sequence>154</sequence>
  <level>PASSED</level>
  <class>com.kms.katalon.core.logging.XmlKeywordLogger</class>
  <method>logMessage</method>
  <thread>1</thread>
  <message>Send request successfully</message>
  <nestedLevel>1</nestedLevel>
</record>
<record>
  <date>2019-07-17T19:09:54</date>
  <millis>1563361794264</millis>
  <sequence>155</sequence>
  <level>END</level>
  <class>com.kms.katalon.core.logging.XmlKeywordLogger</class>
  <method>endKeyword</method>
  <thread>1</thread>
  <message>End action : RS = sendRequest(findTestObject(\&amp;quot;HR/jx\&amp;quot;))</message>
  <nestedLevel>1</nestedLevel>
</record>
<record>
  <date>2019-07-17T19:09:54</date>
  <millis>1563361794264</millis>
  <sequence>156</sequence>
  <level>START</level>
  <class>com.kms.katalon.core.logging.XmlKeywordLogger</class>
  <method>startKeyword</method>
  <thread>1</thread>
  <message>Start action : verifyElementPropertyValue(RS, \&amp;quot;d.userName\&amp;quot;, \&amp;quot;\u66F9\u4E1C\&amp;quot;)</message>
  <nestedLevel>1</nestedLevel>
  <property name="startLine">29</property>
  <property name="stepIndex">5</property>
</record>
<record>
  <date>2019-07-17T19:09:54</date>
  <millis>1563361794288</millis>
  <sequence>158</sequence>
  <level>PASSED</level>
  <class>com.kms.katalon.core.logging.XmlKeywordLogger</class>
  <method>logMessage</method>
  <thread>1</thread>
  <message>Verify element property value successfully</message>
  <nestedLevel>1</nestedLevel>
</record>
<record>
  <date>2019-07-17T19:09:54</date>
  <millis>1563361794288</millis>
  <sequence>159</sequence>
  <level>END</level>
  <class>com.kms.katalon.core.logging.XmlKeywordLogger</class>
  <method>endKeyword</method>
  <thread>1</thread>
  <message>End action : verifyElementPropertyValue(RS, \&amp;quot;d.userName\&amp;quot;, \&amp;quot;\u66F9\u4E1C\&amp;quot;)</message>
  <nestedLevel>1</nestedLevel>
</record>
<record>
  <date>2019-07-17T19:09:54</date>
  <millis>1563361794289</millis>
  <sequence>160</sequence>
  <level>PASSED</level>
  <class>com.kms.katalon.core.logging.XmlKeywordLogger</class>
  <method>logMessage</method>
  <thread>1</thread>
  <message>Test Cases/hr</message>
  <nestedLevel>1</nestedLevel>
</record>
<record>
  <date>2019-07-17T19:09:54</date>
  <millis>1563361794289</millis>
  <sequence>161</sequence>
  <level>END</level>
  <class>com.kms.katalon.core.logging.XmlKeywordLogger</class>
  <method>endTest</method>
  <thread>1</thread>
  <message>End Test Case : Test Cases/hr</message>
  <nestedLevel>0</nestedLevel>
</record>
<record>
  <date>2019-07-17T19:09:54</date>
  <millis>1563361794398</millis>
  <sequence>162</sequence>
  <level>END</level>
  <class>com.kms.katalon.core.logging.XmlKeywordLogger</class>
  <method>endSuite</method>
  <thread>1</thread>
  <message>End Test Suite : Test Suites/hr</message>
  <nestedLevel>0</nestedLevel>
</record>
</log>
