<?xml version="1.0" encoding="UTF-8" standalone="no"?>
<!DOCTYPE log SYSTEM "logger.dtd">
<log>
<record>
  <date>2019-07-29T13:58:32</date>
  <millis>1564379912342</millis>
  <sequence>0</sequence>
  <level>START</level>
  <class>com.kms.katalon.core.logging.XmlKeywordLogger</class>
  <method>startSuite</method>
  <thread>1</thread>
  <message>Start Test Suite : Test Suites/AE_GETSELF</message>
  <nestedLevel>0</nestedLevel>
  <property name="name">AE_GETSELF</property>
  <property name="description">AE_GETSELF</property>
  <property name="id">Test Suites/AE_GETSELF</property>
</record>
<record>
  <date>2019-07-29T13:58:32</date>
  <millis>1564379912367</millis>
  <sequence>1</sequence>
  <level>RUN_DATA</level>
  <class>com.kms.katalon.core.logging.XmlKeywordLogger</class>
  <method>logMessage</method>
  <thread>1</thread>
  <message>hostName = BW - 172.16.3.58</message>
  <nestedLevel>0</nestedLevel>
  <property name="hostName">BW - 172.16.3.58</property>
</record>
<record>
  <date>2019-07-29T13:58:32</date>
  <millis>1564379912369</millis>
  <sequence>2</sequence>
  <level>RUN_DATA</level>
  <class>com.kms.katalon.core.logging.XmlKeywordLogger</class>
  <method>logMessage</method>
  <thread>1</thread>
  <message>os = Windows 10 64bit</message>
  <nestedLevel>0</nestedLevel>
  <property name="os">Windows 10 64bit</property>
</record>
<record>
  <date>2019-07-29T13:58:32</date>
  <millis>1564379912370</millis>
  <sequence>3</sequence>
  <level>RUN_DATA</level>
  <class>com.kms.katalon.core.logging.XmlKeywordLogger</class>
  <method>logMessage</method>
  <thread>1</thread>
  <message>hostAddress = 172.16.3.58</message>
  <nestedLevel>0</nestedLevel>
  <property name="hostAddress">172.16.3.58</property>
</record>
<record>
  <date>2019-07-29T13:58:32</date>
  <millis>1564379912372</millis>
  <sequence>4</sequence>
  <level>RUN_DATA</level>
  <class>com.kms.katalon.core.logging.XmlKeywordLogger</class>
  <method>logMessage</method>
  <thread>1</thread>
  <message>katalonVersion = 6.2.1.2</message>
  <nestedLevel>0</nestedLevel>
  <property name="katalonVersion">6.2.1.2</property>
</record>
<record>
  <date>2019-07-29T13:58:32</date>
  <millis>1564379912771</millis>
  <sequence>5</sequence>
  <level>START</level>
  <class>com.kms.katalon.core.logging.XmlKeywordLogger</class>
  <method>startTest</method>
  <thread>1</thread>
  <message>Start Test Case : Test Cases/AE_API-V.0.0.1</message>
  <nestedLevel>1</nestedLevel>
  <property name="name">Test Cases/AE_API-V.0.0.1</property>
  <property name="description"></property>
  <property name="id">Test Cases/AE_API-V.0.0.1</property>
  <property name="source">E:\\TestTools\\KatalonDATA\\TestAPI\\Test Cases\\AE_API-V.0.0.1.tc</property>
  <property name="tag"></property>
  <property name="isOptional">false</property>
</record>
<record>
  <date>2019-07-29T13:58:33</date>
  <millis>1564379913219</millis>
  <sequence>7</sequence>
  <level>START</level>
  <class>com.kms.katalon.core.logging.XmlKeywordLogger</class>
  <method>startKeyword</method>
  <thread>1</thread>
  <message>Start action : sendRequest(findTestObject(\&amp;quot;getSelfInfo\&amp;quot;))</message>
  <nestedLevel>1</nestedLevel>
  <property name="startLine">16</property>
  <property name="stepIndex">1</property>
</record>
<record>
  <date>2019-07-29T13:58:34</date>
  <millis>1564379914538</millis>
  <sequence>10</sequence>
  <level>INFO</level>
  <class>com.kms.katalon.core.logging.XmlKeywordLogger</class>
  <method>logMessage</method>
  <thread>1</thread>
  <message>HAR: E:\\TestTools\\KatalonDATA\\TestAPI\\Reports\\AE_GETSELF\\20190729_135829\\requests\\main\\0.har</message>
  <nestedLevel>1</nestedLevel>
  <property name="harId">37f4e1c6-70b3-448a-8e7d-5a94777a0e04</property>
</record>
<record>
  <date>2019-07-29T13:58:34</date>
  <millis>1564379914704</millis>
  <sequence>11</sequence>
  <level>PASSED</level>
  <class>com.kms.katalon.core.logging.XmlKeywordLogger</class>
  <method>logMessage</method>
  <thread>1</thread>
  <message>Send request successfully</message>
  <nestedLevel>1</nestedLevel>
</record>
<record>
  <date>2019-07-29T13:58:34</date>
  <millis>1564379914705</millis>
  <sequence>12</sequence>
  <level>END</level>
  <class>com.kms.katalon.core.logging.XmlKeywordLogger</class>
  <method>endKeyword</method>
  <thread>1</thread>
  <message>End action : sendRequest(findTestObject(\&amp;quot;getSelfInfo\&amp;quot;))</message>
  <nestedLevel>1</nestedLevel>
</record>
<record>
  <date>2019-07-29T13:58:34</date>
  <millis>1564379914706</millis>
  <sequence>13</sequence>
  <level>PASSED</level>
  <class>com.kms.katalon.core.logging.XmlKeywordLogger</class>
  <method>logMessage</method>
  <thread>1</thread>
  <message>Test Cases/AE_API-V.0.0.1</message>
  <nestedLevel>1</nestedLevel>
</record>
<record>
  <date>2019-07-29T13:58:34</date>
  <millis>1564379914709</millis>
  <sequence>14</sequence>
  <level>END</level>
  <class>com.kms.katalon.core.logging.XmlKeywordLogger</class>
  <method>endTest</method>
  <thread>1</thread>
  <message>End Test Case : Test Cases/AE_API-V.0.0.1</message>
  <nestedLevel>0</nestedLevel>
</record>
<record>
  <date>2019-07-29T13:58:34</date>
  <millis>1564379914849</millis>
  <sequence>15</sequence>
  <level>END</level>
  <class>com.kms.katalon.core.logging.XmlKeywordLogger</class>
  <method>endSuite</method>
  <thread>1</thread>
  <message>End Test Suite : Test Suites/AE_GETSELF</message>
  <nestedLevel>0</nestedLevel>
</record>
</log>
