<?xml version="1.0" encoding="UTF-8" standalone="no"?>
<!DOCTYPE log SYSTEM "logger.dtd">
<log>
<record>
  <date>2019-07-17T19:08:40</date>
  <millis>1563361720142</millis>
  <sequence>0</sequence>
  <level>START</level>
  <class>com.kms.katalon.core.logging.XmlKeywordLogger</class>
  <method>startSuite</method>
  <thread>1</thread>
  <message>Start Test Suite : Test Suites/hr</message>
  <nestedLevel>0</nestedLevel>
  <property name="name">hr</property>
  <property name="description"></property>
  <property name="id">Test Suites/hr</property>
</record>
<record>
  <date>2019-07-17T19:08:40</date>
  <millis>1563361720164</millis>
  <sequence>1</sequence>
  <level>RUN_DATA</level>
  <class>com.kms.katalon.core.logging.XmlKeywordLogger</class>
  <method>logMessage</method>
  <thread>1</thread>
  <message>hostName = BW - 172.16.3.58</message>
  <nestedLevel>0</nestedLevel>
  <property name="hostName">BW - 172.16.3.58</property>
</record>
<record>
  <date>2019-07-17T19:08:40</date>
  <millis>1563361720169</millis>
  <sequence>2</sequence>
  <level>RUN_DATA</level>
  <class>com.kms.katalon.core.logging.XmlKeywordLogger</class>
  <method>logMessage</method>
  <thread>1</thread>
  <message>os = Windows 10 64bit</message>
  <nestedLevel>0</nestedLevel>
  <property name="os">Windows 10 64bit</property>
</record>
<record>
  <date>2019-07-17T19:08:40</date>
  <millis>1563361720170</millis>
  <sequence>3</sequence>
  <level>RUN_DATA</level>
  <class>com.kms.katalon.core.logging.XmlKeywordLogger</class>
  <method>logMessage</method>
  <thread>1</thread>
  <message>hostAddress = 172.16.3.58</message>
  <nestedLevel>0</nestedLevel>
  <property name="hostAddress">172.16.3.58</property>
</record>
<record>
  <date>2019-07-17T19:08:40</date>
  <millis>1563361720172</millis>
  <sequence>4</sequence>
  <level>RUN_DATA</level>
  <class>com.kms.katalon.core.logging.XmlKeywordLogger</class>
  <method>logMessage</method>
  <thread>1</thread>
  <message>katalonVersion = 6.2.1.2</message>
  <nestedLevel>0</nestedLevel>
  <property name="katalonVersion">6.2.1.2</property>
</record>
<record>
  <date>2019-07-17T19:08:40</date>
  <millis>1563361720508</millis>
  <sequence>5</sequence>
  <level>START</level>
  <class>com.kms.katalon.core.logging.XmlKeywordLogger</class>
  <method>startTest</method>
  <thread>1</thread>
  <message>Start Test Case : Test Cases/hr</message>
  <nestedLevel>1</nestedLevel>
  <property name="name">Test Cases/hr</property>
  <property name="description"></property>
  <property name="id">Test Cases/hr</property>
  <property name="source">E:\\TestTools\\KatalonDATA\\TestAPI\\Test Cases\\hr.tc</property>
  <property name="tag"></property>
  <property name="isOptional">false</property>
</record>
<record>
  <date>2019-07-17T19:08:40</date>
  <millis>1563361720559</millis>
  <sequence>7</sequence>
  <level>INFO</level>
  <class>com.kms.katalon.core.logging.XmlKeywordLogger</class>
  <method>logMessage</method>
  <thread>1</thread>
  <message>uid = 42</message>
  <nestedLevel>1</nestedLevel>
</record>
<record>
  <date>2019-07-17T19:08:41</date>
  <millis>1563361721248</millis>
  <sequence>8</sequence>
  <level>START</level>
  <class>com.kms.katalon.core.logging.XmlKeywordLogger</class>
  <method>startKeyword</method>
  <thread>1</thread>
  <message>Start action : RE = sendRequest(findTestObject(\&amp;quot;HR/get-cookie\&amp;quot;, [\&amp;quot;uid\&amp;quot;:uid]))</message>
  <nestedLevel>1</nestedLevel>
  <property name="startLine">21</property>
  <property name="stepIndex">1</property>
</record>
<record>
  <date>2019-07-17T19:08:42</date>
  <millis>1563361722317</millis>
  <sequence>11</sequence>
  <level>INFO</level>
  <class>com.kms.katalon.core.logging.XmlKeywordLogger</class>
  <method>logMessage</method>
  <thread>1</thread>
  <message>HAR: E:\\TestTools\\KatalonDATA\\TestAPI\\Reports\\hr\\20190717_190837\\requests\\main\\0.har</message>
  <nestedLevel>1</nestedLevel>
  <property name="harId">352c109e-d130-4a6e-bf6c-4fd22e23613c</property>
</record>
<record>
  <date>2019-07-17T19:08:42</date>
  <millis>1563361722448</millis>
  <sequence>12</sequence>
  <level>PASSED</level>
  <class>com.kms.katalon.core.logging.XmlKeywordLogger</class>
  <method>logMessage</method>
  <thread>1</thread>
  <message>Send request successfully</message>
  <nestedLevel>1</nestedLevel>
</record>
<record>
  <date>2019-07-17T19:08:42</date>
  <millis>1563361722449</millis>
  <sequence>13</sequence>
  <level>END</level>
  <class>com.kms.katalon.core.logging.XmlKeywordLogger</class>
  <method>endKeyword</method>
  <thread>1</thread>
  <message>End action : RE = sendRequest(findTestObject(\&amp;quot;HR/get-cookie\&amp;quot;, [\&amp;quot;uid\&amp;quot;:uid]))</message>
  <nestedLevel>1</nestedLevel>
</record>
<record>
  <date>2019-07-17T19:08:42</date>
  <millis>1563361722451</millis>
  <sequence>14</sequence>
  <level>START</level>
  <class>com.kms.katalon.core.logging.XmlKeywordLogger</class>
  <method>startKeyword</method>
  <thread>1</thread>
  <message>Start action : verifyElementPropertyValue(RE, \&amp;quot;d\&amp;quot;, \&amp;quot;SUCCESS\&amp;quot;)</message>
  <nestedLevel>1</nestedLevel>
  <property name="startLine">23</property>
  <property name="stepIndex">2</property>
</record>
<record>
  <date>2019-07-17T19:08:42</date>
  <millis>1563361722558</millis>
  <sequence>16</sequence>
  <level>PASSED</level>
  <class>com.kms.katalon.core.logging.XmlKeywordLogger</class>
  <method>logMessage</method>
  <thread>1</thread>
  <message>Verify element property value successfully</message>
  <nestedLevel>1</nestedLevel>
</record>
<record>
  <date>2019-07-17T19:08:42</date>
  <millis>1563361722571</millis>
  <sequence>17</sequence>
  <level>END</level>
  <class>com.kms.katalon.core.logging.XmlKeywordLogger</class>
  <method>endKeyword</method>
  <thread>1</thread>
  <message>End action : verifyElementPropertyValue(RE, \&amp;quot;d\&amp;quot;, \&amp;quot;SUCCESS\&amp;quot;)</message>
  <nestedLevel>1</nestedLevel>
</record>
<record>
  <date>2019-07-17T19:08:42</date>
  <millis>1563361722572</millis>
  <sequence>18</sequence>
  <level>START</level>
  <class>com.kms.katalon.core.logging.XmlKeywordLogger</class>
  <method>startKeyword</method>
  <thread>1</thread>
  <message>Start action : getCookie(RE)</message>
  <nestedLevel>1</nestedLevel>
  <property name="startLine">25</property>
  <property name="stepIndex">3</property>
</record>
<record>
  <date>2019-07-17T19:08:42</date>
  <millis>1563361722578</millis>
  <sequence>19</sequence>
  <level>END</level>
  <class>com.kms.katalon.core.logging.XmlKeywordLogger</class>
  <method>endKeyword</method>
  <thread>1</thread>
  <message>End action : getCookie(RE)</message>
  <nestedLevel>1</nestedLevel>
</record>
<record>
  <date>2019-07-17T19:08:42</date>
  <millis>1563361722579</millis>
  <sequence>20</sequence>
  <level>START</level>
  <class>com.kms.katalon.core.logging.XmlKeywordLogger</class>
  <method>startKeyword</method>
  <thread>1</thread>
  <message>Start action : rep = headerFields</message>
  <nestedLevel>1</nestedLevel>
  <property name="startLine">32</property>
  <property name="stepIndex">1</property>
</record>
<record>
  <date>2019-07-17T19:08:42</date>
  <millis>1563361722592</millis>
  <sequence>21</sequence>
  <level>END</level>
  <class>com.kms.katalon.core.logging.XmlKeywordLogger</class>
  <method>endKeyword</method>
  <thread>1</thread>
  <message>End action : rep = headerFields</message>
  <nestedLevel>1</nestedLevel>
</record>
<record>
  <date>2019-07-17T19:08:42</date>
  <millis>1563361722593</millis>
  <sequence>22</sequence>
  <level>START</level>
  <class>com.kms.katalon.core.logging.XmlKeywordLogger</class>
  <method>startKeyword</method>
  <thread>1</thread>
  <message>Start action : file = new java.io.File(E://TestTools/KatalonDATA/TestAPI/Data Files/scook.csv)</message>
  <nestedLevel>1</nestedLevel>
  <property name="startLine">34</property>
  <property name="stepIndex">2</property>
</record>
<record>
  <date>2019-07-17T19:08:42</date>
  <millis>1563361722605</millis>
  <sequence>23</sequence>
  <level>END</level>
  <class>com.kms.katalon.core.logging.XmlKeywordLogger</class>
  <method>endKeyword</method>
  <thread>1</thread>
  <message>End action : file = new java.io.File(E://TestTools/KatalonDATA/TestAPI/Data Files/scook.csv)</message>
  <nestedLevel>1</nestedLevel>
</record>
<record>
  <date>2019-07-17T19:08:42</date>
  <millis>1563361722607</millis>
  <sequence>24</sequence>
  <level>START</level>
  <class>com.kms.katalon.core.logging.XmlKeywordLogger</class>
  <method>startKeyword</method>
  <thread>1</thread>
  <message>Start action : out = new java.io.BufferedWriter(new java.io.FileWriter(file))</message>
  <nestedLevel>1</nestedLevel>
  <property name="startLine">36</property>
  <property name="stepIndex">3</property>
</record>
<record>
  <date>2019-07-17T19:08:42</date>
  <millis>1563361722638</millis>
  <sequence>25</sequence>
  <level>END</level>
  <class>com.kms.katalon.core.logging.XmlKeywordLogger</class>
  <method>endKeyword</method>
  <thread>1</thread>
  <message>End action : out = new java.io.BufferedWriter(new java.io.FileWriter(file))</message>
  <nestedLevel>1</nestedLevel>
</record>
<record>
  <date>2019-07-17T19:08:42</date>
  <millis>1563361722639</millis>
  <sequence>26</sequence>
  <level>START</level>
  <class>com.kms.katalon.core.logging.XmlKeywordLogger</class>
  <method>startKeyword</method>
  <thread>1</thread>
  <message>Start action : cok = get(\&amp;quot;Set-Cookie\&amp;quot;)[0].split(\&amp;quot;;\&amp;quot;)[0]</message>
  <nestedLevel>1</nestedLevel>
  <property name="startLine">38</property>
  <property name="stepIndex">4</property>
</record>
<record>
  <date>2019-07-17T19:08:42</date>
  <millis>1563361722697</millis>
  <sequence>27</sequence>
  <level>END</level>
  <class>com.kms.katalon.core.logging.XmlKeywordLogger</class>
  <method>endKeyword</method>
  <thread>1</thread>
  <message>End action : cok = get(\&amp;quot;Set-Cookie\&amp;quot;)[0].split(\&amp;quot;;\&amp;quot;)[0]</message>
  <nestedLevel>1</nestedLevel>
</record>
<record>
  <date>2019-07-17T19:08:42</date>
  <millis>1563361722698</millis>
  <sequence>28</sequence>
  <level>START</level>
  <class>com.kms.katalon.core.logging.XmlKeywordLogger</class>
  <method>startKeyword</method>
  <thread>1</thread>
  <message>Start action : println(\&amp;quot;-----------------------------------------------------------\&amp;quot;)</message>
  <nestedLevel>1</nestedLevel>
  <property name="startLine">40</property>
  <property name="stepIndex">5</property>
</record>
<record>
  <date>2019-07-17T19:08:42</date>
  <millis>1563361722706</millis>
  <sequence>29</sequence>
  <level>END</level>
  <class>com.kms.katalon.core.logging.XmlKeywordLogger</class>
  <method>endKeyword</method>
  <thread>1</thread>
  <message>End action : println(\&amp;quot;-----------------------------------------------------------\&amp;quot;)</message>
  <nestedLevel>1</nestedLevel>
</record>
<record>
  <date>2019-07-17T19:08:42</date>
  <millis>1563361722709</millis>
  <sequence>30</sequence>
  <level>START</level>
  <class>com.kms.katalon.core.logging.XmlKeywordLogger</class>
  <method>startKeyword</method>
  <thread>1</thread>
  <message>Start action : println(cok)</message>
  <nestedLevel>1</nestedLevel>
  <property name="startLine">42</property>
  <property name="stepIndex">6</property>
</record>
<record>
  <date>2019-07-17T19:08:42</date>
  <millis>1563361722719</millis>
  <sequence>31</sequence>
  <level>END</level>
  <class>com.kms.katalon.core.logging.XmlKeywordLogger</class>
  <method>endKeyword</method>
  <thread>1</thread>
  <message>End action : println(cok)</message>
  <nestedLevel>1</nestedLevel>
</record>
<record>
  <date>2019-07-17T19:08:42</date>
  <millis>1563361722719</millis>
  <sequence>32</sequence>
  <level>START</level>
  <class>com.kms.katalon.core.logging.XmlKeywordLogger</class>
  <method>startKeyword</method>
  <thread>1</thread>
  <message>Start action : println(\&amp;quot;-----------------------------------------------------------\&amp;quot;)</message>
  <nestedLevel>1</nestedLevel>
  <property name="startLine">44</property>
  <property name="stepIndex">7</property>
</record>
<record>
  <date>2019-07-17T19:08:42</date>
  <millis>1563361722723</millis>
  <sequence>33</sequence>
  <level>END</level>
  <class>com.kms.katalon.core.logging.XmlKeywordLogger</class>
  <method>endKeyword</method>
  <thread>1</thread>
  <message>End action : println(\&amp;quot;-----------------------------------------------------------\&amp;quot;)</message>
  <nestedLevel>1</nestedLevel>
</record>
<record>
  <date>2019-07-17T19:08:42</date>
  <millis>1563361722724</millis>
  <sequence>34</sequence>
  <level>START</level>
  <class>com.kms.katalon.core.logging.XmlKeywordLogger</class>
  <method>startKeyword</method>
  <thread>1</thread>
  <message>Start action : out.write(cok)</message>
  <nestedLevel>1</nestedLevel>
  <property name="startLine">46</property>
  <property name="stepIndex">8</property>
</record>
<record>
  <date>2019-07-17T19:08:42</date>
  <millis>1563361722735</millis>
  <sequence>35</sequence>
  <level>END</level>
  <class>com.kms.katalon.core.logging.XmlKeywordLogger</class>
  <method>endKeyword</method>
  <thread>1</thread>
  <message>End action : out.write(cok)</message>
  <nestedLevel>1</nestedLevel>
</record>
<record>
  <date>2019-07-17T19:08:42</date>
  <millis>1563361722737</millis>
  <sequence>36</sequence>
  <level>START</level>
  <class>com.kms.katalon.core.logging.XmlKeywordLogger</class>
  <method>startKeyword</method>
  <thread>1</thread>
  <message>Start action : out.flush()</message>
  <nestedLevel>1</nestedLevel>
  <property name="startLine">48</property>
  <property name="stepIndex">9</property>
</record>
<record>
  <date>2019-07-17T19:08:42</date>
  <millis>1563361722742</millis>
  <sequence>37</sequence>
  <level>END</level>
  <class>com.kms.katalon.core.logging.XmlKeywordLogger</class>
  <method>endKeyword</method>
  <thread>1</thread>
  <message>End action : out.flush()</message>
  <nestedLevel>1</nestedLevel>
</record>
<record>
  <date>2019-07-17T19:08:42</date>
  <millis>1563361722742</millis>
  <sequence>38</sequence>
  <level>START</level>
  <class>com.kms.katalon.core.logging.XmlKeywordLogger</class>
  <method>startKeyword</method>
  <thread>1</thread>
  <message>Start action : out.close()</message>
  <nestedLevel>1</nestedLevel>
  <property name="startLine">50</property>
  <property name="stepIndex">10</property>
</record>
<record>
  <date>2019-07-17T19:08:42</date>
  <millis>1563361722752</millis>
  <sequence>39</sequence>
  <level>END</level>
  <class>com.kms.katalon.core.logging.XmlKeywordLogger</class>
  <method>endKeyword</method>
  <thread>1</thread>
  <message>End action : out.close()</message>
  <nestedLevel>1</nestedLevel>
</record>
<record>
  <date>2019-07-17T19:08:42</date>
  <millis>1563361722753</millis>
  <sequence>40</sequence>
  <level>START</level>
  <class>com.kms.katalon.core.logging.XmlKeywordLogger</class>
  <method>startKeyword</method>
  <thread>1</thread>
  <message>Start action : RS = sendRequest(findTestObject(\&amp;quot;HR/jx\&amp;quot;))</message>
  <nestedLevel>1</nestedLevel>
  <property name="startLine">27</property>
  <property name="stepIndex">4</property>
</record>
<record>
  <date>2019-07-17T19:08:43</date>
  <millis>1563361723436</millis>
  <sequence>59</sequence>
  <level>INFO</level>
  <class>com.kms.katalon.core.logging.XmlKeywordLogger</class>
  <method>logMessage</method>
  <thread>1</thread>
  <message>HAR: E:\\TestTools\\KatalonDATA\\TestAPI\\Reports\\hr\\20190717_190837\\requests\\main\\1.har</message>
  <nestedLevel>1</nestedLevel>
  <property name="harId">d244190c-5e7d-42d1-aa8f-f2f458ee31af</property>
</record>
<record>
  <date>2019-07-17T19:08:43</date>
  <millis>1563361723441</millis>
  <sequence>60</sequence>
  <level>PASSED</level>
  <class>com.kms.katalon.core.logging.XmlKeywordLogger</class>
  <method>logMessage</method>
  <thread>1</thread>
  <message>Send request successfully</message>
  <nestedLevel>1</nestedLevel>
</record>
<record>
  <date>2019-07-17T19:08:43</date>
  <millis>1563361723444</millis>
  <sequence>61</sequence>
  <level>END</level>
  <class>com.kms.katalon.core.logging.XmlKeywordLogger</class>
  <method>endKeyword</method>
  <thread>1</thread>
  <message>End action : RS = sendRequest(findTestObject(\&amp;quot;HR/jx\&amp;quot;))</message>
  <nestedLevel>1</nestedLevel>
</record>
<record>
  <date>2019-07-17T19:08:43</date>
  <millis>1563361723444</millis>
  <sequence>62</sequence>
  <level>START</level>
  <class>com.kms.katalon.core.logging.XmlKeywordLogger</class>
  <method>startKeyword</method>
  <thread>1</thread>
  <message>Start action : verifyElementPropertyValue(RS, \&amp;quot;d.userName\&amp;quot;, \&amp;quot;\u66F9\u4E1C\&amp;quot;)</message>
  <nestedLevel>1</nestedLevel>
  <property name="startLine">29</property>
  <property name="stepIndex">5</property>
</record>
<record>
  <date>2019-07-17T19:08:43</date>
  <millis>1563361723468</millis>
  <sequence>64</sequence>
  <level>PASSED</level>
  <class>com.kms.katalon.core.logging.XmlKeywordLogger</class>
  <method>logMessage</method>
  <thread>1</thread>
  <message>Verify element property value successfully</message>
  <nestedLevel>1</nestedLevel>
</record>
<record>
  <date>2019-07-17T19:08:43</date>
  <millis>1563361723469</millis>
  <sequence>65</sequence>
  <level>END</level>
  <class>com.kms.katalon.core.logging.XmlKeywordLogger</class>
  <method>endKeyword</method>
  <thread>1</thread>
  <message>End action : verifyElementPropertyValue(RS, \&amp;quot;d.userName\&amp;quot;, \&amp;quot;\u66F9\u4E1C\&amp;quot;)</message>
  <nestedLevel>1</nestedLevel>
</record>
<record>
  <date>2019-07-17T19:08:43</date>
  <millis>1563361723469</millis>
  <sequence>66</sequence>
  <level>PASSED</level>
  <class>com.kms.katalon.core.logging.XmlKeywordLogger</class>
  <method>logMessage</method>
  <thread>1</thread>
  <message>Test Cases/hr</message>
  <nestedLevel>1</nestedLevel>
</record>
<record>
  <date>2019-07-17T19:08:43</date>
  <millis>1563361723470</millis>
  <sequence>67</sequence>
  <level>END</level>
  <class>com.kms.katalon.core.logging.XmlKeywordLogger</class>
  <method>endTest</method>
  <thread>1</thread>
  <message>End Test Case : Test Cases/hr</message>
  <nestedLevel>0</nestedLevel>
</record>
<record>
  <date>2019-07-17T19:08:43</date>
  <millis>1563361723476</millis>
  <sequence>68</sequence>
  <level>START</level>
  <class>com.kms.katalon.core.logging.XmlKeywordLogger</class>
  <method>startTest</method>
  <thread>1</thread>
  <message>Start Test Case : Test Cases/hr</message>
  <nestedLevel>1</nestedLevel>
  <property name="name">Test Cases/hr</property>
  <property name="description"></property>
  <property name="id">Test Cases/hr</property>
  <property name="source">E:\\TestTools\\KatalonDATA\\TestAPI\\Test Cases\\hr.tc</property>
  <property name="tag"></property>
  <property name="isOptional">false</property>
</record>
<record>
  <date>2019-07-17T19:08:43</date>
  <millis>1563361723490</millis>
  <sequence>70</sequence>
  <level>INFO</level>
  <class>com.kms.katalon.core.logging.XmlKeywordLogger</class>
  <method>logMessage</method>
  <thread>1</thread>
  <message>uid = 3</message>
  <nestedLevel>1</nestedLevel>
</record>
<record>
  <date>2019-07-17T19:08:43</date>
  <millis>1563361723494</millis>
  <sequence>71</sequence>
  <level>START</level>
  <class>com.kms.katalon.core.logging.XmlKeywordLogger</class>
  <method>startKeyword</method>
  <thread>1</thread>
  <message>Start action : RE = sendRequest(findTestObject(\&amp;quot;HR/get-cookie\&amp;quot;, [\&amp;quot;uid\&amp;quot;:uid]))</message>
  <nestedLevel>1</nestedLevel>
  <property name="startLine">21</property>
  <property name="stepIndex">1</property>
</record>
<record>
  <date>2019-07-17T19:08:43</date>
  <millis>1563361723573</millis>
  <sequence>74</sequence>
  <level>INFO</level>
  <class>com.kms.katalon.core.logging.XmlKeywordLogger</class>
  <method>logMessage</method>
  <thread>1</thread>
  <message>HAR: E:\\TestTools\\KatalonDATA\\TestAPI\\Reports\\hr\\20190717_190837\\requests\\main\\2.har</message>
  <nestedLevel>1</nestedLevel>
  <property name="harId">edbe949a-7a2c-4793-a132-391b4751b4bf</property>
</record>
<record>
  <date>2019-07-17T19:08:43</date>
  <millis>1563361723580</millis>
  <sequence>75</sequence>
  <level>PASSED</level>
  <class>com.kms.katalon.core.logging.XmlKeywordLogger</class>
  <method>logMessage</method>
  <thread>1</thread>
  <message>Send request successfully</message>
  <nestedLevel>1</nestedLevel>
</record>
<record>
  <date>2019-07-17T19:08:43</date>
  <millis>1563361723580</millis>
  <sequence>76</sequence>
  <level>END</level>
  <class>com.kms.katalon.core.logging.XmlKeywordLogger</class>
  <method>endKeyword</method>
  <thread>1</thread>
  <message>End action : RE = sendRequest(findTestObject(\&amp;quot;HR/get-cookie\&amp;quot;, [\&amp;quot;uid\&amp;quot;:uid]))</message>
  <nestedLevel>1</nestedLevel>
</record>
<record>
  <date>2019-07-17T19:08:43</date>
  <millis>1563361723581</millis>
  <sequence>77</sequence>
  <level>START</level>
  <class>com.kms.katalon.core.logging.XmlKeywordLogger</class>
  <method>startKeyword</method>
  <thread>1</thread>
  <message>Start action : verifyElementPropertyValue(RE, \&amp;quot;d\&amp;quot;, \&amp;quot;SUCCESS\&amp;quot;)</message>
  <nestedLevel>1</nestedLevel>
  <property name="startLine">23</property>
  <property name="stepIndex">2</property>
</record>
<record>
  <date>2019-07-17T19:08:43</date>
  <millis>1563361723605</millis>
  <sequence>79</sequence>
  <level>PASSED</level>
  <class>com.kms.katalon.core.logging.XmlKeywordLogger</class>
  <method>logMessage</method>
  <thread>1</thread>
  <message>Verify element property value successfully</message>
  <nestedLevel>1</nestedLevel>
</record>
<record>
  <date>2019-07-17T19:08:43</date>
  <millis>1563361723606</millis>
  <sequence>80</sequence>
  <level>END</level>
  <class>com.kms.katalon.core.logging.XmlKeywordLogger</class>
  <method>endKeyword</method>
  <thread>1</thread>
  <message>End action : verifyElementPropertyValue(RE, \&amp;quot;d\&amp;quot;, \&amp;quot;SUCCESS\&amp;quot;)</message>
  <nestedLevel>1</nestedLevel>
</record>
<record>
  <date>2019-07-17T19:08:43</date>
  <millis>1563361723606</millis>
  <sequence>81</sequence>
  <level>START</level>
  <class>com.kms.katalon.core.logging.XmlKeywordLogger</class>
  <method>startKeyword</method>
  <thread>1</thread>
  <message>Start action : getCookie(RE)</message>
  <nestedLevel>1</nestedLevel>
  <property name="startLine">25</property>
  <property name="stepIndex">3</property>
</record>
<record>
  <date>2019-07-17T19:08:43</date>
  <millis>1563361723607</millis>
  <sequence>82</sequence>
  <level>END</level>
  <class>com.kms.katalon.core.logging.XmlKeywordLogger</class>
  <method>endKeyword</method>
  <thread>1</thread>
  <message>End action : getCookie(RE)</message>
  <nestedLevel>1</nestedLevel>
</record>
<record>
  <date>2019-07-17T19:08:43</date>
  <millis>1563361723608</millis>
  <sequence>83</sequence>
  <level>START</level>
  <class>com.kms.katalon.core.logging.XmlKeywordLogger</class>
  <method>startKeyword</method>
  <thread>1</thread>
  <message>Start action : rep = headerFields</message>
  <nestedLevel>1</nestedLevel>
  <property name="startLine">32</property>
  <property name="stepIndex">1</property>
</record>
<record>
  <date>2019-07-17T19:08:43</date>
  <millis>1563361723609</millis>
  <sequence>84</sequence>
  <level>END</level>
  <class>com.kms.katalon.core.logging.XmlKeywordLogger</class>
  <method>endKeyword</method>
  <thread>1</thread>
  <message>End action : rep = headerFields</message>
  <nestedLevel>1</nestedLevel>
</record>
<record>
  <date>2019-07-17T19:08:43</date>
  <millis>1563361723609</millis>
  <sequence>85</sequence>
  <level>START</level>
  <class>com.kms.katalon.core.logging.XmlKeywordLogger</class>
  <method>startKeyword</method>
  <thread>1</thread>
  <message>Start action : file = new java.io.File(E://TestTools/KatalonDATA/TestAPI/Data Files/scook.csv)</message>
  <nestedLevel>1</nestedLevel>
  <property name="startLine">34</property>
  <property name="stepIndex">2</property>
</record>
<record>
  <date>2019-07-17T19:08:43</date>
  <millis>1563361723611</millis>
  <sequence>86</sequence>
  <level>END</level>
  <class>com.kms.katalon.core.logging.XmlKeywordLogger</class>
  <method>endKeyword</method>
  <thread>1</thread>
  <message>End action : file = new java.io.File(E://TestTools/KatalonDATA/TestAPI/Data Files/scook.csv)</message>
  <nestedLevel>1</nestedLevel>
</record>
<record>
  <date>2019-07-17T19:08:43</date>
  <millis>1563361723611</millis>
  <sequence>87</sequence>
  <level>START</level>
  <class>com.kms.katalon.core.logging.XmlKeywordLogger</class>
  <method>startKeyword</method>
  <thread>1</thread>
  <message>Start action : out = new java.io.BufferedWriter(new java.io.FileWriter(file))</message>
  <nestedLevel>1</nestedLevel>
  <property name="startLine">36</property>
  <property name="stepIndex">3</property>
</record>
<record>
  <date>2019-07-17T19:08:43</date>
  <millis>1563361723613</millis>
  <sequence>88</sequence>
  <level>END</level>
  <class>com.kms.katalon.core.logging.XmlKeywordLogger</class>
  <method>endKeyword</method>
  <thread>1</thread>
  <message>End action : out = new java.io.BufferedWriter(new java.io.FileWriter(file))</message>
  <nestedLevel>1</nestedLevel>
</record>
<record>
  <date>2019-07-17T19:08:43</date>
  <millis>1563361723613</millis>
  <sequence>89</sequence>
  <level>START</level>
  <class>com.kms.katalon.core.logging.XmlKeywordLogger</class>
  <method>startKeyword</method>
  <thread>1</thread>
  <message>Start action : cok = get(\&amp;quot;Set-Cookie\&amp;quot;)[0].split(\&amp;quot;;\&amp;quot;)[0]</message>
  <nestedLevel>1</nestedLevel>
  <property name="startLine">38</property>
  <property name="stepIndex">4</property>
</record>
<record>
  <date>2019-07-17T19:08:43</date>
  <millis>1563361723614</millis>
  <sequence>90</sequence>
  <level>END</level>
  <class>com.kms.katalon.core.logging.XmlKeywordLogger</class>
  <method>endKeyword</method>
  <thread>1</thread>
  <message>End action : cok = get(\&amp;quot;Set-Cookie\&amp;quot;)[0].split(\&amp;quot;;\&amp;quot;)[0]</message>
  <nestedLevel>1</nestedLevel>
</record>
<record>
  <date>2019-07-17T19:08:43</date>
  <millis>1563361723614</millis>
  <sequence>91</sequence>
  <level>START</level>
  <class>com.kms.katalon.core.logging.XmlKeywordLogger</class>
  <method>startKeyword</method>
  <thread>1</thread>
  <message>Start action : println(\&amp;quot;-----------------------------------------------------------\&amp;quot;)</message>
  <nestedLevel>1</nestedLevel>
  <property name="startLine">40</property>
  <property name="stepIndex">5</property>
</record>
<record>
  <date>2019-07-17T19:08:43</date>
  <millis>1563361723615</millis>
  <sequence>92</sequence>
  <level>END</level>
  <class>com.kms.katalon.core.logging.XmlKeywordLogger</class>
  <method>endKeyword</method>
  <thread>1</thread>
  <message>End action : println(\&amp;quot;-----------------------------------------------------------\&amp;quot;)</message>
  <nestedLevel>1</nestedLevel>
</record>
<record>
  <date>2019-07-17T19:08:43</date>
  <millis>1563361723616</millis>
  <sequence>93</sequence>
  <level>START</level>
  <class>com.kms.katalon.core.logging.XmlKeywordLogger</class>
  <method>startKeyword</method>
  <thread>1</thread>
  <message>Start action : println(cok)</message>
  <nestedLevel>1</nestedLevel>
  <property name="startLine">42</property>
  <property name="stepIndex">6</property>
</record>
<record>
  <date>2019-07-17T19:08:43</date>
  <millis>1563361723623</millis>
  <sequence>94</sequence>
  <level>END</level>
  <class>com.kms.katalon.core.logging.XmlKeywordLogger</class>
  <method>endKeyword</method>
  <thread>1</thread>
  <message>End action : println(cok)</message>
  <nestedLevel>1</nestedLevel>
</record>
<record>
  <date>2019-07-17T19:08:43</date>
  <millis>1563361723624</millis>
  <sequence>95</sequence>
  <level>START</level>
  <class>com.kms.katalon.core.logging.XmlKeywordLogger</class>
  <method>startKeyword</method>
  <thread>1</thread>
  <message>Start action : println(\&amp;quot;-----------------------------------------------------------\&amp;quot;)</message>
  <nestedLevel>1</nestedLevel>
  <property name="startLine">44</property>
  <property name="stepIndex">7</property>
</record>
<record>
  <date>2019-07-17T19:08:43</date>
  <millis>1563361723626</millis>
  <sequence>96</sequence>
  <level>END</level>
  <class>com.kms.katalon.core.logging.XmlKeywordLogger</class>
  <method>endKeyword</method>
  <thread>1</thread>
  <message>End action : println(\&amp;quot;-----------------------------------------------------------\&amp;quot;)</message>
  <nestedLevel>1</nestedLevel>
</record>
<record>
  <date>2019-07-17T19:08:43</date>
  <millis>1563361723627</millis>
  <sequence>97</sequence>
  <level>START</level>
  <class>com.kms.katalon.core.logging.XmlKeywordLogger</class>
  <method>startKeyword</method>
  <thread>1</thread>
  <message>Start action : out.write(cok)</message>
  <nestedLevel>1</nestedLevel>
  <property name="startLine">46</property>
  <property name="stepIndex">8</property>
</record>
<record>
  <date>2019-07-17T19:08:43</date>
  <millis>1563361723630</millis>
  <sequence>98</sequence>
  <level>END</level>
  <class>com.kms.katalon.core.logging.XmlKeywordLogger</class>
  <method>endKeyword</method>
  <thread>1</thread>
  <message>End action : out.write(cok)</message>
  <nestedLevel>1</nestedLevel>
</record>
<record>
  <date>2019-07-17T19:08:43</date>
  <millis>1563361723630</millis>
  <sequence>99</sequence>
  <level>START</level>
  <class>com.kms.katalon.core.logging.XmlKeywordLogger</class>
  <method>startKeyword</method>
  <thread>1</thread>
  <message>Start action : out.flush()</message>
  <nestedLevel>1</nestedLevel>
  <property name="startLine">48</property>
  <property name="stepIndex">9</property>
</record>
<record>
  <date>2019-07-17T19:08:43</date>
  <millis>1563361723641</millis>
  <sequence>100</sequence>
  <level>END</level>
  <class>com.kms.katalon.core.logging.XmlKeywordLogger</class>
  <method>endKeyword</method>
  <thread>1</thread>
  <message>End action : out.flush()</message>
  <nestedLevel>1</nestedLevel>
</record>
<record>
  <date>2019-07-17T19:08:43</date>
  <millis>1563361723642</millis>
  <sequence>101</sequence>
  <level>START</level>
  <class>com.kms.katalon.core.logging.XmlKeywordLogger</class>
  <method>startKeyword</method>
  <thread>1</thread>
  <message>Start action : out.close()</message>
  <nestedLevel>1</nestedLevel>
  <property name="startLine">50</property>
  <property name="stepIndex">10</property>
</record>
<record>
  <date>2019-07-17T19:08:43</date>
  <millis>1563361723644</millis>
  <sequence>102</sequence>
  <level>END</level>
  <class>com.kms.katalon.core.logging.XmlKeywordLogger</class>
  <method>endKeyword</method>
  <thread>1</thread>
  <message>End action : out.close()</message>
  <nestedLevel>1</nestedLevel>
</record>
<record>
  <date>2019-07-17T19:08:43</date>
  <millis>1563361723644</millis>
  <sequence>103</sequence>
  <level>START</level>
  <class>com.kms.katalon.core.logging.XmlKeywordLogger</class>
  <method>startKeyword</method>
  <thread>1</thread>
  <message>Start action : RS = sendRequest(findTestObject(\&amp;quot;HR/jx\&amp;quot;))</message>
  <nestedLevel>1</nestedLevel>
  <property name="startLine">27</property>
  <property name="stepIndex">4</property>
</record>
<record>
  <date>2019-07-17T19:08:43</date>
  <millis>1563361723841</millis>
  <sequence>106</sequence>
  <level>INFO</level>
  <class>com.kms.katalon.core.logging.XmlKeywordLogger</class>
  <method>logMessage</method>
  <thread>1</thread>
  <message>HAR: E:\\TestTools\\KatalonDATA\\TestAPI\\Reports\\hr\\20190717_190837\\requests\\main\\3.har</message>
  <nestedLevel>1</nestedLevel>
  <property name="harId">c4206022-8bfb-4d3a-a0be-3f0d22d7ced6</property>
</record>
<record>
  <date>2019-07-17T19:08:43</date>
  <millis>1563361723843</millis>
  <sequence>107</sequence>
  <level>PASSED</level>
  <class>com.kms.katalon.core.logging.XmlKeywordLogger</class>
  <method>logMessage</method>
  <thread>1</thread>
  <message>Send request successfully</message>
  <nestedLevel>1</nestedLevel>
</record>
<record>
  <date>2019-07-17T19:08:43</date>
  <millis>1563361723844</millis>
  <sequence>108</sequence>
  <level>END</level>
  <class>com.kms.katalon.core.logging.XmlKeywordLogger</class>
  <method>endKeyword</method>
  <thread>1</thread>
  <message>End action : RS = sendRequest(findTestObject(\&amp;quot;HR/jx\&amp;quot;))</message>
  <nestedLevel>1</nestedLevel>
</record>
<record>
  <date>2019-07-17T19:08:43</date>
  <millis>1563361723844</millis>
  <sequence>109</sequence>
  <level>START</level>
  <class>com.kms.katalon.core.logging.XmlKeywordLogger</class>
  <method>startKeyword</method>
  <thread>1</thread>
  <message>Start action : verifyElementPropertyValue(RS, \&amp;quot;d.userName\&amp;quot;, \&amp;quot;\u66F9\u4E1C\&amp;quot;)</message>
  <nestedLevel>1</nestedLevel>
  <property name="startLine">29</property>
  <property name="stepIndex">5</property>
</record>
<record>
  <date>2019-07-17T19:08:43</date>
  <millis>1563361723870</millis>
  <sequence>111</sequence>
  <level>PASSED</level>
  <class>com.kms.katalon.core.logging.XmlKeywordLogger</class>
  <method>logMessage</method>
  <thread>1</thread>
  <message>Verify element property value successfully</message>
  <nestedLevel>1</nestedLevel>
</record>
<record>
  <date>2019-07-17T19:08:43</date>
  <millis>1563361723870</millis>
  <sequence>112</sequence>
  <level>END</level>
  <class>com.kms.katalon.core.logging.XmlKeywordLogger</class>
  <method>endKeyword</method>
  <thread>1</thread>
  <message>End action : verifyElementPropertyValue(RS, \&amp;quot;d.userName\&amp;quot;, \&amp;quot;\u66F9\u4E1C\&amp;quot;)</message>
  <nestedLevel>1</nestedLevel>
</record>
<record>
  <date>2019-07-17T19:08:43</date>
  <millis>1563361723870</millis>
  <sequence>113</sequence>
  <level>PASSED</level>
  <class>com.kms.katalon.core.logging.XmlKeywordLogger</class>
  <method>logMessage</method>
  <thread>1</thread>
  <message>Test Cases/hr</message>
  <nestedLevel>1</nestedLevel>
</record>
<record>
  <date>2019-07-17T19:08:43</date>
  <millis>1563361723871</millis>
  <sequence>114</sequence>
  <level>END</level>
  <class>com.kms.katalon.core.logging.XmlKeywordLogger</class>
  <method>endTest</method>
  <thread>1</thread>
  <message>End Test Case : Test Cases/hr</message>
  <nestedLevel>0</nestedLevel>
</record>
<record>
  <date>2019-07-17T19:08:43</date>
  <millis>1563361723876</millis>
  <sequence>115</sequence>
  <level>START</level>
  <class>com.kms.katalon.core.logging.XmlKeywordLogger</class>
  <method>startTest</method>
  <thread>1</thread>
  <message>Start Test Case : Test Cases/hr</message>
  <nestedLevel>1</nestedLevel>
  <property name="name">Test Cases/hr</property>
  <property name="description"></property>
  <property name="id">Test Cases/hr</property>
  <property name="source">E:\\TestTools\\KatalonDATA\\TestAPI\\Test Cases\\hr.tc</property>
  <property name="tag"></property>
  <property name="isOptional">false</property>
</record>
<record>
  <date>2019-07-17T19:08:43</date>
  <millis>1563361723888</millis>
  <sequence>117</sequence>
  <level>INFO</level>
  <class>com.kms.katalon.core.logging.XmlKeywordLogger</class>
  <method>logMessage</method>
  <thread>1</thread>
  <message>uid = 526</message>
  <nestedLevel>1</nestedLevel>
</record>
<record>
  <date>2019-07-17T19:08:43</date>
  <millis>1563361723891</millis>
  <sequence>118</sequence>
  <level>START</level>
  <class>com.kms.katalon.core.logging.XmlKeywordLogger</class>
  <method>startKeyword</method>
  <thread>1</thread>
  <message>Start action : RE = sendRequest(findTestObject(\&amp;quot;HR/get-cookie\&amp;quot;, [\&amp;quot;uid\&amp;quot;:uid]))</message>
  <nestedLevel>1</nestedLevel>
  <property name="startLine">21</property>
  <property name="stepIndex">1</property>
</record>
<record>
  <date>2019-07-17T19:08:43</date>
  <millis>1563361723952</millis>
  <sequence>121</sequence>
  <level>INFO</level>
  <class>com.kms.katalon.core.logging.XmlKeywordLogger</class>
  <method>logMessage</method>
  <thread>1</thread>
  <message>HAR: E:\\TestTools\\KatalonDATA\\TestAPI\\Reports\\hr\\20190717_190837\\requests\\main\\4.har</message>
  <nestedLevel>1</nestedLevel>
  <property name="harId">07887f1a-54ed-4bb9-ad73-07a576f1a933</property>
</record>
<record>
  <date>2019-07-17T19:08:43</date>
  <millis>1563361723954</millis>
  <sequence>122</sequence>
  <level>PASSED</level>
  <class>com.kms.katalon.core.logging.XmlKeywordLogger</class>
  <method>logMessage</method>
  <thread>1</thread>
  <message>Send request successfully</message>
  <nestedLevel>1</nestedLevel>
</record>
<record>
  <date>2019-07-17T19:08:43</date>
  <millis>1563361723955</millis>
  <sequence>123</sequence>
  <level>END</level>
  <class>com.kms.katalon.core.logging.XmlKeywordLogger</class>
  <method>endKeyword</method>
  <thread>1</thread>
  <message>End action : RE = sendRequest(findTestObject(\&amp;quot;HR/get-cookie\&amp;quot;, [\&amp;quot;uid\&amp;quot;:uid]))</message>
  <nestedLevel>1</nestedLevel>
</record>
<record>
  <date>2019-07-17T19:08:43</date>
  <millis>1563361723955</millis>
  <sequence>124</sequence>
  <level>START</level>
  <class>com.kms.katalon.core.logging.XmlKeywordLogger</class>
  <method>startKeyword</method>
  <thread>1</thread>
  <message>Start action : verifyElementPropertyValue(RE, \&amp;quot;d\&amp;quot;, \&amp;quot;SUCCESS\&amp;quot;)</message>
  <nestedLevel>1</nestedLevel>
  <property name="startLine">23</property>
  <property name="stepIndex">2</property>
</record>
<record>
  <date>2019-07-17T19:08:43</date>
  <millis>1563361723975</millis>
  <sequence>126</sequence>
  <level>PASSED</level>
  <class>com.kms.katalon.core.logging.XmlKeywordLogger</class>
  <method>logMessage</method>
  <thread>1</thread>
  <message>Verify element property value successfully</message>
  <nestedLevel>1</nestedLevel>
</record>
<record>
  <date>2019-07-17T19:08:43</date>
  <millis>1563361723977</millis>
  <sequence>127</sequence>
  <level>END</level>
  <class>com.kms.katalon.core.logging.XmlKeywordLogger</class>
  <method>endKeyword</method>
  <thread>1</thread>
  <message>End action : verifyElementPropertyValue(RE, \&amp;quot;d\&amp;quot;, \&amp;quot;SUCCESS\&amp;quot;)</message>
  <nestedLevel>1</nestedLevel>
</record>
<record>
  <date>2019-07-17T19:08:43</date>
  <millis>1563361723977</millis>
  <sequence>128</sequence>
  <level>START</level>
  <class>com.kms.katalon.core.logging.XmlKeywordLogger</class>
  <method>startKeyword</method>
  <thread>1</thread>
  <message>Start action : getCookie(RE)</message>
  <nestedLevel>1</nestedLevel>
  <property name="startLine">25</property>
  <property name="stepIndex">3</property>
</record>
<record>
  <date>2019-07-17T19:08:43</date>
  <millis>1563361723980</millis>
  <sequence>129</sequence>
  <level>END</level>
  <class>com.kms.katalon.core.logging.XmlKeywordLogger</class>
  <method>endKeyword</method>
  <thread>1</thread>
  <message>End action : getCookie(RE)</message>
  <nestedLevel>1</nestedLevel>
</record>
<record>
  <date>2019-07-17T19:08:43</date>
  <millis>1563361723985</millis>
  <sequence>130</sequence>
  <level>START</level>
  <class>com.kms.katalon.core.logging.XmlKeywordLogger</class>
  <method>startKeyword</method>
  <thread>1</thread>
  <message>Start action : rep = headerFields</message>
  <nestedLevel>1</nestedLevel>
  <property name="startLine">32</property>
  <property name="stepIndex">1</property>
</record>
<record>
  <date>2019-07-17T19:08:43</date>
  <millis>1563361723990</millis>
  <sequence>131</sequence>
  <level>END</level>
  <class>com.kms.katalon.core.logging.XmlKeywordLogger</class>
  <method>endKeyword</method>
  <thread>1</thread>
  <message>End action : rep = headerFields</message>
  <nestedLevel>1</nestedLevel>
</record>
<record>
  <date>2019-07-17T19:08:43</date>
  <millis>1563361723991</millis>
  <sequence>132</sequence>
  <level>START</level>
  <class>com.kms.katalon.core.logging.XmlKeywordLogger</class>
  <method>startKeyword</method>
  <thread>1</thread>
  <message>Start action : file = new java.io.File(E://TestTools/KatalonDATA/TestAPI/Data Files/scook.csv)</message>
  <nestedLevel>1</nestedLevel>
  <property name="startLine">34</property>
  <property name="stepIndex">2</property>
</record>
<record>
  <date>2019-07-17T19:08:43</date>
  <millis>1563361723993</millis>
  <sequence>133</sequence>
  <level>END</level>
  <class>com.kms.katalon.core.logging.XmlKeywordLogger</class>
  <method>endKeyword</method>
  <thread>1</thread>
  <message>End action : file = new java.io.File(E://TestTools/KatalonDATA/TestAPI/Data Files/scook.csv)</message>
  <nestedLevel>1</nestedLevel>
</record>
<record>
  <date>2019-07-17T19:08:43</date>
  <millis>1563361723994</millis>
  <sequence>134</sequence>
  <level>START</level>
  <class>com.kms.katalon.core.logging.XmlKeywordLogger</class>
  <method>startKeyword</method>
  <thread>1</thread>
  <message>Start action : out = new java.io.BufferedWriter(new java.io.FileWriter(file))</message>
  <nestedLevel>1</nestedLevel>
  <property name="startLine">36</property>
  <property name="stepIndex">3</property>
</record>
<record>
  <date>2019-07-17T19:08:43</date>
  <millis>1563361723996</millis>
  <sequence>135</sequence>
  <level>END</level>
  <class>com.kms.katalon.core.logging.XmlKeywordLogger</class>
  <method>endKeyword</method>
  <thread>1</thread>
  <message>End action : out = new java.io.BufferedWriter(new java.io.FileWriter(file))</message>
  <nestedLevel>1</nestedLevel>
</record>
<record>
  <date>2019-07-17T19:08:43</date>
  <millis>1563361723997</millis>
  <sequence>136</sequence>
  <level>START</level>
  <class>com.kms.katalon.core.logging.XmlKeywordLogger</class>
  <method>startKeyword</method>
  <thread>1</thread>
  <message>Start action : cok = get(\&amp;quot;Set-Cookie\&amp;quot;)[0].split(\&amp;quot;;\&amp;quot;)[0]</message>
  <nestedLevel>1</nestedLevel>
  <property name="startLine">38</property>
  <property name="stepIndex">4</property>
</record>
<record>
  <date>2019-07-17T19:08:43</date>
  <millis>1563361723998</millis>
  <sequence>137</sequence>
  <level>END</level>
  <class>com.kms.katalon.core.logging.XmlKeywordLogger</class>
  <method>endKeyword</method>
  <thread>1</thread>
  <message>End action : cok = get(\&amp;quot;Set-Cookie\&amp;quot;)[0].split(\&amp;quot;;\&amp;quot;)[0]</message>
  <nestedLevel>1</nestedLevel>
</record>
<record>
  <date>2019-07-17T19:08:43</date>
  <millis>1563361723998</millis>
  <sequence>138</sequence>
  <level>START</level>
  <class>com.kms.katalon.core.logging.XmlKeywordLogger</class>
  <method>startKeyword</method>
  <thread>1</thread>
  <message>Start action : println(\&amp;quot;-----------------------------------------------------------\&amp;quot;)</message>
  <nestedLevel>1</nestedLevel>
  <property name="startLine">40</property>
  <property name="stepIndex">5</property>
</record>
<record>
  <date>2019-07-17T19:08:44</date>
  <millis>1563361724002</millis>
  <sequence>139</sequence>
  <level>END</level>
  <class>com.kms.katalon.core.logging.XmlKeywordLogger</class>
  <method>endKeyword</method>
  <thread>1</thread>
  <message>End action : println(\&amp;quot;-----------------------------------------------------------\&amp;quot;)</message>
  <nestedLevel>1</nestedLevel>
</record>
<record>
  <date>2019-07-17T19:08:44</date>
  <millis>1563361724002</millis>
  <sequence>140</sequence>
  <level>START</level>
  <class>com.kms.katalon.core.logging.XmlKeywordLogger</class>
  <method>startKeyword</method>
  <thread>1</thread>
  <message>Start action : println(cok)</message>
  <nestedLevel>1</nestedLevel>
  <property name="startLine">42</property>
  <property name="stepIndex">6</property>
</record>
<record>
  <date>2019-07-17T19:08:44</date>
  <millis>1563361724005</millis>
  <sequence>141</sequence>
  <level>END</level>
  <class>com.kms.katalon.core.logging.XmlKeywordLogger</class>
  <method>endKeyword</method>
  <thread>1</thread>
  <message>End action : println(cok)</message>
  <nestedLevel>1</nestedLevel>
</record>
<record>
  <date>2019-07-17T19:08:44</date>
  <millis>1563361724006</millis>
  <sequence>142</sequence>
  <level>START</level>
  <class>com.kms.katalon.core.logging.XmlKeywordLogger</class>
  <method>startKeyword</method>
  <thread>1</thread>
  <message>Start action : println(\&amp;quot;-----------------------------------------------------------\&amp;quot;)</message>
  <nestedLevel>1</nestedLevel>
  <property name="startLine">44</property>
  <property name="stepIndex">7</property>
</record>
<record>
  <date>2019-07-17T19:08:44</date>
  <millis>1563361724008</millis>
  <sequence>143</sequence>
  <level>END</level>
  <class>com.kms.katalon.core.logging.XmlKeywordLogger</class>
  <method>endKeyword</method>
  <thread>1</thread>
  <message>End action : println(\&amp;quot;-----------------------------------------------------------\&amp;quot;)</message>
  <nestedLevel>1</nestedLevel>
</record>
<record>
  <date>2019-07-17T19:08:44</date>
  <millis>1563361724009</millis>
  <sequence>144</sequence>
  <level>START</level>
  <class>com.kms.katalon.core.logging.XmlKeywordLogger</class>
  <method>startKeyword</method>
  <thread>1</thread>
  <message>Start action : out.write(cok)</message>
  <nestedLevel>1</nestedLevel>
  <property name="startLine">46</property>
  <property name="stepIndex">8</property>
</record>
<record>
  <date>2019-07-17T19:08:44</date>
  <millis>1563361724019</millis>
  <sequence>145</sequence>
  <level>END</level>
  <class>com.kms.katalon.core.logging.XmlKeywordLogger</class>
  <method>endKeyword</method>
  <thread>1</thread>
  <message>End action : out.write(cok)</message>
  <nestedLevel>1</nestedLevel>
</record>
<record>
  <date>2019-07-17T19:08:44</date>
  <millis>1563361724020</millis>
  <sequence>146</sequence>
  <level>START</level>
  <class>com.kms.katalon.core.logging.XmlKeywordLogger</class>
  <method>startKeyword</method>
  <thread>1</thread>
  <message>Start action : out.flush()</message>
  <nestedLevel>1</nestedLevel>
  <property name="startLine">48</property>
  <property name="stepIndex">9</property>
</record>
<record>
  <date>2019-07-17T19:08:44</date>
  <millis>1563361724023</millis>
  <sequence>147</sequence>
  <level>END</level>
  <class>com.kms.katalon.core.logging.XmlKeywordLogger</class>
  <method>endKeyword</method>
  <thread>1</thread>
  <message>End action : out.flush()</message>
  <nestedLevel>1</nestedLevel>
</record>
<record>
  <date>2019-07-17T19:08:44</date>
  <millis>1563361724023</millis>
  <sequence>148</sequence>
  <level>START</level>
  <class>com.kms.katalon.core.logging.XmlKeywordLogger</class>
  <method>startKeyword</method>
  <thread>1</thread>
  <message>Start action : out.close()</message>
  <nestedLevel>1</nestedLevel>
  <property name="startLine">50</property>
  <property name="stepIndex">10</property>
</record>
<record>
  <date>2019-07-17T19:08:44</date>
  <millis>1563361724025</millis>
  <sequence>149</sequence>
  <level>END</level>
  <class>com.kms.katalon.core.logging.XmlKeywordLogger</class>
  <method>endKeyword</method>
  <thread>1</thread>
  <message>End action : out.close()</message>
  <nestedLevel>1</nestedLevel>
</record>
<record>
  <date>2019-07-17T19:08:44</date>
  <millis>1563361724026</millis>
  <sequence>150</sequence>
  <level>START</level>
  <class>com.kms.katalon.core.logging.XmlKeywordLogger</class>
  <method>startKeyword</method>
  <thread>1</thread>
  <message>Start action : RS = sendRequest(findTestObject(\&amp;quot;HR/jx\&amp;quot;))</message>
  <nestedLevel>1</nestedLevel>
  <property name="startLine">27</property>
  <property name="stepIndex">4</property>
</record>
<record>
  <date>2019-07-17T19:08:44</date>
  <millis>1563361724244</millis>
  <sequence>153</sequence>
  <level>INFO</level>
  <class>com.kms.katalon.core.logging.XmlKeywordLogger</class>
  <method>logMessage</method>
  <thread>1</thread>
  <message>HAR: E:\\TestTools\\KatalonDATA\\TestAPI\\Reports\\hr\\20190717_190837\\requests\\main\\5.har</message>
  <nestedLevel>1</nestedLevel>
  <property name="harId">86aaf354-f90c-486e-af44-cab91839f0a3</property>
</record>
<record>
  <date>2019-07-17T19:08:44</date>
  <millis>1563361724247</millis>
  <sequence>154</sequence>
  <level>PASSED</level>
  <class>com.kms.katalon.core.logging.XmlKeywordLogger</class>
  <method>logMessage</method>
  <thread>1</thread>
  <message>Send request successfully</message>
  <nestedLevel>1</nestedLevel>
</record>
<record>
  <date>2019-07-17T19:08:44</date>
  <millis>1563361724248</millis>
  <sequence>155</sequence>
  <level>END</level>
  <class>com.kms.katalon.core.logging.XmlKeywordLogger</class>
  <method>endKeyword</method>
  <thread>1</thread>
  <message>End action : RS = sendRequest(findTestObject(\&amp;quot;HR/jx\&amp;quot;))</message>
  <nestedLevel>1</nestedLevel>
</record>
<record>
  <date>2019-07-17T19:08:44</date>
  <millis>1563361724248</millis>
  <sequence>156</sequence>
  <level>START</level>
  <class>com.kms.katalon.core.logging.XmlKeywordLogger</class>
  <method>startKeyword</method>
  <thread>1</thread>
  <message>Start action : verifyElementPropertyValue(RS, \&amp;quot;d.userName\&amp;quot;, \&amp;quot;\u66F9\u4E1C\&amp;quot;)</message>
  <nestedLevel>1</nestedLevel>
  <property name="startLine">29</property>
  <property name="stepIndex">5</property>
</record>
<record>
  <date>2019-07-17T19:08:44</date>
  <millis>1563361724272</millis>
  <sequence>158</sequence>
  <level>PASSED</level>
  <class>com.kms.katalon.core.logging.XmlKeywordLogger</class>
  <method>logMessage</method>
  <thread>1</thread>
  <message>Verify element property value successfully</message>
  <nestedLevel>1</nestedLevel>
</record>
<record>
  <date>2019-07-17T19:08:44</date>
  <millis>1563361724272</millis>
  <sequence>159</sequence>
  <level>END</level>
  <class>com.kms.katalon.core.logging.XmlKeywordLogger</class>
  <method>endKeyword</method>
  <thread>1</thread>
  <message>End action : verifyElementPropertyValue(RS, \&amp;quot;d.userName\&amp;quot;, \&amp;quot;\u66F9\u4E1C\&amp;quot;)</message>
  <nestedLevel>1</nestedLevel>
</record>
<record>
  <date>2019-07-17T19:08:44</date>
  <millis>1563361724272</millis>
  <sequence>160</sequence>
  <level>PASSED</level>
  <class>com.kms.katalon.core.logging.XmlKeywordLogger</class>
  <method>logMessage</method>
  <thread>1</thread>
  <message>Test Cases/hr</message>
  <nestedLevel>1</nestedLevel>
</record>
<record>
  <date>2019-07-17T19:08:44</date>
  <millis>1563361724273</millis>
  <sequence>161</sequence>
  <level>END</level>
  <class>com.kms.katalon.core.logging.XmlKeywordLogger</class>
  <method>endTest</method>
  <thread>1</thread>
  <message>End Test Case : Test Cases/hr</message>
  <nestedLevel>0</nestedLevel>
</record>
<record>
  <date>2019-07-17T19:08:44</date>
  <millis>1563361724386</millis>
  <sequence>162</sequence>
  <level>END</level>
  <class>com.kms.katalon.core.logging.XmlKeywordLogger</class>
  <method>endSuite</method>
  <thread>1</thread>
  <message>End Test Suite : Test Suites/hr</message>
  <nestedLevel>0</nestedLevel>
</record>
</log>
