<?xml version="1.0" encoding="UTF-8" standalone="no"?>
<!DOCTYPE log SYSTEM "logger.dtd">
<log>
<record>
  <date>2019-07-17T18:22:05</date>
  <millis>1563358925977</millis>
  <sequence>0</sequence>
  <level>START</level>
  <class>com.kms.katalon.core.logging.XmlKeywordLogger</class>
  <method>startSuite</method>
  <thread>1</thread>
  <message>Start Test Suite : Test Suites/hr</message>
  <nestedLevel>0</nestedLevel>
  <property name="name">hr</property>
  <property name="description"></property>
  <property name="id">Test Suites/hr</property>
</record>
<record>
  <date>2019-07-17T18:22:06</date>
  <millis>1563358926002</millis>
  <sequence>1</sequence>
  <level>RUN_DATA</level>
  <class>com.kms.katalon.core.logging.XmlKeywordLogger</class>
  <method>logMessage</method>
  <thread>1</thread>
  <message>hostName = BW - 172.16.3.58</message>
  <nestedLevel>0</nestedLevel>
  <property name="hostName">BW - 172.16.3.58</property>
</record>
<record>
  <date>2019-07-17T18:22:06</date>
  <millis>1563358926004</millis>
  <sequence>2</sequence>
  <level>RUN_DATA</level>
  <class>com.kms.katalon.core.logging.XmlKeywordLogger</class>
  <method>logMessage</method>
  <thread>1</thread>
  <message>os = Windows 10 64bit</message>
  <nestedLevel>0</nestedLevel>
  <property name="os">Windows 10 64bit</property>
</record>
<record>
  <date>2019-07-17T18:22:06</date>
  <millis>1563358926005</millis>
  <sequence>3</sequence>
  <level>RUN_DATA</level>
  <class>com.kms.katalon.core.logging.XmlKeywordLogger</class>
  <method>logMessage</method>
  <thread>1</thread>
  <message>hostAddress = 172.16.3.58</message>
  <nestedLevel>0</nestedLevel>
  <property name="hostAddress">172.16.3.58</property>
</record>
<record>
  <date>2019-07-17T18:22:06</date>
  <millis>1563358926007</millis>
  <sequence>4</sequence>
  <level>RUN_DATA</level>
  <class>com.kms.katalon.core.logging.XmlKeywordLogger</class>
  <method>logMessage</method>
  <thread>1</thread>
  <message>katalonVersion = 6.2.1.2</message>
  <nestedLevel>0</nestedLevel>
  <property name="katalonVersion">6.2.1.2</property>
</record>
<record>
  <date>2019-07-17T18:22:06</date>
  <millis>1563358926388</millis>
  <sequence>5</sequence>
  <level>START</level>
  <class>com.kms.katalon.core.logging.XmlKeywordLogger</class>
  <method>startTest</method>
  <thread>1</thread>
  <message>Start Test Case : Test Cases/hr</message>
  <nestedLevel>1</nestedLevel>
  <property name="name">Test Cases/hr</property>
  <property name="description"></property>
  <property name="id">Test Cases/hr</property>
  <property name="source">E:\\TestTools\\KatalonDATA\\TestAPI\\Test Cases\\hr.tc</property>
  <property name="tag"></property>
  <property name="isOptional">false</property>
</record>
<record>
  <date>2019-07-17T18:22:06</date>
  <millis>1563358926444</millis>
  <sequence>7</sequence>
  <level>INFO</level>
  <class>com.kms.katalon.core.logging.XmlKeywordLogger</class>
  <method>logMessage</method>
  <thread>1</thread>
  <message>uid = 42</message>
  <nestedLevel>1</nestedLevel>
</record>
<record>
  <date>2019-07-17T18:22:07</date>
  <millis>1563358927044</millis>
  <sequence>8</sequence>
  <level>START</level>
  <class>com.kms.katalon.core.logging.XmlKeywordLogger</class>
  <method>startKeyword</method>
  <thread>1</thread>
  <message>Start action : RE = sendRequest(findTestObject(\&amp;quot;HR/get-cookie\&amp;quot;, [\&amp;quot;uid\&amp;quot;:uid]))</message>
  <nestedLevel>1</nestedLevel>
  <property name="startLine">16</property>
  <property name="stepIndex">1</property>
</record>
<record>
  <date>2019-07-17T18:22:08</date>
  <millis>1563358928271</millis>
  <sequence>11</sequence>
  <level>INFO</level>
  <class>com.kms.katalon.core.logging.XmlKeywordLogger</class>
  <method>logMessage</method>
  <thread>1</thread>
  <message>HAR: E:\\TestTools\\KatalonDATA\\TestAPI\\Reports\\hr\\20190717_182203\\requests\\main\\0.har</message>
  <nestedLevel>1</nestedLevel>
  <property name="harId">956e831b-73e0-40bc-b81f-9c5374cb1a8c</property>
</record>
<record>
  <date>2019-07-17T18:22:08</date>
  <millis>1563358928413</millis>
  <sequence>12</sequence>
  <level>PASSED</level>
  <class>com.kms.katalon.core.logging.XmlKeywordLogger</class>
  <method>logMessage</method>
  <thread>1</thread>
  <message>Send request successfully</message>
  <nestedLevel>1</nestedLevel>
</record>
<record>
  <date>2019-07-17T18:22:08</date>
  <millis>1563358928414</millis>
  <sequence>13</sequence>
  <level>END</level>
  <class>com.kms.katalon.core.logging.XmlKeywordLogger</class>
  <method>endKeyword</method>
  <thread>1</thread>
  <message>End action : RE = sendRequest(findTestObject(\&amp;quot;HR/get-cookie\&amp;quot;, [\&amp;quot;uid\&amp;quot;:uid]))</message>
  <nestedLevel>1</nestedLevel>
</record>
<record>
  <date>2019-07-17T18:22:08</date>
  <millis>1563358928414</millis>
  <sequence>14</sequence>
  <level>START</level>
  <class>com.kms.katalon.core.logging.XmlKeywordLogger</class>
  <method>startKeyword</method>
  <thread>1</thread>
  <message>Start action : verifyElementPropertyValue(RE, \&amp;quot;d\&amp;quot;, \&amp;quot;SUCCESS\&amp;quot;)</message>
  <nestedLevel>1</nestedLevel>
  <property name="startLine">18</property>
  <property name="stepIndex">2</property>
</record>
<record>
  <date>2019-07-17T18:22:08</date>
  <millis>1563358928516</millis>
  <sequence>16</sequence>
  <level>PASSED</level>
  <class>com.kms.katalon.core.logging.XmlKeywordLogger</class>
  <method>logMessage</method>
  <thread>1</thread>
  <message>Verify element property value successfully</message>
  <nestedLevel>1</nestedLevel>
</record>
<record>
  <date>2019-07-17T18:22:08</date>
  <millis>1563358928517</millis>
  <sequence>17</sequence>
  <level>END</level>
  <class>com.kms.katalon.core.logging.XmlKeywordLogger</class>
  <method>endKeyword</method>
  <thread>1</thread>
  <message>End action : verifyElementPropertyValue(RE, \&amp;quot;d\&amp;quot;, \&amp;quot;SUCCESS\&amp;quot;)</message>
  <nestedLevel>1</nestedLevel>
</record>
<record>
  <date>2019-07-17T18:22:08</date>
  <millis>1563358928518</millis>
  <sequence>18</sequence>
  <level>START</level>
  <class>com.kms.katalon.core.logging.XmlKeywordLogger</class>
  <method>startKeyword</method>
  <thread>1</thread>
  <message>Start action : delay(1)</message>
  <nestedLevel>1</nestedLevel>
  <property name="startLine">20</property>
  <property name="stepIndex">3</property>
</record>
<record>
  <date>2019-07-17T18:22:09</date>
  <millis>1563358929541</millis>
  <sequence>20</sequence>
  <level>PASSED</level>
  <class>com.kms.katalon.core.logging.XmlKeywordLogger</class>
  <method>logMessage</method>
  <thread>1</thread>
  <message>Delayed 1 second(s)</message>
  <nestedLevel>1</nestedLevel>
</record>
<record>
  <date>2019-07-17T18:22:09</date>
  <millis>1563358929542</millis>
  <sequence>21</sequence>
  <level>END</level>
  <class>com.kms.katalon.core.logging.XmlKeywordLogger</class>
  <method>endKeyword</method>
  <thread>1</thread>
  <message>End action : delay(1)</message>
  <nestedLevel>1</nestedLevel>
</record>
<record>
  <date>2019-07-17T18:22:09</date>
  <millis>1563358929542</millis>
  <sequence>22</sequence>
  <level>START</level>
  <class>com.kms.katalon.core.logging.XmlKeywordLogger</class>
  <method>startKeyword</method>
  <thread>1</thread>
  <message>Start action : sendRequest(findTestObject(\&amp;quot;HR/jx\&amp;quot;, [\&amp;quot;cook\&amp;quot;:cook]))</message>
  <nestedLevel>1</nestedLevel>
  <property name="startLine">22</property>
  <property name="stepIndex">4</property>
</record>
<record>
  <date>2019-07-17T18:22:09</date>
  <millis>1563358929992</millis>
  <sequence>41</sequence>
  <level>INFO</level>
  <class>com.kms.katalon.core.logging.XmlKeywordLogger</class>
  <method>logMessage</method>
  <thread>1</thread>
  <message>HAR: E:\\TestTools\\KatalonDATA\\TestAPI\\Reports\\hr\\20190717_182203\\requests\\main\\1.har</message>
  <nestedLevel>1</nestedLevel>
  <property name="harId">2fd0e135-1d9a-4548-9f00-7816839c6fd4</property>
</record>
<record>
  <date>2019-07-17T18:22:09</date>
  <millis>1563358929998</millis>
  <sequence>42</sequence>
  <level>PASSED</level>
  <class>com.kms.katalon.core.logging.XmlKeywordLogger</class>
  <method>logMessage</method>
  <thread>1</thread>
  <message>Send request successfully</message>
  <nestedLevel>1</nestedLevel>
</record>
<record>
  <date>2019-07-17T18:22:09</date>
  <millis>1563358929998</millis>
  <sequence>43</sequence>
  <level>END</level>
  <class>com.kms.katalon.core.logging.XmlKeywordLogger</class>
  <method>endKeyword</method>
  <thread>1</thread>
  <message>End action : sendRequest(findTestObject(\&amp;quot;HR/jx\&amp;quot;, [\&amp;quot;cook\&amp;quot;:cook]))</message>
  <nestedLevel>1</nestedLevel>
</record>
<record>
  <date>2019-07-17T18:22:09</date>
  <millis>1563358929998</millis>
  <sequence>44</sequence>
  <level>PASSED</level>
  <class>com.kms.katalon.core.logging.XmlKeywordLogger</class>
  <method>logMessage</method>
  <thread>1</thread>
  <message>Test Cases/hr</message>
  <nestedLevel>1</nestedLevel>
</record>
<record>
  <date>2019-07-17T18:22:09</date>
  <millis>1563358929998</millis>
  <sequence>45</sequence>
  <level>END</level>
  <class>com.kms.katalon.core.logging.XmlKeywordLogger</class>
  <method>endTest</method>
  <thread>1</thread>
  <message>End Test Case : Test Cases/hr</message>
  <nestedLevel>0</nestedLevel>
</record>
<record>
  <date>2019-07-17T18:22:09</date>
  <millis>1563358929998</millis>
  <sequence>46</sequence>
  <level>START</level>
  <class>com.kms.katalon.core.logging.XmlKeywordLogger</class>
  <method>startTest</method>
  <thread>1</thread>
  <message>Start Test Case : Test Cases/hr</message>
  <nestedLevel>1</nestedLevel>
  <property name="name">Test Cases/hr</property>
  <property name="description"></property>
  <property name="id">Test Cases/hr</property>
  <property name="source">E:\\TestTools\\KatalonDATA\\TestAPI\\Test Cases\\hr.tc</property>
  <property name="tag"></property>
  <property name="isOptional">false</property>
</record>
<record>
  <date>2019-07-17T18:22:10</date>
  <millis>1563358930029</millis>
  <sequence>48</sequence>
  <level>INFO</level>
  <class>com.kms.katalon.core.logging.XmlKeywordLogger</class>
  <method>logMessage</method>
  <thread>1</thread>
  <message>uid = 3</message>
  <nestedLevel>1</nestedLevel>
</record>
<record>
  <date>2019-07-17T18:22:10</date>
  <millis>1563358930045</millis>
  <sequence>49</sequence>
  <level>START</level>
  <class>com.kms.katalon.core.logging.XmlKeywordLogger</class>
  <method>startKeyword</method>
  <thread>1</thread>
  <message>Start action : RE = sendRequest(findTestObject(\&amp;quot;HR/get-cookie\&amp;quot;, [\&amp;quot;uid\&amp;quot;:uid]))</message>
  <nestedLevel>1</nestedLevel>
  <property name="startLine">16</property>
  <property name="stepIndex">1</property>
</record>
<record>
  <date>2019-07-17T18:22:10</date>
  <millis>1563358930091</millis>
  <sequence>52</sequence>
  <level>INFO</level>
  <class>com.kms.katalon.core.logging.XmlKeywordLogger</class>
  <method>logMessage</method>
  <thread>1</thread>
  <message>HAR: E:\\TestTools\\KatalonDATA\\TestAPI\\Reports\\hr\\20190717_182203\\requests\\main\\2.har</message>
  <nestedLevel>1</nestedLevel>
  <property name="harId">149417c4-40a5-44cd-88d2-22cb06c27928</property>
</record>
<record>
  <date>2019-07-17T18:22:10</date>
  <millis>1563358930094</millis>
  <sequence>53</sequence>
  <level>PASSED</level>
  <class>com.kms.katalon.core.logging.XmlKeywordLogger</class>
  <method>logMessage</method>
  <thread>1</thread>
  <message>Send request successfully</message>
  <nestedLevel>1</nestedLevel>
</record>
<record>
  <date>2019-07-17T18:22:10</date>
  <millis>1563358930095</millis>
  <sequence>54</sequence>
  <level>END</level>
  <class>com.kms.katalon.core.logging.XmlKeywordLogger</class>
  <method>endKeyword</method>
  <thread>1</thread>
  <message>End action : RE = sendRequest(findTestObject(\&amp;quot;HR/get-cookie\&amp;quot;, [\&amp;quot;uid\&amp;quot;:uid]))</message>
  <nestedLevel>1</nestedLevel>
</record>
<record>
  <date>2019-07-17T18:22:10</date>
  <millis>1563358930095</millis>
  <sequence>55</sequence>
  <level>START</level>
  <class>com.kms.katalon.core.logging.XmlKeywordLogger</class>
  <method>startKeyword</method>
  <thread>1</thread>
  <message>Start action : verifyElementPropertyValue(RE, \&amp;quot;d\&amp;quot;, \&amp;quot;SUCCESS\&amp;quot;)</message>
  <nestedLevel>1</nestedLevel>
  <property name="startLine">18</property>
  <property name="stepIndex">2</property>
</record>
<record>
  <date>2019-07-17T18:22:10</date>
  <millis>1563358930112</millis>
  <sequence>57</sequence>
  <level>PASSED</level>
  <class>com.kms.katalon.core.logging.XmlKeywordLogger</class>
  <method>logMessage</method>
  <thread>1</thread>
  <message>Verify element property value successfully</message>
  <nestedLevel>1</nestedLevel>
</record>
<record>
  <date>2019-07-17T18:22:10</date>
  <millis>1563358930112</millis>
  <sequence>58</sequence>
  <level>END</level>
  <class>com.kms.katalon.core.logging.XmlKeywordLogger</class>
  <method>endKeyword</method>
  <thread>1</thread>
  <message>End action : verifyElementPropertyValue(RE, \&amp;quot;d\&amp;quot;, \&amp;quot;SUCCESS\&amp;quot;)</message>
  <nestedLevel>1</nestedLevel>
</record>
<record>
  <date>2019-07-17T18:22:10</date>
  <millis>1563358930112</millis>
  <sequence>59</sequence>
  <level>START</level>
  <class>com.kms.katalon.core.logging.XmlKeywordLogger</class>
  <method>startKeyword</method>
  <thread>1</thread>
  <message>Start action : delay(1)</message>
  <nestedLevel>1</nestedLevel>
  <property name="startLine">20</property>
  <property name="stepIndex">3</property>
</record>
<record>
  <date>2019-07-17T18:22:11</date>
  <millis>1563358931112</millis>
  <sequence>61</sequence>
  <level>PASSED</level>
  <class>com.kms.katalon.core.logging.XmlKeywordLogger</class>
  <method>logMessage</method>
  <thread>1</thread>
  <message>Delayed 1 second(s)</message>
  <nestedLevel>1</nestedLevel>
</record>
<record>
  <date>2019-07-17T18:22:11</date>
  <millis>1563358931112</millis>
  <sequence>62</sequence>
  <level>END</level>
  <class>com.kms.katalon.core.logging.XmlKeywordLogger</class>
  <method>endKeyword</method>
  <thread>1</thread>
  <message>End action : delay(1)</message>
  <nestedLevel>1</nestedLevel>
</record>
<record>
  <date>2019-07-17T18:22:11</date>
  <millis>1563358931113</millis>
  <sequence>63</sequence>
  <level>START</level>
  <class>com.kms.katalon.core.logging.XmlKeywordLogger</class>
  <method>startKeyword</method>
  <thread>1</thread>
  <message>Start action : sendRequest(findTestObject(\&amp;quot;HR/jx\&amp;quot;, [\&amp;quot;cook\&amp;quot;:cook]))</message>
  <nestedLevel>1</nestedLevel>
  <property name="startLine">22</property>
  <property name="stepIndex">4</property>
</record>
<record>
  <date>2019-07-17T18:22:11</date>
  <millis>1563358931293</millis>
  <sequence>66</sequence>
  <level>INFO</level>
  <class>com.kms.katalon.core.logging.XmlKeywordLogger</class>
  <method>logMessage</method>
  <thread>1</thread>
  <message>HAR: E:\\TestTools\\KatalonDATA\\TestAPI\\Reports\\hr\\20190717_182203\\requests\\main\\3.har</message>
  <nestedLevel>1</nestedLevel>
  <property name="harId">02152a76-089a-478d-862b-82bd7cc699e6</property>
</record>
<record>
  <date>2019-07-17T18:22:11</date>
  <millis>1563358931295</millis>
  <sequence>67</sequence>
  <level>PASSED</level>
  <class>com.kms.katalon.core.logging.XmlKeywordLogger</class>
  <method>logMessage</method>
  <thread>1</thread>
  <message>Send request successfully</message>
  <nestedLevel>1</nestedLevel>
</record>
<record>
  <date>2019-07-17T18:22:11</date>
  <millis>1563358931295</millis>
  <sequence>68</sequence>
  <level>END</level>
  <class>com.kms.katalon.core.logging.XmlKeywordLogger</class>
  <method>endKeyword</method>
  <thread>1</thread>
  <message>End action : sendRequest(findTestObject(\&amp;quot;HR/jx\&amp;quot;, [\&amp;quot;cook\&amp;quot;:cook]))</message>
  <nestedLevel>1</nestedLevel>
</record>
<record>
  <date>2019-07-17T18:22:11</date>
  <millis>1563358931295</millis>
  <sequence>69</sequence>
  <level>PASSED</level>
  <class>com.kms.katalon.core.logging.XmlKeywordLogger</class>
  <method>logMessage</method>
  <thread>1</thread>
  <message>Test Cases/hr</message>
  <nestedLevel>1</nestedLevel>
</record>
<record>
  <date>2019-07-17T18:22:11</date>
  <millis>1563358931295</millis>
  <sequence>70</sequence>
  <level>END</level>
  <class>com.kms.katalon.core.logging.XmlKeywordLogger</class>
  <method>endTest</method>
  <thread>1</thread>
  <message>End Test Case : Test Cases/hr</message>
  <nestedLevel>0</nestedLevel>
</record>
<record>
  <date>2019-07-17T18:22:11</date>
  <millis>1563358931311</millis>
  <sequence>71</sequence>
  <level>START</level>
  <class>com.kms.katalon.core.logging.XmlKeywordLogger</class>
  <method>startTest</method>
  <thread>1</thread>
  <message>Start Test Case : Test Cases/hr</message>
  <nestedLevel>1</nestedLevel>
  <property name="name">Test Cases/hr</property>
  <property name="description"></property>
  <property name="id">Test Cases/hr</property>
  <property name="source">E:\\TestTools\\KatalonDATA\\TestAPI\\Test Cases\\hr.tc</property>
  <property name="tag"></property>
  <property name="isOptional">false</property>
</record>
<record>
  <date>2019-07-17T18:22:11</date>
  <millis>1563358931311</millis>
  <sequence>73</sequence>
  <level>INFO</level>
  <class>com.kms.katalon.core.logging.XmlKeywordLogger</class>
  <method>logMessage</method>
  <thread>1</thread>
  <message>uid = 526</message>
  <nestedLevel>1</nestedLevel>
</record>
<record>
  <date>2019-07-17T18:22:11</date>
  <millis>1563358931311</millis>
  <sequence>74</sequence>
  <level>START</level>
  <class>com.kms.katalon.core.logging.XmlKeywordLogger</class>
  <method>startKeyword</method>
  <thread>1</thread>
  <message>Start action : RE = sendRequest(findTestObject(\&amp;quot;HR/get-cookie\&amp;quot;, [\&amp;quot;uid\&amp;quot;:uid]))</message>
  <nestedLevel>1</nestedLevel>
  <property name="startLine">16</property>
  <property name="stepIndex">1</property>
</record>
<record>
  <date>2019-07-17T18:22:11</date>
  <millis>1563358931358</millis>
  <sequence>77</sequence>
  <level>INFO</level>
  <class>com.kms.katalon.core.logging.XmlKeywordLogger</class>
  <method>logMessage</method>
  <thread>1</thread>
  <message>HAR: E:\\TestTools\\KatalonDATA\\TestAPI\\Reports\\hr\\20190717_182203\\requests\\main\\4.har</message>
  <nestedLevel>1</nestedLevel>
  <property name="harId">61e05e1a-e1f2-4f7b-bc7a-7e4a8c484e66</property>
</record>
<record>
  <date>2019-07-17T18:22:11</date>
  <millis>1563358931368</millis>
  <sequence>78</sequence>
  <level>PASSED</level>
  <class>com.kms.katalon.core.logging.XmlKeywordLogger</class>
  <method>logMessage</method>
  <thread>1</thread>
  <message>Send request successfully</message>
  <nestedLevel>1</nestedLevel>
</record>
<record>
  <date>2019-07-17T18:22:11</date>
  <millis>1563358931369</millis>
  <sequence>79</sequence>
  <level>END</level>
  <class>com.kms.katalon.core.logging.XmlKeywordLogger</class>
  <method>endKeyword</method>
  <thread>1</thread>
  <message>End action : RE = sendRequest(findTestObject(\&amp;quot;HR/get-cookie\&amp;quot;, [\&amp;quot;uid\&amp;quot;:uid]))</message>
  <nestedLevel>1</nestedLevel>
</record>
<record>
  <date>2019-07-17T18:22:11</date>
  <millis>1563358931369</millis>
  <sequence>80</sequence>
  <level>START</level>
  <class>com.kms.katalon.core.logging.XmlKeywordLogger</class>
  <method>startKeyword</method>
  <thread>1</thread>
  <message>Start action : verifyElementPropertyValue(RE, \&amp;quot;d\&amp;quot;, \&amp;quot;SUCCESS\&amp;quot;)</message>
  <nestedLevel>1</nestedLevel>
  <property name="startLine">18</property>
  <property name="stepIndex">2</property>
</record>
<record>
  <date>2019-07-17T18:22:11</date>
  <millis>1563358931377</millis>
  <sequence>82</sequence>
  <level>PASSED</level>
  <class>com.kms.katalon.core.logging.XmlKeywordLogger</class>
  <method>logMessage</method>
  <thread>1</thread>
  <message>Verify element property value successfully</message>
  <nestedLevel>1</nestedLevel>
</record>
<record>
  <date>2019-07-17T18:22:11</date>
  <millis>1563358931392</millis>
  <sequence>83</sequence>
  <level>END</level>
  <class>com.kms.katalon.core.logging.XmlKeywordLogger</class>
  <method>endKeyword</method>
  <thread>1</thread>
  <message>End action : verifyElementPropertyValue(RE, \&amp;quot;d\&amp;quot;, \&amp;quot;SUCCESS\&amp;quot;)</message>
  <nestedLevel>1</nestedLevel>
</record>
<record>
  <date>2019-07-17T18:22:11</date>
  <millis>1563358931392</millis>
  <sequence>84</sequence>
  <level>START</level>
  <class>com.kms.katalon.core.logging.XmlKeywordLogger</class>
  <method>startKeyword</method>
  <thread>1</thread>
  <message>Start action : delay(1)</message>
  <nestedLevel>1</nestedLevel>
  <property name="startLine">20</property>
  <property name="stepIndex">3</property>
</record>
<record>
  <date>2019-07-17T18:22:12</date>
  <millis>1563358932394</millis>
  <sequence>86</sequence>
  <level>PASSED</level>
  <class>com.kms.katalon.core.logging.XmlKeywordLogger</class>
  <method>logMessage</method>
  <thread>1</thread>
  <message>Delayed 1 second(s)</message>
  <nestedLevel>1</nestedLevel>
</record>
<record>
  <date>2019-07-17T18:22:12</date>
  <millis>1563358932396</millis>
  <sequence>87</sequence>
  <level>END</level>
  <class>com.kms.katalon.core.logging.XmlKeywordLogger</class>
  <method>endKeyword</method>
  <thread>1</thread>
  <message>End action : delay(1)</message>
  <nestedLevel>1</nestedLevel>
</record>
<record>
  <date>2019-07-17T18:22:12</date>
  <millis>1563358932397</millis>
  <sequence>88</sequence>
  <level>START</level>
  <class>com.kms.katalon.core.logging.XmlKeywordLogger</class>
  <method>startKeyword</method>
  <thread>1</thread>
  <message>Start action : sendRequest(findTestObject(\&amp;quot;HR/jx\&amp;quot;, [\&amp;quot;cook\&amp;quot;:cook]))</message>
  <nestedLevel>1</nestedLevel>
  <property name="startLine">22</property>
  <property name="stepIndex">4</property>
</record>
<record>
  <date>2019-07-17T18:22:12</date>
  <millis>1563358932576</millis>
  <sequence>91</sequence>
  <level>INFO</level>
  <class>com.kms.katalon.core.logging.XmlKeywordLogger</class>
  <method>logMessage</method>
  <thread>1</thread>
  <message>HAR: E:\\TestTools\\KatalonDATA\\TestAPI\\Reports\\hr\\20190717_182203\\requests\\main\\5.har</message>
  <nestedLevel>1</nestedLevel>
  <property name="harId">d1e4cb2b-5589-4018-8ab4-9dadea56eee5</property>
</record>
<record>
  <date>2019-07-17T18:22:12</date>
  <millis>1563358932578</millis>
  <sequence>92</sequence>
  <level>PASSED</level>
  <class>com.kms.katalon.core.logging.XmlKeywordLogger</class>
  <method>logMessage</method>
  <thread>1</thread>
  <message>Send request successfully</message>
  <nestedLevel>1</nestedLevel>
</record>
<record>
  <date>2019-07-17T18:22:12</date>
  <millis>1563358932578</millis>
  <sequence>93</sequence>
  <level>END</level>
  <class>com.kms.katalon.core.logging.XmlKeywordLogger</class>
  <method>endKeyword</method>
  <thread>1</thread>
  <message>End action : sendRequest(findTestObject(\&amp;quot;HR/jx\&amp;quot;, [\&amp;quot;cook\&amp;quot;:cook]))</message>
  <nestedLevel>1</nestedLevel>
</record>
<record>
  <date>2019-07-17T18:22:12</date>
  <millis>1563358932578</millis>
  <sequence>94</sequence>
  <level>PASSED</level>
  <class>com.kms.katalon.core.logging.XmlKeywordLogger</class>
  <method>logMessage</method>
  <thread>1</thread>
  <message>Test Cases/hr</message>
  <nestedLevel>1</nestedLevel>
</record>
<record>
  <date>2019-07-17T18:22:12</date>
  <millis>1563358932578</millis>
  <sequence>95</sequence>
  <level>END</level>
  <class>com.kms.katalon.core.logging.XmlKeywordLogger</class>
  <method>endTest</method>
  <thread>1</thread>
  <message>End Test Case : Test Cases/hr</message>
  <nestedLevel>0</nestedLevel>
</record>
<record>
  <date>2019-07-17T18:22:12</date>
  <millis>1563358932654</millis>
  <sequence>96</sequence>
  <level>END</level>
  <class>com.kms.katalon.core.logging.XmlKeywordLogger</class>
  <method>endSuite</method>
  <thread>1</thread>
  <message>End Test Suite : Test Suites/hr</message>
  <nestedLevel>0</nestedLevel>
</record>
</log>
