<?xml version="1.0" encoding="UTF-8" standalone="no"?>
<!DOCTYPE log SYSTEM "logger.dtd">
<log>
<record>
  <date>2019-07-17T18:35:05</date>
  <millis>1563359705692</millis>
  <sequence>0</sequence>
  <level>START</level>
  <class>com.kms.katalon.core.logging.XmlKeywordLogger</class>
  <method>startSuite</method>
  <thread>1</thread>
  <message>Start Test Suite : Test Suites/hr</message>
  <nestedLevel>0</nestedLevel>
  <property name="name">hr</property>
  <property name="description"></property>
  <property name="id">Test Suites/hr</property>
</record>
<record>
  <date>2019-07-17T18:35:05</date>
  <millis>1563359705716</millis>
  <sequence>1</sequence>
  <level>RUN_DATA</level>
  <class>com.kms.katalon.core.logging.XmlKeywordLogger</class>
  <method>logMessage</method>
  <thread>1</thread>
  <message>hostName = BW - 172.16.3.58</message>
  <nestedLevel>0</nestedLevel>
  <property name="hostName">BW - 172.16.3.58</property>
</record>
<record>
  <date>2019-07-17T18:35:05</date>
  <millis>1563359705720</millis>
  <sequence>2</sequence>
  <level>RUN_DATA</level>
  <class>com.kms.katalon.core.logging.XmlKeywordLogger</class>
  <method>logMessage</method>
  <thread>1</thread>
  <message>os = Windows 10 64bit</message>
  <nestedLevel>0</nestedLevel>
  <property name="os">Windows 10 64bit</property>
</record>
<record>
  <date>2019-07-17T18:35:05</date>
  <millis>1563359705722</millis>
  <sequence>3</sequence>
  <level>RUN_DATA</level>
  <class>com.kms.katalon.core.logging.XmlKeywordLogger</class>
  <method>logMessage</method>
  <thread>1</thread>
  <message>hostAddress = 172.16.3.58</message>
  <nestedLevel>0</nestedLevel>
  <property name="hostAddress">172.16.3.58</property>
</record>
<record>
  <date>2019-07-17T18:35:05</date>
  <millis>1563359705724</millis>
  <sequence>4</sequence>
  <level>RUN_DATA</level>
  <class>com.kms.katalon.core.logging.XmlKeywordLogger</class>
  <method>logMessage</method>
  <thread>1</thread>
  <message>katalonVersion = 6.2.1.2</message>
  <nestedLevel>0</nestedLevel>
  <property name="katalonVersion">6.2.1.2</property>
</record>
<record>
  <date>2019-07-17T18:35:06</date>
  <millis>1563359706066</millis>
  <sequence>5</sequence>
  <level>START</level>
  <class>com.kms.katalon.core.logging.XmlKeywordLogger</class>
  <method>startTest</method>
  <thread>1</thread>
  <message>Start Test Case : Test Cases/hr</message>
  <nestedLevel>1</nestedLevel>
  <property name="name">Test Cases/hr</property>
  <property name="description"></property>
  <property name="id">Test Cases/hr</property>
  <property name="source">E:\\TestTools\\KatalonDATA\\TestAPI\\Test Cases\\hr.tc</property>
  <property name="tag"></property>
  <property name="isOptional">false</property>
</record>
<record>
  <date>2019-07-17T18:35:06</date>
  <millis>1563359706120</millis>
  <sequence>7</sequence>
  <level>INFO</level>
  <class>com.kms.katalon.core.logging.XmlKeywordLogger</class>
  <method>logMessage</method>
  <thread>1</thread>
  <message>uid = 42</message>
  <nestedLevel>1</nestedLevel>
</record>
<record>
  <date>2019-07-17T18:35:06</date>
  <millis>1563359706876</millis>
  <sequence>8</sequence>
  <level>START</level>
  <class>com.kms.katalon.core.logging.XmlKeywordLogger</class>
  <method>startKeyword</method>
  <thread>1</thread>
  <message>Start action : RE = sendRequest(findTestObject(\&amp;quot;HR/get-cookie\&amp;quot;, [\&amp;quot;uid\&amp;quot;:uid]))</message>
  <nestedLevel>1</nestedLevel>
  <property name="startLine">28</property>
  <property name="stepIndex">1</property>
</record>
<record>
  <date>2019-07-17T18:35:07</date>
  <millis>1563359707975</millis>
  <sequence>11</sequence>
  <level>INFO</level>
  <class>com.kms.katalon.core.logging.XmlKeywordLogger</class>
  <method>logMessage</method>
  <thread>1</thread>
  <message>HAR: E:\\TestTools\\KatalonDATA\\TestAPI\\Reports\\hr\\20190717_183503\\requests\\main\\0.har</message>
  <nestedLevel>1</nestedLevel>
  <property name="harId">3dc7e034-51cc-47cf-812a-5bd4a882a068</property>
</record>
<record>
  <date>2019-07-17T18:35:08</date>
  <millis>1563359708201</millis>
  <sequence>12</sequence>
  <level>PASSED</level>
  <class>com.kms.katalon.core.logging.XmlKeywordLogger</class>
  <method>logMessage</method>
  <thread>1</thread>
  <message>Send request successfully</message>
  <nestedLevel>1</nestedLevel>
</record>
<record>
  <date>2019-07-17T18:35:08</date>
  <millis>1563359708203</millis>
  <sequence>13</sequence>
  <level>END</level>
  <class>com.kms.katalon.core.logging.XmlKeywordLogger</class>
  <method>endKeyword</method>
  <thread>1</thread>
  <message>End action : RE = sendRequest(findTestObject(\&amp;quot;HR/get-cookie\&amp;quot;, [\&amp;quot;uid\&amp;quot;:uid]))</message>
  <nestedLevel>1</nestedLevel>
</record>
<record>
  <date>2019-07-17T18:35:08</date>
  <millis>1563359708203</millis>
  <sequence>14</sequence>
  <level>START</level>
  <class>com.kms.katalon.core.logging.XmlKeywordLogger</class>
  <method>startKeyword</method>
  <thread>1</thread>
  <message>Start action : verifyElementPropertyValue(RE, \&amp;quot;d\&amp;quot;, \&amp;quot;SUCCESS\&amp;quot;)</message>
  <nestedLevel>1</nestedLevel>
  <property name="startLine">30</property>
  <property name="stepIndex">2</property>
</record>
<record>
  <date>2019-07-17T18:35:08</date>
  <millis>1563359708308</millis>
  <sequence>16</sequence>
  <level>PASSED</level>
  <class>com.kms.katalon.core.logging.XmlKeywordLogger</class>
  <method>logMessage</method>
  <thread>1</thread>
  <message>Verify element property value successfully</message>
  <nestedLevel>1</nestedLevel>
</record>
<record>
  <date>2019-07-17T18:35:08</date>
  <millis>1563359708310</millis>
  <sequence>17</sequence>
  <level>END</level>
  <class>com.kms.katalon.core.logging.XmlKeywordLogger</class>
  <method>endKeyword</method>
  <thread>1</thread>
  <message>End action : verifyElementPropertyValue(RE, \&amp;quot;d\&amp;quot;, \&amp;quot;SUCCESS\&amp;quot;)</message>
  <nestedLevel>1</nestedLevel>
</record>
<record>
  <date>2019-07-17T18:35:08</date>
  <millis>1563359708318</millis>
  <sequence>18</sequence>
  <level>START</level>
  <class>com.kms.katalon.core.logging.XmlKeywordLogger</class>
  <method>startKeyword</method>
  <thread>1</thread>
  <message>Start action : getCookie(RE)</message>
  <nestedLevel>1</nestedLevel>
  <property name="startLine">32</property>
  <property name="stepIndex">3</property>
</record>
<record>
  <date>2019-07-17T18:35:08</date>
  <millis>1563359708319</millis>
  <sequence>19</sequence>
  <level>END</level>
  <class>com.kms.katalon.core.logging.XmlKeywordLogger</class>
  <method>endKeyword</method>
  <thread>1</thread>
  <message>End action : getCookie(RE)</message>
  <nestedLevel>1</nestedLevel>
</record>
<record>
  <date>2019-07-17T18:35:08</date>
  <millis>1563359708319</millis>
  <sequence>20</sequence>
  <level>START</level>
  <class>com.kms.katalon.core.logging.XmlKeywordLogger</class>
  <method>startKeyword</method>
  <thread>1</thread>
  <message>Start action : rep = headerFields</message>
  <nestedLevel>1</nestedLevel>
  <property name="startLine">42</property>
  <property name="stepIndex">1</property>
</record>
<record>
  <date>2019-07-17T18:35:08</date>
  <millis>1563359708332</millis>
  <sequence>21</sequence>
  <level>END</level>
  <class>com.kms.katalon.core.logging.XmlKeywordLogger</class>
  <method>endKeyword</method>
  <thread>1</thread>
  <message>End action : rep = headerFields</message>
  <nestedLevel>1</nestedLevel>
</record>
<record>
  <date>2019-07-17T18:35:08</date>
  <millis>1563359708332</millis>
  <sequence>22</sequence>
  <level>START</level>
  <class>com.kms.katalon.core.logging.XmlKeywordLogger</class>
  <method>startKeyword</method>
  <thread>1</thread>
  <message>Start action : file = new java.io.File(E://TestTools/KatalonDATA/TestAPI/Data Files/scook.csv)</message>
  <nestedLevel>1</nestedLevel>
  <property name="startLine">43</property>
  <property name="stepIndex">2</property>
</record>
<record>
  <date>2019-07-17T18:35:08</date>
  <millis>1563359708348</millis>
  <sequence>23</sequence>
  <level>END</level>
  <class>com.kms.katalon.core.logging.XmlKeywordLogger</class>
  <method>endKeyword</method>
  <thread>1</thread>
  <message>End action : file = new java.io.File(E://TestTools/KatalonDATA/TestAPI/Data Files/scook.csv)</message>
  <nestedLevel>1</nestedLevel>
</record>
<record>
  <date>2019-07-17T18:35:08</date>
  <millis>1563359708348</millis>
  <sequence>24</sequence>
  <level>START</level>
  <class>com.kms.katalon.core.logging.XmlKeywordLogger</class>
  <method>startKeyword</method>
  <thread>1</thread>
  <message>Start action : out = new java.io.BufferedWriter(new java.io.FileWriter(file))</message>
  <nestedLevel>1</nestedLevel>
  <property name="startLine">44</property>
  <property name="stepIndex">3</property>
</record>
<record>
  <date>2019-07-17T18:35:08</date>
  <millis>1563359708378</millis>
  <sequence>25</sequence>
  <level>END</level>
  <class>com.kms.katalon.core.logging.XmlKeywordLogger</class>
  <method>endKeyword</method>
  <thread>1</thread>
  <message>End action : out = new java.io.BufferedWriter(new java.io.FileWriter(file))</message>
  <nestedLevel>1</nestedLevel>
</record>
<record>
  <date>2019-07-17T18:35:08</date>
  <millis>1563359708378</millis>
  <sequence>26</sequence>
  <level>START</level>
  <class>com.kms.katalon.core.logging.XmlKeywordLogger</class>
  <method>startKeyword</method>
  <thread>1</thread>
  <message>Start action : cok = get(\&amp;quot;Set-Cookie\&amp;quot;)[0].split(\&amp;quot;;\&amp;quot;)[0]</message>
  <nestedLevel>1</nestedLevel>
  <property name="startLine">45</property>
  <property name="stepIndex">4</property>
</record>
<record>
  <date>2019-07-17T18:35:08</date>
  <millis>1563359708457</millis>
  <sequence>27</sequence>
  <level>END</level>
  <class>com.kms.katalon.core.logging.XmlKeywordLogger</class>
  <method>endKeyword</method>
  <thread>1</thread>
  <message>End action : cok = get(\&amp;quot;Set-Cookie\&amp;quot;)[0].split(\&amp;quot;;\&amp;quot;)[0]</message>
  <nestedLevel>1</nestedLevel>
</record>
<record>
  <date>2019-07-17T18:35:08</date>
  <millis>1563359708457</millis>
  <sequence>28</sequence>
  <level>START</level>
  <class>com.kms.katalon.core.logging.XmlKeywordLogger</class>
  <method>startKeyword</method>
  <thread>1</thread>
  <message>Start action : println(\&amp;quot;-----------------------------------------------------------\&amp;quot;)</message>
  <nestedLevel>1</nestedLevel>
  <property name="startLine">46</property>
  <property name="stepIndex">5</property>
</record>
<record>
  <date>2019-07-17T18:35:08</date>
  <millis>1563359708457</millis>
  <sequence>29</sequence>
  <level>END</level>
  <class>com.kms.katalon.core.logging.XmlKeywordLogger</class>
  <method>endKeyword</method>
  <thread>1</thread>
  <message>End action : println(\&amp;quot;-----------------------------------------------------------\&amp;quot;)</message>
  <nestedLevel>1</nestedLevel>
</record>
<record>
  <date>2019-07-17T18:35:08</date>
  <millis>1563359708457</millis>
  <sequence>30</sequence>
  <level>START</level>
  <class>com.kms.katalon.core.logging.XmlKeywordLogger</class>
  <method>startKeyword</method>
  <thread>1</thread>
  <message>Start action : println(cok)</message>
  <nestedLevel>1</nestedLevel>
  <property name="startLine">47</property>
  <property name="stepIndex">6</property>
</record>
<record>
  <date>2019-07-17T18:35:08</date>
  <millis>1563359708472</millis>
  <sequence>31</sequence>
  <level>END</level>
  <class>com.kms.katalon.core.logging.XmlKeywordLogger</class>
  <method>endKeyword</method>
  <thread>1</thread>
  <message>End action : println(cok)</message>
  <nestedLevel>1</nestedLevel>
</record>
<record>
  <date>2019-07-17T18:35:08</date>
  <millis>1563359708472</millis>
  <sequence>32</sequence>
  <level>START</level>
  <class>com.kms.katalon.core.logging.XmlKeywordLogger</class>
  <method>startKeyword</method>
  <thread>1</thread>
  <message>Start action : println(\&amp;quot;-----------------------------------------------------------\&amp;quot;)</message>
  <nestedLevel>1</nestedLevel>
  <property name="startLine">48</property>
  <property name="stepIndex">7</property>
</record>
<record>
  <date>2019-07-17T18:35:08</date>
  <millis>1563359708472</millis>
  <sequence>33</sequence>
  <level>END</level>
  <class>com.kms.katalon.core.logging.XmlKeywordLogger</class>
  <method>endKeyword</method>
  <thread>1</thread>
  <message>End action : println(\&amp;quot;-----------------------------------------------------------\&amp;quot;)</message>
  <nestedLevel>1</nestedLevel>
</record>
<record>
  <date>2019-07-17T18:35:08</date>
  <millis>1563359708472</millis>
  <sequence>34</sequence>
  <level>START</level>
  <class>com.kms.katalon.core.logging.XmlKeywordLogger</class>
  <method>startKeyword</method>
  <thread>1</thread>
  <message>Start action : out.write(cok)</message>
  <nestedLevel>1</nestedLevel>
  <property name="startLine">49</property>
  <property name="stepIndex">8</property>
</record>
<record>
  <date>2019-07-17T18:35:08</date>
  <millis>1563359708488</millis>
  <sequence>35</sequence>
  <level>END</level>
  <class>com.kms.katalon.core.logging.XmlKeywordLogger</class>
  <method>endKeyword</method>
  <thread>1</thread>
  <message>End action : out.write(cok)</message>
  <nestedLevel>1</nestedLevel>
</record>
<record>
  <date>2019-07-17T18:35:08</date>
  <millis>1563359708488</millis>
  <sequence>36</sequence>
  <level>START</level>
  <class>com.kms.katalon.core.logging.XmlKeywordLogger</class>
  <method>startKeyword</method>
  <thread>1</thread>
  <message>Start action : out.flush()</message>
  <nestedLevel>1</nestedLevel>
  <property name="startLine">50</property>
  <property name="stepIndex">9</property>
</record>
<record>
  <date>2019-07-17T18:35:08</date>
  <millis>1563359708495</millis>
  <sequence>37</sequence>
  <level>END</level>
  <class>com.kms.katalon.core.logging.XmlKeywordLogger</class>
  <method>endKeyword</method>
  <thread>1</thread>
  <message>End action : out.flush()</message>
  <nestedLevel>1</nestedLevel>
</record>
<record>
  <date>2019-07-17T18:35:08</date>
  <millis>1563359708495</millis>
  <sequence>38</sequence>
  <level>START</level>
  <class>com.kms.katalon.core.logging.XmlKeywordLogger</class>
  <method>startKeyword</method>
  <thread>1</thread>
  <message>Start action : out.close()</message>
  <nestedLevel>1</nestedLevel>
  <property name="startLine">51</property>
  <property name="stepIndex">10</property>
</record>
<record>
  <date>2019-07-17T18:35:08</date>
  <millis>1563359708495</millis>
  <sequence>39</sequence>
  <level>END</level>
  <class>com.kms.katalon.core.logging.XmlKeywordLogger</class>
  <method>endKeyword</method>
  <thread>1</thread>
  <message>End action : out.close()</message>
  <nestedLevel>1</nestedLevel>
</record>
<record>
  <date>2019-07-17T18:35:08</date>
  <millis>1563359708495</millis>
  <sequence>40</sequence>
  <level>START</level>
  <class>com.kms.katalon.core.logging.XmlKeywordLogger</class>
  <method>startKeyword</method>
  <thread>1</thread>
  <message>Start action : delay(1)</message>
  <nestedLevel>1</nestedLevel>
  <property name="startLine">33</property>
  <property name="stepIndex">4</property>
</record>
<record>
  <date>2019-07-17T18:35:09</date>
  <millis>1563359709550</millis>
  <sequence>42</sequence>
  <level>PASSED</level>
  <class>com.kms.katalon.core.logging.XmlKeywordLogger</class>
  <method>logMessage</method>
  <thread>1</thread>
  <message>Delayed 1 second(s)</message>
  <nestedLevel>1</nestedLevel>
</record>
<record>
  <date>2019-07-17T18:35:09</date>
  <millis>1563359709550</millis>
  <sequence>43</sequence>
  <level>END</level>
  <class>com.kms.katalon.core.logging.XmlKeywordLogger</class>
  <method>endKeyword</method>
  <thread>1</thread>
  <message>End action : delay(1)</message>
  <nestedLevel>1</nestedLevel>
</record>
<record>
  <date>2019-07-17T18:35:09</date>
  <millis>1563359709551</millis>
  <sequence>44</sequence>
  <level>START</level>
  <class>com.kms.katalon.core.logging.XmlKeywordLogger</class>
  <method>startKeyword</method>
  <thread>1</thread>
  <message>Start action : RS = sendRequest(findTestObject(\&amp;quot;HR/jx\&amp;quot;, [\&amp;quot;cook\&amp;quot;:cook]))</message>
  <nestedLevel>1</nestedLevel>
  <property name="startLine">36</property>
  <property name="stepIndex">5</property>
</record>
<record>
  <date>2019-07-17T18:35:10</date>
  <millis>1563359710004</millis>
  <sequence>63</sequence>
  <level>INFO</level>
  <class>com.kms.katalon.core.logging.XmlKeywordLogger</class>
  <method>logMessage</method>
  <thread>1</thread>
  <message>HAR: E:\\TestTools\\KatalonDATA\\TestAPI\\Reports\\hr\\20190717_183503\\requests\\main\\1.har</message>
  <nestedLevel>1</nestedLevel>
  <property name="harId">2aef039d-9b24-4309-9afe-c31a5e4af00c</property>
</record>
<record>
  <date>2019-07-17T18:35:10</date>
  <millis>1563359710007</millis>
  <sequence>64</sequence>
  <level>PASSED</level>
  <class>com.kms.katalon.core.logging.XmlKeywordLogger</class>
  <method>logMessage</method>
  <thread>1</thread>
  <message>Send request successfully</message>
  <nestedLevel>1</nestedLevel>
</record>
<record>
  <date>2019-07-17T18:35:10</date>
  <millis>1563359710007</millis>
  <sequence>65</sequence>
  <level>END</level>
  <class>com.kms.katalon.core.logging.XmlKeywordLogger</class>
  <method>endKeyword</method>
  <thread>1</thread>
  <message>End action : RS = sendRequest(findTestObject(\&amp;quot;HR/jx\&amp;quot;, [\&amp;quot;cook\&amp;quot;:cook]))</message>
  <nestedLevel>1</nestedLevel>
</record>
<record>
  <date>2019-07-17T18:35:10</date>
  <millis>1563359710007</millis>
  <sequence>66</sequence>
  <level>START</level>
  <class>com.kms.katalon.core.logging.XmlKeywordLogger</class>
  <method>startKeyword</method>
  <thread>1</thread>
  <message>Start action : verifyElementPropertyValue(RS, \&amp;quot;d.userName\&amp;quot;, \&amp;quot;\u66F9\u4E1C\&amp;quot;)</message>
  <nestedLevel>1</nestedLevel>
  <property name="startLine">38</property>
  <property name="stepIndex">6</property>
</record>
<record>
  <date>2019-07-17T18:35:10</date>
  <millis>1563359710032</millis>
  <sequence>68</sequence>
  <level>PASSED</level>
  <class>com.kms.katalon.core.logging.XmlKeywordLogger</class>
  <method>logMessage</method>
  <thread>1</thread>
  <message>Verify element property value successfully</message>
  <nestedLevel>1</nestedLevel>
</record>
<record>
  <date>2019-07-17T18:35:10</date>
  <millis>1563359710032</millis>
  <sequence>69</sequence>
  <level>END</level>
  <class>com.kms.katalon.core.logging.XmlKeywordLogger</class>
  <method>endKeyword</method>
  <thread>1</thread>
  <message>End action : verifyElementPropertyValue(RS, \&amp;quot;d.userName\&amp;quot;, \&amp;quot;\u66F9\u4E1C\&amp;quot;)</message>
  <nestedLevel>1</nestedLevel>
</record>
<record>
  <date>2019-07-17T18:35:10</date>
  <millis>1563359710032</millis>
  <sequence>70</sequence>
  <level>PASSED</level>
  <class>com.kms.katalon.core.logging.XmlKeywordLogger</class>
  <method>logMessage</method>
  <thread>1</thread>
  <message>Test Cases/hr</message>
  <nestedLevel>1</nestedLevel>
</record>
<record>
  <date>2019-07-17T18:35:10</date>
  <millis>1563359710032</millis>
  <sequence>71</sequence>
  <level>END</level>
  <class>com.kms.katalon.core.logging.XmlKeywordLogger</class>
  <method>endTest</method>
  <thread>1</thread>
  <message>End Test Case : Test Cases/hr</message>
  <nestedLevel>0</nestedLevel>
</record>
<record>
  <date>2019-07-17T18:35:10</date>
  <millis>1563359710032</millis>
  <sequence>72</sequence>
  <level>START</level>
  <class>com.kms.katalon.core.logging.XmlKeywordLogger</class>
  <method>startTest</method>
  <thread>1</thread>
  <message>Start Test Case : Test Cases/hr</message>
  <nestedLevel>1</nestedLevel>
  <property name="name">Test Cases/hr</property>
  <property name="description"></property>
  <property name="id">Test Cases/hr</property>
  <property name="source">E:\\TestTools\\KatalonDATA\\TestAPI\\Test Cases\\hr.tc</property>
  <property name="tag"></property>
  <property name="isOptional">false</property>
</record>
<record>
  <date>2019-07-17T18:35:10</date>
  <millis>1563359710050</millis>
  <sequence>74</sequence>
  <level>INFO</level>
  <class>com.kms.katalon.core.logging.XmlKeywordLogger</class>
  <method>logMessage</method>
  <thread>1</thread>
  <message>uid = 3</message>
  <nestedLevel>1</nestedLevel>
</record>
<record>
  <date>2019-07-17T18:35:10</date>
  <millis>1563359710052</millis>
  <sequence>75</sequence>
  <level>START</level>
  <class>com.kms.katalon.core.logging.XmlKeywordLogger</class>
  <method>startKeyword</method>
  <thread>1</thread>
  <message>Start action : RE = sendRequest(findTestObject(\&amp;quot;HR/get-cookie\&amp;quot;, [\&amp;quot;uid\&amp;quot;:uid]))</message>
  <nestedLevel>1</nestedLevel>
  <property name="startLine">28</property>
  <property name="stepIndex">1</property>
</record>
<record>
  <date>2019-07-17T18:35:10</date>
  <millis>1563359710092</millis>
  <sequence>78</sequence>
  <level>INFO</level>
  <class>com.kms.katalon.core.logging.XmlKeywordLogger</class>
  <method>logMessage</method>
  <thread>1</thread>
  <message>HAR: E:\\TestTools\\KatalonDATA\\TestAPI\\Reports\\hr\\20190717_183503\\requests\\main\\2.har</message>
  <nestedLevel>1</nestedLevel>
  <property name="harId">c6419bcd-c60c-4711-b54e-9eae63fab6db</property>
</record>
<record>
  <date>2019-07-17T18:35:10</date>
  <millis>1563359710092</millis>
  <sequence>79</sequence>
  <level>PASSED</level>
  <class>com.kms.katalon.core.logging.XmlKeywordLogger</class>
  <method>logMessage</method>
  <thread>1</thread>
  <message>Send request successfully</message>
  <nestedLevel>1</nestedLevel>
</record>
<record>
  <date>2019-07-17T18:35:10</date>
  <millis>1563359710092</millis>
  <sequence>80</sequence>
  <level>END</level>
  <class>com.kms.katalon.core.logging.XmlKeywordLogger</class>
  <method>endKeyword</method>
  <thread>1</thread>
  <message>End action : RE = sendRequest(findTestObject(\&amp;quot;HR/get-cookie\&amp;quot;, [\&amp;quot;uid\&amp;quot;:uid]))</message>
  <nestedLevel>1</nestedLevel>
</record>
<record>
  <date>2019-07-17T18:35:10</date>
  <millis>1563359710092</millis>
  <sequence>81</sequence>
  <level>START</level>
  <class>com.kms.katalon.core.logging.XmlKeywordLogger</class>
  <method>startKeyword</method>
  <thread>1</thread>
  <message>Start action : verifyElementPropertyValue(RE, \&amp;quot;d\&amp;quot;, \&amp;quot;SUCCESS\&amp;quot;)</message>
  <nestedLevel>1</nestedLevel>
  <property name="startLine">30</property>
  <property name="stepIndex">2</property>
</record>
<record>
  <date>2019-07-17T18:35:10</date>
  <millis>1563359710123</millis>
  <sequence>83</sequence>
  <level>PASSED</level>
  <class>com.kms.katalon.core.logging.XmlKeywordLogger</class>
  <method>logMessage</method>
  <thread>1</thread>
  <message>Verify element property value successfully</message>
  <nestedLevel>1</nestedLevel>
</record>
<record>
  <date>2019-07-17T18:35:10</date>
  <millis>1563359710123</millis>
  <sequence>84</sequence>
  <level>END</level>
  <class>com.kms.katalon.core.logging.XmlKeywordLogger</class>
  <method>endKeyword</method>
  <thread>1</thread>
  <message>End action : verifyElementPropertyValue(RE, \&amp;quot;d\&amp;quot;, \&amp;quot;SUCCESS\&amp;quot;)</message>
  <nestedLevel>1</nestedLevel>
</record>
<record>
  <date>2019-07-17T18:35:10</date>
  <millis>1563359710123</millis>
  <sequence>85</sequence>
  <level>START</level>
  <class>com.kms.katalon.core.logging.XmlKeywordLogger</class>
  <method>startKeyword</method>
  <thread>1</thread>
  <message>Start action : getCookie(RE)</message>
  <nestedLevel>1</nestedLevel>
  <property name="startLine">32</property>
  <property name="stepIndex">3</property>
</record>
<record>
  <date>2019-07-17T18:35:10</date>
  <millis>1563359710123</millis>
  <sequence>86</sequence>
  <level>END</level>
  <class>com.kms.katalon.core.logging.XmlKeywordLogger</class>
  <method>endKeyword</method>
  <thread>1</thread>
  <message>End action : getCookie(RE)</message>
  <nestedLevel>1</nestedLevel>
</record>
<record>
  <date>2019-07-17T18:35:10</date>
  <millis>1563359710123</millis>
  <sequence>87</sequence>
  <level>START</level>
  <class>com.kms.katalon.core.logging.XmlKeywordLogger</class>
  <method>startKeyword</method>
  <thread>1</thread>
  <message>Start action : rep = headerFields</message>
  <nestedLevel>1</nestedLevel>
  <property name="startLine">42</property>
  <property name="stepIndex">1</property>
</record>
<record>
  <date>2019-07-17T18:35:10</date>
  <millis>1563359710165</millis>
  <sequence>88</sequence>
  <level>END</level>
  <class>com.kms.katalon.core.logging.XmlKeywordLogger</class>
  <method>endKeyword</method>
  <thread>1</thread>
  <message>End action : rep = headerFields</message>
  <nestedLevel>1</nestedLevel>
</record>
<record>
  <date>2019-07-17T18:35:10</date>
  <millis>1563359710165</millis>
  <sequence>89</sequence>
  <level>START</level>
  <class>com.kms.katalon.core.logging.XmlKeywordLogger</class>
  <method>startKeyword</method>
  <thread>1</thread>
  <message>Start action : file = new java.io.File(E://TestTools/KatalonDATA/TestAPI/Data Files/scook.csv)</message>
  <nestedLevel>1</nestedLevel>
  <property name="startLine">43</property>
  <property name="stepIndex">2</property>
</record>
<record>
  <date>2019-07-17T18:35:10</date>
  <millis>1563359710165</millis>
  <sequence>90</sequence>
  <level>END</level>
  <class>com.kms.katalon.core.logging.XmlKeywordLogger</class>
  <method>endKeyword</method>
  <thread>1</thread>
  <message>End action : file = new java.io.File(E://TestTools/KatalonDATA/TestAPI/Data Files/scook.csv)</message>
  <nestedLevel>1</nestedLevel>
</record>
<record>
  <date>2019-07-17T18:35:10</date>
  <millis>1563359710165</millis>
  <sequence>91</sequence>
  <level>START</level>
  <class>com.kms.katalon.core.logging.XmlKeywordLogger</class>
  <method>startKeyword</method>
  <thread>1</thread>
  <message>Start action : out = new java.io.BufferedWriter(new java.io.FileWriter(file))</message>
  <nestedLevel>1</nestedLevel>
  <property name="startLine">44</property>
  <property name="stepIndex">3</property>
</record>
<record>
  <date>2019-07-17T18:35:10</date>
  <millis>1563359710180</millis>
  <sequence>92</sequence>
  <level>END</level>
  <class>com.kms.katalon.core.logging.XmlKeywordLogger</class>
  <method>endKeyword</method>
  <thread>1</thread>
  <message>End action : out = new java.io.BufferedWriter(new java.io.FileWriter(file))</message>
  <nestedLevel>1</nestedLevel>
</record>
<record>
  <date>2019-07-17T18:35:10</date>
  <millis>1563359710180</millis>
  <sequence>93</sequence>
  <level>START</level>
  <class>com.kms.katalon.core.logging.XmlKeywordLogger</class>
  <method>startKeyword</method>
  <thread>1</thread>
  <message>Start action : cok = get(\&amp;quot;Set-Cookie\&amp;quot;)[0].split(\&amp;quot;;\&amp;quot;)[0]</message>
  <nestedLevel>1</nestedLevel>
  <property name="startLine">45</property>
  <property name="stepIndex">4</property>
</record>
<record>
  <date>2019-07-17T18:35:10</date>
  <millis>1563359710180</millis>
  <sequence>94</sequence>
  <level>END</level>
  <class>com.kms.katalon.core.logging.XmlKeywordLogger</class>
  <method>endKeyword</method>
  <thread>1</thread>
  <message>End action : cok = get(\&amp;quot;Set-Cookie\&amp;quot;)[0].split(\&amp;quot;;\&amp;quot;)[0]</message>
  <nestedLevel>1</nestedLevel>
</record>
<record>
  <date>2019-07-17T18:35:10</date>
  <millis>1563359710180</millis>
  <sequence>95</sequence>
  <level>START</level>
  <class>com.kms.katalon.core.logging.XmlKeywordLogger</class>
  <method>startKeyword</method>
  <thread>1</thread>
  <message>Start action : println(\&amp;quot;-----------------------------------------------------------\&amp;quot;)</message>
  <nestedLevel>1</nestedLevel>
  <property name="startLine">46</property>
  <property name="stepIndex">5</property>
</record>
<record>
  <date>2019-07-17T18:35:10</date>
  <millis>1563359710180</millis>
  <sequence>96</sequence>
  <level>END</level>
  <class>com.kms.katalon.core.logging.XmlKeywordLogger</class>
  <method>endKeyword</method>
  <thread>1</thread>
  <message>End action : println(\&amp;quot;-----------------------------------------------------------\&amp;quot;)</message>
  <nestedLevel>1</nestedLevel>
</record>
<record>
  <date>2019-07-17T18:35:10</date>
  <millis>1563359710180</millis>
  <sequence>97</sequence>
  <level>START</level>
  <class>com.kms.katalon.core.logging.XmlKeywordLogger</class>
  <method>startKeyword</method>
  <thread>1</thread>
  <message>Start action : println(cok)</message>
  <nestedLevel>1</nestedLevel>
  <property name="startLine">47</property>
  <property name="stepIndex">6</property>
</record>
<record>
  <date>2019-07-17T18:35:10</date>
  <millis>1563359710180</millis>
  <sequence>98</sequence>
  <level>END</level>
  <class>com.kms.katalon.core.logging.XmlKeywordLogger</class>
  <method>endKeyword</method>
  <thread>1</thread>
  <message>End action : println(cok)</message>
  <nestedLevel>1</nestedLevel>
</record>
<record>
  <date>2019-07-17T18:35:10</date>
  <millis>1563359710180</millis>
  <sequence>99</sequence>
  <level>START</level>
  <class>com.kms.katalon.core.logging.XmlKeywordLogger</class>
  <method>startKeyword</method>
  <thread>1</thread>
  <message>Start action : println(\&amp;quot;-----------------------------------------------------------\&amp;quot;)</message>
  <nestedLevel>1</nestedLevel>
  <property name="startLine">48</property>
  <property name="stepIndex">7</property>
</record>
<record>
  <date>2019-07-17T18:35:10</date>
  <millis>1563359710180</millis>
  <sequence>100</sequence>
  <level>END</level>
  <class>com.kms.katalon.core.logging.XmlKeywordLogger</class>
  <method>endKeyword</method>
  <thread>1</thread>
  <message>End action : println(\&amp;quot;-----------------------------------------------------------\&amp;quot;)</message>
  <nestedLevel>1</nestedLevel>
</record>
<record>
  <date>2019-07-17T18:35:10</date>
  <millis>1563359710180</millis>
  <sequence>101</sequence>
  <level>START</level>
  <class>com.kms.katalon.core.logging.XmlKeywordLogger</class>
  <method>startKeyword</method>
  <thread>1</thread>
  <message>Start action : out.write(cok)</message>
  <nestedLevel>1</nestedLevel>
  <property name="startLine">49</property>
  <property name="stepIndex">8</property>
</record>
<record>
  <date>2019-07-17T18:35:10</date>
  <millis>1563359710180</millis>
  <sequence>102</sequence>
  <level>END</level>
  <class>com.kms.katalon.core.logging.XmlKeywordLogger</class>
  <method>endKeyword</method>
  <thread>1</thread>
  <message>End action : out.write(cok)</message>
  <nestedLevel>1</nestedLevel>
</record>
<record>
  <date>2019-07-17T18:35:10</date>
  <millis>1563359710180</millis>
  <sequence>103</sequence>
  <level>START</level>
  <class>com.kms.katalon.core.logging.XmlKeywordLogger</class>
  <method>startKeyword</method>
  <thread>1</thread>
  <message>Start action : out.flush()</message>
  <nestedLevel>1</nestedLevel>
  <property name="startLine">50</property>
  <property name="stepIndex">9</property>
</record>
<record>
  <date>2019-07-17T18:35:10</date>
  <millis>1563359710180</millis>
  <sequence>104</sequence>
  <level>END</level>
  <class>com.kms.katalon.core.logging.XmlKeywordLogger</class>
  <method>endKeyword</method>
  <thread>1</thread>
  <message>End action : out.flush()</message>
  <nestedLevel>1</nestedLevel>
</record>
<record>
  <date>2019-07-17T18:35:10</date>
  <millis>1563359710180</millis>
  <sequence>105</sequence>
  <level>START</level>
  <class>com.kms.katalon.core.logging.XmlKeywordLogger</class>
  <method>startKeyword</method>
  <thread>1</thread>
  <message>Start action : out.close()</message>
  <nestedLevel>1</nestedLevel>
  <property name="startLine">51</property>
  <property name="stepIndex">10</property>
</record>
<record>
  <date>2019-07-17T18:35:10</date>
  <millis>1563359710180</millis>
  <sequence>106</sequence>
  <level>END</level>
  <class>com.kms.katalon.core.logging.XmlKeywordLogger</class>
  <method>endKeyword</method>
  <thread>1</thread>
  <message>End action : out.close()</message>
  <nestedLevel>1</nestedLevel>
</record>
<record>
  <date>2019-07-17T18:35:10</date>
  <millis>1563359710196</millis>
  <sequence>107</sequence>
  <level>START</level>
  <class>com.kms.katalon.core.logging.XmlKeywordLogger</class>
  <method>startKeyword</method>
  <thread>1</thread>
  <message>Start action : delay(1)</message>
  <nestedLevel>1</nestedLevel>
  <property name="startLine">33</property>
  <property name="stepIndex">4</property>
</record>
<record>
  <date>2019-07-17T18:35:11</date>
  <millis>1563359711196</millis>
  <sequence>109</sequence>
  <level>PASSED</level>
  <class>com.kms.katalon.core.logging.XmlKeywordLogger</class>
  <method>logMessage</method>
  <thread>1</thread>
  <message>Delayed 1 second(s)</message>
  <nestedLevel>1</nestedLevel>
</record>
<record>
  <date>2019-07-17T18:35:11</date>
  <millis>1563359711196</millis>
  <sequence>110</sequence>
  <level>END</level>
  <class>com.kms.katalon.core.logging.XmlKeywordLogger</class>
  <method>endKeyword</method>
  <thread>1</thread>
  <message>End action : delay(1)</message>
  <nestedLevel>1</nestedLevel>
</record>
<record>
  <date>2019-07-17T18:35:11</date>
  <millis>1563359711197</millis>
  <sequence>111</sequence>
  <level>START</level>
  <class>com.kms.katalon.core.logging.XmlKeywordLogger</class>
  <method>startKeyword</method>
  <thread>1</thread>
  <message>Start action : RS = sendRequest(findTestObject(\&amp;quot;HR/jx\&amp;quot;, [\&amp;quot;cook\&amp;quot;:cook]))</message>
  <nestedLevel>1</nestedLevel>
  <property name="startLine">36</property>
  <property name="stepIndex">5</property>
</record>
<record>
  <date>2019-07-17T18:35:11</date>
  <millis>1563359711400</millis>
  <sequence>114</sequence>
  <level>INFO</level>
  <class>com.kms.katalon.core.logging.XmlKeywordLogger</class>
  <method>logMessage</method>
  <thread>1</thread>
  <message>HAR: E:\\TestTools\\KatalonDATA\\TestAPI\\Reports\\hr\\20190717_183503\\requests\\main\\3.har</message>
  <nestedLevel>1</nestedLevel>
  <property name="harId">3f0927d4-bead-4ed8-bc91-8c661563e2dc</property>
</record>
<record>
  <date>2019-07-17T18:35:11</date>
  <millis>1563359711403</millis>
  <sequence>115</sequence>
  <level>PASSED</level>
  <class>com.kms.katalon.core.logging.XmlKeywordLogger</class>
  <method>logMessage</method>
  <thread>1</thread>
  <message>Send request successfully</message>
  <nestedLevel>1</nestedLevel>
</record>
<record>
  <date>2019-07-17T18:35:11</date>
  <millis>1563359711403</millis>
  <sequence>116</sequence>
  <level>END</level>
  <class>com.kms.katalon.core.logging.XmlKeywordLogger</class>
  <method>endKeyword</method>
  <thread>1</thread>
  <message>End action : RS = sendRequest(findTestObject(\&amp;quot;HR/jx\&amp;quot;, [\&amp;quot;cook\&amp;quot;:cook]))</message>
  <nestedLevel>1</nestedLevel>
</record>
<record>
  <date>2019-07-17T18:35:11</date>
  <millis>1563359711403</millis>
  <sequence>117</sequence>
  <level>START</level>
  <class>com.kms.katalon.core.logging.XmlKeywordLogger</class>
  <method>startKeyword</method>
  <thread>1</thread>
  <message>Start action : verifyElementPropertyValue(RS, \&amp;quot;d.userName\&amp;quot;, \&amp;quot;\u66F9\u4E1C\&amp;quot;)</message>
  <nestedLevel>1</nestedLevel>
  <property name="startLine">38</property>
  <property name="stepIndex">6</property>
</record>
<record>
  <date>2019-07-17T18:35:11</date>
  <millis>1563359711417</millis>
  <sequence>119</sequence>
  <level>PASSED</level>
  <class>com.kms.katalon.core.logging.XmlKeywordLogger</class>
  <method>logMessage</method>
  <thread>1</thread>
  <message>Verify element property value successfully</message>
  <nestedLevel>1</nestedLevel>
</record>
<record>
  <date>2019-07-17T18:35:11</date>
  <millis>1563359711417</millis>
  <sequence>120</sequence>
  <level>END</level>
  <class>com.kms.katalon.core.logging.XmlKeywordLogger</class>
  <method>endKeyword</method>
  <thread>1</thread>
  <message>End action : verifyElementPropertyValue(RS, \&amp;quot;d.userName\&amp;quot;, \&amp;quot;\u66F9\u4E1C\&amp;quot;)</message>
  <nestedLevel>1</nestedLevel>
</record>
<record>
  <date>2019-07-17T18:35:11</date>
  <millis>1563359711426</millis>
  <sequence>121</sequence>
  <level>PASSED</level>
  <class>com.kms.katalon.core.logging.XmlKeywordLogger</class>
  <method>logMessage</method>
  <thread>1</thread>
  <message>Test Cases/hr</message>
  <nestedLevel>1</nestedLevel>
</record>
<record>
  <date>2019-07-17T18:35:11</date>
  <millis>1563359711426</millis>
  <sequence>122</sequence>
  <level>END</level>
  <class>com.kms.katalon.core.logging.XmlKeywordLogger</class>
  <method>endTest</method>
  <thread>1</thread>
  <message>End Test Case : Test Cases/hr</message>
  <nestedLevel>0</nestedLevel>
</record>
<record>
  <date>2019-07-17T18:35:11</date>
  <millis>1563359711427</millis>
  <sequence>123</sequence>
  <level>START</level>
  <class>com.kms.katalon.core.logging.XmlKeywordLogger</class>
  <method>startTest</method>
  <thread>1</thread>
  <message>Start Test Case : Test Cases/hr</message>
  <nestedLevel>1</nestedLevel>
  <property name="name">Test Cases/hr</property>
  <property name="description"></property>
  <property name="id">Test Cases/hr</property>
  <property name="source">E:\\TestTools\\KatalonDATA\\TestAPI\\Test Cases\\hr.tc</property>
  <property name="tag"></property>
  <property name="isOptional">false</property>
</record>
<record>
  <date>2019-07-17T18:35:11</date>
  <millis>1563359711443</millis>
  <sequence>125</sequence>
  <level>INFO</level>
  <class>com.kms.katalon.core.logging.XmlKeywordLogger</class>
  <method>logMessage</method>
  <thread>1</thread>
  <message>uid = 526</message>
  <nestedLevel>1</nestedLevel>
</record>
<record>
  <date>2019-07-17T18:35:11</date>
  <millis>1563359711443</millis>
  <sequence>126</sequence>
  <level>START</level>
  <class>com.kms.katalon.core.logging.XmlKeywordLogger</class>
  <method>startKeyword</method>
  <thread>1</thread>
  <message>Start action : RE = sendRequest(findTestObject(\&amp;quot;HR/get-cookie\&amp;quot;, [\&amp;quot;uid\&amp;quot;:uid]))</message>
  <nestedLevel>1</nestedLevel>
  <property name="startLine">28</property>
  <property name="stepIndex">1</property>
</record>
<record>
  <date>2019-07-17T18:35:11</date>
  <millis>1563359711485</millis>
  <sequence>129</sequence>
  <level>INFO</level>
  <class>com.kms.katalon.core.logging.XmlKeywordLogger</class>
  <method>logMessage</method>
  <thread>1</thread>
  <message>HAR: E:\\TestTools\\KatalonDATA\\TestAPI\\Reports\\hr\\20190717_183503\\requests\\main\\4.har</message>
  <nestedLevel>1</nestedLevel>
  <property name="harId">7d13698f-72cf-4df0-956a-886d0904f770</property>
</record>
<record>
  <date>2019-07-17T18:35:11</date>
  <millis>1563359711485</millis>
  <sequence>130</sequence>
  <level>PASSED</level>
  <class>com.kms.katalon.core.logging.XmlKeywordLogger</class>
  <method>logMessage</method>
  <thread>1</thread>
  <message>Send request successfully</message>
  <nestedLevel>1</nestedLevel>
</record>
<record>
  <date>2019-07-17T18:35:11</date>
  <millis>1563359711485</millis>
  <sequence>131</sequence>
  <level>END</level>
  <class>com.kms.katalon.core.logging.XmlKeywordLogger</class>
  <method>endKeyword</method>
  <thread>1</thread>
  <message>End action : RE = sendRequest(findTestObject(\&amp;quot;HR/get-cookie\&amp;quot;, [\&amp;quot;uid\&amp;quot;:uid]))</message>
  <nestedLevel>1</nestedLevel>
</record>
<record>
  <date>2019-07-17T18:35:11</date>
  <millis>1563359711485</millis>
  <sequence>132</sequence>
  <level>START</level>
  <class>com.kms.katalon.core.logging.XmlKeywordLogger</class>
  <method>startKeyword</method>
  <thread>1</thread>
  <message>Start action : verifyElementPropertyValue(RE, \&amp;quot;d\&amp;quot;, \&amp;quot;SUCCESS\&amp;quot;)</message>
  <nestedLevel>1</nestedLevel>
  <property name="startLine">30</property>
  <property name="stepIndex">2</property>
</record>
<record>
  <date>2019-07-17T18:35:11</date>
  <millis>1563359711501</millis>
  <sequence>134</sequence>
  <level>PASSED</level>
  <class>com.kms.katalon.core.logging.XmlKeywordLogger</class>
  <method>logMessage</method>
  <thread>1</thread>
  <message>Verify element property value successfully</message>
  <nestedLevel>1</nestedLevel>
</record>
<record>
  <date>2019-07-17T18:35:11</date>
  <millis>1563359711501</millis>
  <sequence>135</sequence>
  <level>END</level>
  <class>com.kms.katalon.core.logging.XmlKeywordLogger</class>
  <method>endKeyword</method>
  <thread>1</thread>
  <message>End action : verifyElementPropertyValue(RE, \&amp;quot;d\&amp;quot;, \&amp;quot;SUCCESS\&amp;quot;)</message>
  <nestedLevel>1</nestedLevel>
</record>
<record>
  <date>2019-07-17T18:35:11</date>
  <millis>1563359711501</millis>
  <sequence>136</sequence>
  <level>START</level>
  <class>com.kms.katalon.core.logging.XmlKeywordLogger</class>
  <method>startKeyword</method>
  <thread>1</thread>
  <message>Start action : getCookie(RE)</message>
  <nestedLevel>1</nestedLevel>
  <property name="startLine">32</property>
  <property name="stepIndex">3</property>
</record>
<record>
  <date>2019-07-17T18:35:11</date>
  <millis>1563359711501</millis>
  <sequence>137</sequence>
  <level>END</level>
  <class>com.kms.katalon.core.logging.XmlKeywordLogger</class>
  <method>endKeyword</method>
  <thread>1</thread>
  <message>End action : getCookie(RE)</message>
  <nestedLevel>1</nestedLevel>
</record>
<record>
  <date>2019-07-17T18:35:11</date>
  <millis>1563359711501</millis>
  <sequence>138</sequence>
  <level>START</level>
  <class>com.kms.katalon.core.logging.XmlKeywordLogger</class>
  <method>startKeyword</method>
  <thread>1</thread>
  <message>Start action : rep = headerFields</message>
  <nestedLevel>1</nestedLevel>
  <property name="startLine">42</property>
  <property name="stepIndex">1</property>
</record>
<record>
  <date>2019-07-17T18:35:11</date>
  <millis>1563359711501</millis>
  <sequence>139</sequence>
  <level>END</level>
  <class>com.kms.katalon.core.logging.XmlKeywordLogger</class>
  <method>endKeyword</method>
  <thread>1</thread>
  <message>End action : rep = headerFields</message>
  <nestedLevel>1</nestedLevel>
</record>
<record>
  <date>2019-07-17T18:35:11</date>
  <millis>1563359711501</millis>
  <sequence>140</sequence>
  <level>START</level>
  <class>com.kms.katalon.core.logging.XmlKeywordLogger</class>
  <method>startKeyword</method>
  <thread>1</thread>
  <message>Start action : file = new java.io.File(E://TestTools/KatalonDATA/TestAPI/Data Files/scook.csv)</message>
  <nestedLevel>1</nestedLevel>
  <property name="startLine">43</property>
  <property name="stepIndex">2</property>
</record>
<record>
  <date>2019-07-17T18:35:11</date>
  <millis>1563359711501</millis>
  <sequence>141</sequence>
  <level>END</level>
  <class>com.kms.katalon.core.logging.XmlKeywordLogger</class>
  <method>endKeyword</method>
  <thread>1</thread>
  <message>End action : file = new java.io.File(E://TestTools/KatalonDATA/TestAPI/Data Files/scook.csv)</message>
  <nestedLevel>1</nestedLevel>
</record>
<record>
  <date>2019-07-17T18:35:11</date>
  <millis>1563359711501</millis>
  <sequence>142</sequence>
  <level>START</level>
  <class>com.kms.katalon.core.logging.XmlKeywordLogger</class>
  <method>startKeyword</method>
  <thread>1</thread>
  <message>Start action : out = new java.io.BufferedWriter(new java.io.FileWriter(file))</message>
  <nestedLevel>1</nestedLevel>
  <property name="startLine">44</property>
  <property name="stepIndex">3</property>
</record>
<record>
  <date>2019-07-17T18:35:11</date>
  <millis>1563359711517</millis>
  <sequence>143</sequence>
  <level>END</level>
  <class>com.kms.katalon.core.logging.XmlKeywordLogger</class>
  <method>endKeyword</method>
  <thread>1</thread>
  <message>End action : out = new java.io.BufferedWriter(new java.io.FileWriter(file))</message>
  <nestedLevel>1</nestedLevel>
</record>
<record>
  <date>2019-07-17T18:35:11</date>
  <millis>1563359711517</millis>
  <sequence>144</sequence>
  <level>START</level>
  <class>com.kms.katalon.core.logging.XmlKeywordLogger</class>
  <method>startKeyword</method>
  <thread>1</thread>
  <message>Start action : cok = get(\&amp;quot;Set-Cookie\&amp;quot;)[0].split(\&amp;quot;;\&amp;quot;)[0]</message>
  <nestedLevel>1</nestedLevel>
  <property name="startLine">45</property>
  <property name="stepIndex">4</property>
</record>
<record>
  <date>2019-07-17T18:35:11</date>
  <millis>1563359711517</millis>
  <sequence>145</sequence>
  <level>END</level>
  <class>com.kms.katalon.core.logging.XmlKeywordLogger</class>
  <method>endKeyword</method>
  <thread>1</thread>
  <message>End action : cok = get(\&amp;quot;Set-Cookie\&amp;quot;)[0].split(\&amp;quot;;\&amp;quot;)[0]</message>
  <nestedLevel>1</nestedLevel>
</record>
<record>
  <date>2019-07-17T18:35:11</date>
  <millis>1563359711517</millis>
  <sequence>146</sequence>
  <level>START</level>
  <class>com.kms.katalon.core.logging.XmlKeywordLogger</class>
  <method>startKeyword</method>
  <thread>1</thread>
  <message>Start action : println(\&amp;quot;-----------------------------------------------------------\&amp;quot;)</message>
  <nestedLevel>1</nestedLevel>
  <property name="startLine">46</property>
  <property name="stepIndex">5</property>
</record>
<record>
  <date>2019-07-17T18:35:11</date>
  <millis>1563359711517</millis>
  <sequence>147</sequence>
  <level>END</level>
  <class>com.kms.katalon.core.logging.XmlKeywordLogger</class>
  <method>endKeyword</method>
  <thread>1</thread>
  <message>End action : println(\&amp;quot;-----------------------------------------------------------\&amp;quot;)</message>
  <nestedLevel>1</nestedLevel>
</record>
<record>
  <date>2019-07-17T18:35:11</date>
  <millis>1563359711517</millis>
  <sequence>148</sequence>
  <level>START</level>
  <class>com.kms.katalon.core.logging.XmlKeywordLogger</class>
  <method>startKeyword</method>
  <thread>1</thread>
  <message>Start action : println(cok)</message>
  <nestedLevel>1</nestedLevel>
  <property name="startLine">47</property>
  <property name="stepIndex">6</property>
</record>
<record>
  <date>2019-07-17T18:35:11</date>
  <millis>1563359711517</millis>
  <sequence>149</sequence>
  <level>END</level>
  <class>com.kms.katalon.core.logging.XmlKeywordLogger</class>
  <method>endKeyword</method>
  <thread>1</thread>
  <message>End action : println(cok)</message>
  <nestedLevel>1</nestedLevel>
</record>
<record>
  <date>2019-07-17T18:35:11</date>
  <millis>1563359711517</millis>
  <sequence>150</sequence>
  <level>START</level>
  <class>com.kms.katalon.core.logging.XmlKeywordLogger</class>
  <method>startKeyword</method>
  <thread>1</thread>
  <message>Start action : println(\&amp;quot;-----------------------------------------------------------\&amp;quot;)</message>
  <nestedLevel>1</nestedLevel>
  <property name="startLine">48</property>
  <property name="stepIndex">7</property>
</record>
<record>
  <date>2019-07-17T18:35:11</date>
  <millis>1563359711517</millis>
  <sequence>151</sequence>
  <level>END</level>
  <class>com.kms.katalon.core.logging.XmlKeywordLogger</class>
  <method>endKeyword</method>
  <thread>1</thread>
  <message>End action : println(\&amp;quot;-----------------------------------------------------------\&amp;quot;)</message>
  <nestedLevel>1</nestedLevel>
</record>
<record>
  <date>2019-07-17T18:35:11</date>
  <millis>1563359711517</millis>
  <sequence>152</sequence>
  <level>START</level>
  <class>com.kms.katalon.core.logging.XmlKeywordLogger</class>
  <method>startKeyword</method>
  <thread>1</thread>
  <message>Start action : out.write(cok)</message>
  <nestedLevel>1</nestedLevel>
  <property name="startLine">49</property>
  <property name="stepIndex">8</property>
</record>
<record>
  <date>2019-07-17T18:35:11</date>
  <millis>1563359711517</millis>
  <sequence>153</sequence>
  <level>END</level>
  <class>com.kms.katalon.core.logging.XmlKeywordLogger</class>
  <method>endKeyword</method>
  <thread>1</thread>
  <message>End action : out.write(cok)</message>
  <nestedLevel>1</nestedLevel>
</record>
<record>
  <date>2019-07-17T18:35:11</date>
  <millis>1563359711517</millis>
  <sequence>154</sequence>
  <level>START</level>
  <class>com.kms.katalon.core.logging.XmlKeywordLogger</class>
  <method>startKeyword</method>
  <thread>1</thread>
  <message>Start action : out.flush()</message>
  <nestedLevel>1</nestedLevel>
  <property name="startLine">50</property>
  <property name="stepIndex">9</property>
</record>
<record>
  <date>2019-07-17T18:35:11</date>
  <millis>1563359711517</millis>
  <sequence>155</sequence>
  <level>END</level>
  <class>com.kms.katalon.core.logging.XmlKeywordLogger</class>
  <method>endKeyword</method>
  <thread>1</thread>
  <message>End action : out.flush()</message>
  <nestedLevel>1</nestedLevel>
</record>
<record>
  <date>2019-07-17T18:35:11</date>
  <millis>1563359711517</millis>
  <sequence>156</sequence>
  <level>START</level>
  <class>com.kms.katalon.core.logging.XmlKeywordLogger</class>
  <method>startKeyword</method>
  <thread>1</thread>
  <message>Start action : out.close()</message>
  <nestedLevel>1</nestedLevel>
  <property name="startLine">51</property>
  <property name="stepIndex">10</property>
</record>
<record>
  <date>2019-07-17T18:35:11</date>
  <millis>1563359711517</millis>
  <sequence>157</sequence>
  <level>END</level>
  <class>com.kms.katalon.core.logging.XmlKeywordLogger</class>
  <method>endKeyword</method>
  <thread>1</thread>
  <message>End action : out.close()</message>
  <nestedLevel>1</nestedLevel>
</record>
<record>
  <date>2019-07-17T18:35:11</date>
  <millis>1563359711517</millis>
  <sequence>158</sequence>
  <level>START</level>
  <class>com.kms.katalon.core.logging.XmlKeywordLogger</class>
  <method>startKeyword</method>
  <thread>1</thread>
  <message>Start action : delay(1)</message>
  <nestedLevel>1</nestedLevel>
  <property name="startLine">33</property>
  <property name="stepIndex">4</property>
</record>
<record>
  <date>2019-07-17T18:35:12</date>
  <millis>1563359712518</millis>
  <sequence>160</sequence>
  <level>PASSED</level>
  <class>com.kms.katalon.core.logging.XmlKeywordLogger</class>
  <method>logMessage</method>
  <thread>1</thread>
  <message>Delayed 1 second(s)</message>
  <nestedLevel>1</nestedLevel>
</record>
<record>
  <date>2019-07-17T18:35:12</date>
  <millis>1563359712518</millis>
  <sequence>161</sequence>
  <level>END</level>
  <class>com.kms.katalon.core.logging.XmlKeywordLogger</class>
  <method>endKeyword</method>
  <thread>1</thread>
  <message>End action : delay(1)</message>
  <nestedLevel>1</nestedLevel>
</record>
<record>
  <date>2019-07-17T18:35:12</date>
  <millis>1563359712520</millis>
  <sequence>162</sequence>
  <level>START</level>
  <class>com.kms.katalon.core.logging.XmlKeywordLogger</class>
  <method>startKeyword</method>
  <thread>1</thread>
  <message>Start action : RS = sendRequest(findTestObject(\&amp;quot;HR/jx\&amp;quot;, [\&amp;quot;cook\&amp;quot;:cook]))</message>
  <nestedLevel>1</nestedLevel>
  <property name="startLine">36</property>
  <property name="stepIndex">5</property>
</record>
<record>
  <date>2019-07-17T18:35:12</date>
  <millis>1563359712711</millis>
  <sequence>165</sequence>
  <level>INFO</level>
  <class>com.kms.katalon.core.logging.XmlKeywordLogger</class>
  <method>logMessage</method>
  <thread>1</thread>
  <message>HAR: E:\\TestTools\\KatalonDATA\\TestAPI\\Reports\\hr\\20190717_183503\\requests\\main\\5.har</message>
  <nestedLevel>1</nestedLevel>
  <property name="harId">725604d9-1b4e-4620-b666-8e336aca9878</property>
</record>
<record>
  <date>2019-07-17T18:35:12</date>
  <millis>1563359712712</millis>
  <sequence>166</sequence>
  <level>PASSED</level>
  <class>com.kms.katalon.core.logging.XmlKeywordLogger</class>
  <method>logMessage</method>
  <thread>1</thread>
  <message>Send request successfully</message>
  <nestedLevel>1</nestedLevel>
</record>
<record>
  <date>2019-07-17T18:35:12</date>
  <millis>1563359712712</millis>
  <sequence>167</sequence>
  <level>END</level>
  <class>com.kms.katalon.core.logging.XmlKeywordLogger</class>
  <method>endKeyword</method>
  <thread>1</thread>
  <message>End action : RS = sendRequest(findTestObject(\&amp;quot;HR/jx\&amp;quot;, [\&amp;quot;cook\&amp;quot;:cook]))</message>
  <nestedLevel>1</nestedLevel>
</record>
<record>
  <date>2019-07-17T18:35:12</date>
  <millis>1563359712712</millis>
  <sequence>168</sequence>
  <level>START</level>
  <class>com.kms.katalon.core.logging.XmlKeywordLogger</class>
  <method>startKeyword</method>
  <thread>1</thread>
  <message>Start action : verifyElementPropertyValue(RS, \&amp;quot;d.userName\&amp;quot;, \&amp;quot;\u66F9\u4E1C\&amp;quot;)</message>
  <nestedLevel>1</nestedLevel>
  <property name="startLine">38</property>
  <property name="stepIndex">6</property>
</record>
<record>
  <date>2019-07-17T18:35:12</date>
  <millis>1563359712728</millis>
  <sequence>170</sequence>
  <level>PASSED</level>
  <class>com.kms.katalon.core.logging.XmlKeywordLogger</class>
  <method>logMessage</method>
  <thread>1</thread>
  <message>Verify element property value successfully</message>
  <nestedLevel>1</nestedLevel>
</record>
<record>
  <date>2019-07-17T18:35:12</date>
  <millis>1563359712728</millis>
  <sequence>171</sequence>
  <level>END</level>
  <class>com.kms.katalon.core.logging.XmlKeywordLogger</class>
  <method>endKeyword</method>
  <thread>1</thread>
  <message>End action : verifyElementPropertyValue(RS, \&amp;quot;d.userName\&amp;quot;, \&amp;quot;\u66F9\u4E1C\&amp;quot;)</message>
  <nestedLevel>1</nestedLevel>
</record>
<record>
  <date>2019-07-17T18:35:12</date>
  <millis>1563359712728</millis>
  <sequence>172</sequence>
  <level>PASSED</level>
  <class>com.kms.katalon.core.logging.XmlKeywordLogger</class>
  <method>logMessage</method>
  <thread>1</thread>
  <message>Test Cases/hr</message>
  <nestedLevel>1</nestedLevel>
</record>
<record>
  <date>2019-07-17T18:35:12</date>
  <millis>1563359712728</millis>
  <sequence>173</sequence>
  <level>END</level>
  <class>com.kms.katalon.core.logging.XmlKeywordLogger</class>
  <method>endTest</method>
  <thread>1</thread>
  <message>End Test Case : Test Cases/hr</message>
  <nestedLevel>0</nestedLevel>
</record>
<record>
  <date>2019-07-17T18:35:12</date>
  <millis>1563359712809</millis>
  <sequence>174</sequence>
  <level>END</level>
  <class>com.kms.katalon.core.logging.XmlKeywordLogger</class>
  <method>endSuite</method>
  <thread>1</thread>
  <message>End Test Suite : Test Suites/hr</message>
  <nestedLevel>0</nestedLevel>
</record>
</log>
